<?xml version="1.0" encoding="UTF-8"?>
<testsuites name="pembukuanAPI" time="399.68" tests="2" failures="0" errors="0">
   <testsuite name="pembukuanAPI" tests="2" failures="0" errors="0" time="399.68" skipped="0" timestamp="2026-06-17T06:49:12.261Z" hostname="ACER - DESKTOP-RC89JE8" id="Test Suites/API/Pembukuan/pembukuanAPI">
      <properties>
         <property name="deviceName" value=""/>
         <property name="devicePlatform"/>
         <property name="logFolder" value="C:\\Users\\ACER\\git\\AutoAPI\\Reports\\20260617_134858\\API\\Pembukuan\\pembukuanAPI\\20260617_134858"/>
         <property name="logFiles" value="C:\\Users\\ACER\\git\\AutoAPI\\Reports\\20260617_134858\\API\\Pembukuan\\pembukuanAPI\\20260617_134858\\console0.log, C:\\Users\\ACER\\git\\AutoAPI\\Reports\\20260617_134858\\API\\Pembukuan\\pembukuanAPI\\20260617_134858\\execution0.log"/>
         <property name="attachments" value=""/>
         <property name="userFullName" value="Quality Assurance"/>
         <property name="hostName" value="ACER - DESKTOP-RC89JE8"/>
         <property name="hostAddress" value="10.1.48.125"/>
         <property name="projectName" value="AutoAPI"/>
         <property name="os" value="Windows 10 64bit"/>
         <property name="katalonVersion" value="10.3.1.0"/>
      </properties>
      <testcase name="Test Cases/API/CoveringValidation/CovVal_26688" time="306.136" classname="Test Cases/API/CoveringValidation/CovVal_26688" status="PASSED">
         <system-out><![CDATA[17-06-2026T13:49:14 - [TEST_CASE][PASSED] - Test Cases/API/CoveringValidation/CovVal_26688: Test Cases/API/CoveringValidation/CovVal_26688

17-06-2026T13:49:16 - [TEST_STEP][PASSED] - data = findTestData("Data Files/CoveringValidation/CoveringVal"): null

17-06-2026T13:49:18 - [TEST_STEP][PASSED] - totalRow = data.getRowNumbers(): null

17-06-2026T13:49:18 - [TEST_STEP][PASSED] - println("Total Data : " + totalRow): null

17-06-2026T13:49:18 - [TEST_STEP][PASSED] - for ([row = 1, row <= totalRow, (row++)]): null

17-06-2026T13:49:18 - [TEST_STEP][PASSED] - unikKey = data.getValue("ChannelUniqueKeyId", row): null

17-06-2026T13:49:18 - [TEST_STEP][PASSED] - requestId = currentTimeMillis().toString() + row: null

17-06-2026T13:49:19 - [TEST_STEP][PASSED] - response = sendRequest(findTestObject("API/Posts/CoveringValidation/CovVal_26688", ["ChannelUniqueKeyId":unikKey])): Send request successfully

17-06-2026T13:49:26 - [MESSAGE][INFO] - HAR: C:\Users\ACER\git\AutoAPI\Reports\20260617_134858\API\Pembukuan\pembukuanAPI\20260617_134858\requests\main\CovVal_26688_0.har

17-06-2026T13:49:27 - [MESSAGE][PASSED] - Send request successfully

17-06-2026T13:49:27 - [TEST_STEP][PASSED] - println("=============================="): null

17-06-2026T13:49:27 - [TEST_STEP][PASSED] - println("Row                : " + row): null

17-06-2026T13:49:27 - [TEST_STEP][PASSED] - println("Channel Unique Key Id     : " + unikKey): null

17-06-2026T13:49:27 - [TEST_STEP][PASSED] - println("HTTP Status        : " + response.getStatusCode()): null

17-06-2026T13:49:27 - [TEST_STEP][PASSED] - println("Response Body      : " + response.getResponseBodyContent()): null

17-06-2026T13:49:27 - [TEST_STEP][PASSED] - unikKey = data.getValue("ChannelUniqueKeyId", row): null

17-06-2026T13:49:27 - [TEST_STEP][PASSED] - requestId = currentTimeMillis().toString() + row: null

17-06-2026T13:49:27 - [TEST_STEP][PASSED] - response = sendRequest(findTestObject("API/Posts/CoveringValidation/CovVal_26688", ["ChannelUniqueKeyId":unikKey])): Send request successfully

17-06-2026T13:49:30 - [MESSAGE][INFO] - HAR: C:\Users\ACER\git\AutoAPI\Reports\20260617_134858\API\Pembukuan\pembukuanAPI\20260617_134858\requests\main\CovVal_26688_1.har

17-06-2026T13:49:30 - [MESSAGE][PASSED] - Send request successfully

17-06-2026T13:49:30 - [TEST_STEP][PASSED] - println("=============================="): null

17-06-2026T13:49:30 - [TEST_STEP][PASSED] - println("Row                : " + row): null

17-06-2026T13:49:30 - [TEST_STEP][PASSED] - println("Channel Unique Key Id     : " + unikKey): null

17-06-2026T13:49:30 - [TEST_STEP][PASSED] - println("HTTP Status        : " + response.getStatusCode()): null

17-06-2026T13:49:30 - [TEST_STEP][PASSED] - println("Response Body      : " + response.getResponseBodyContent()): null

17-06-2026T13:49:30 - [TEST_STEP][PASSED] - unikKey = data.getValue("ChannelUniqueKeyId", row): null

17-06-2026T13:49:30 - [TEST_STEP][PASSED] - requestId = currentTimeMillis().toString() + row: null

17-06-2026T13:49:30 - [TEST_STEP][PASSED] - response = sendRequest(findTestObject("API/Posts/CoveringValidation/CovVal_26688", ["ChannelUniqueKeyId":unikKey])): Send request successfully

17-06-2026T13:49:33 - [MESSAGE][INFO] - HAR: C:\Users\ACER\git\AutoAPI\Reports\20260617_134858\API\Pembukuan\pembukuanAPI\20260617_134858\requests\main\CovVal_26688_2.har

17-06-2026T13:49:33 - [MESSAGE][PASSED] - Send request successfully

17-06-2026T13:49:33 - [TEST_STEP][PASSED] - println("=============================="): null

17-06-2026T13:49:33 - [TEST_STEP][PASSED] - println("Row                : " + row): null

17-06-2026T13:49:33 - [TEST_STEP][PASSED] - println("Channel Unique Key Id     : " + unikKey): null

17-06-2026T13:49:33 - [TEST_STEP][PASSED] - println("HTTP Status        : " + response.getStatusCode()): null

17-06-2026T13:49:33 - [TEST_STEP][PASSED] - println("Response Body      : " + response.getResponseBodyContent()): null

17-06-2026T13:49:33 - [TEST_STEP][PASSED] - unikKey = data.getValue("ChannelUniqueKeyId", row): null

17-06-2026T13:49:33 - [TEST_STEP][PASSED] - requestId = currentTimeMillis().toString() + row: null

17-06-2026T13:49:33 - [TEST_STEP][PASSED] - response = sendRequest(findTestObject("API/Posts/CoveringValidation/CovVal_26688", ["ChannelUniqueKeyId":unikKey])): Send request successfully

17-06-2026T13:49:36 - [MESSAGE][INFO] - HAR: C:\Users\ACER\git\AutoAPI\Reports\20260617_134858\API\Pembukuan\pembukuanAPI\20260617_134858\requests\main\CovVal_26688_3.har

17-06-2026T13:49:36 - [MESSAGE][PASSED] - Send request successfully

17-06-2026T13:49:36 - [TEST_STEP][PASSED] - println("=============================="): null

17-06-2026T13:49:36 - [TEST_STEP][PASSED] - println("Row                : " + row): null

17-06-2026T13:49:36 - [TEST_STEP][PASSED] - println("Channel Unique Key Id     : " + unikKey): null

17-06-2026T13:49:36 - [TEST_STEP][PASSED] - println("HTTP Status        : " + response.getStatusCode()): null

17-06-2026T13:49:36 - [TEST_STEP][PASSED] - println("Response Body      : " + response.getResponseBodyContent()): null

17-06-2026T13:49:36 - [TEST_STEP][PASSED] - unikKey = data.getValue("ChannelUniqueKeyId", row): null

17-06-2026T13:49:36 - [TEST_STEP][PASSED] - requestId = currentTimeMillis().toString() + row: null

17-06-2026T13:49:36 - [TEST_STEP][PASSED] - response = sendRequest(findTestObject("API/Posts/CoveringValidation/CovVal_26688", ["ChannelUniqueKeyId":unikKey])): Send request successfully

17-06-2026T13:49:39 - [MESSAGE][INFO] - HAR: C:\Users\ACER\git\AutoAPI\Reports\20260617_134858\API\Pembukuan\pembukuanAPI\20260617_134858\requests\main\CovVal_26688_4.har

17-06-2026T13:49:39 - [MESSAGE][PASSED] - Send request successfully

17-06-2026T13:49:39 - [TEST_STEP][PASSED] - println("=============================="): null

17-06-2026T13:49:39 - [TEST_STEP][PASSED] - println("Row                : " + row): null

17-06-2026T13:49:39 - [TEST_STEP][PASSED] - println("Channel Unique Key Id     : " + unikKey): null

17-06-2026T13:49:39 - [TEST_STEP][PASSED] - println("HTTP Status        : " + response.getStatusCode()): null

17-06-2026T13:49:39 - [TEST_STEP][PASSED] - println("Response Body      : " + response.getResponseBodyContent()): null

17-06-2026T13:49:39 - [TEST_STEP][PASSED] - unikKey = data.getValue("ChannelUniqueKeyId", row): null

17-06-2026T13:49:39 - [TEST_STEP][PASSED] - requestId = currentTimeMillis().toString() + row: null

17-06-2026T13:49:39 - [TEST_STEP][PASSED] - response = sendRequest(findTestObject("API/Posts/CoveringValidation/CovVal_26688", ["ChannelUniqueKeyId":unikKey])): Send request successfully

17-06-2026T13:49:42 - [MESSAGE][INFO] - HAR: C:\Users\ACER\git\AutoAPI\Reports\20260617_134858\API\Pembukuan\pembukuanAPI\20260617_134858\requests\main\CovVal_26688_5.har

17-06-2026T13:49:42 - [MESSAGE][PASSED] - Send request successfully

17-06-2026T13:49:42 - [TEST_STEP][PASSED] - println("=============================="): null

17-06-2026T13:49:42 - [TEST_STEP][PASSED] - println("Row                : " + row): null

17-06-2026T13:49:42 - [TEST_STEP][PASSED] - println("Channel Unique Key Id     : " + unikKey): null

17-06-2026T13:49:42 - [TEST_STEP][PASSED] - println("HTTP Status        : " + response.getStatusCode()): null

17-06-2026T13:49:42 - [TEST_STEP][PASSED] - println("Response Body      : " + response.getResponseBodyContent()): null

17-06-2026T13:49:42 - [TEST_STEP][PASSED] - unikKey = data.getValue("ChannelUniqueKeyId", row): null

17-06-2026T13:49:42 - [TEST_STEP][PASSED] - requestId = currentTimeMillis().toString() + row: null

17-06-2026T13:49:42 - [TEST_STEP][PASSED] - response = sendRequest(findTestObject("API/Posts/CoveringValidation/CovVal_26688", ["ChannelUniqueKeyId":unikKey])): Send request successfully

17-06-2026T13:49:45 - [MESSAGE][INFO] - HAR: C:\Users\ACER\git\AutoAPI\Reports\20260617_134858\API\Pembukuan\pembukuanAPI\20260617_134858\requests\main\CovVal_26688_6.har

17-06-2026T13:49:45 - [MESSAGE][PASSED] - Send request successfully

17-06-2026T13:49:45 - [TEST_STEP][PASSED] - println("=============================="): null

17-06-2026T13:49:45 - [TEST_STEP][PASSED] - println("Row                : " + row): null

17-06-2026T13:49:45 - [TEST_STEP][PASSED] - println("Channel Unique Key Id     : " + unikKey): null

17-06-2026T13:49:45 - [TEST_STEP][PASSED] - println("HTTP Status        : " + response.getStatusCode()): null

17-06-2026T13:49:45 - [TEST_STEP][PASSED] - println("Response Body      : " + response.getResponseBodyContent()): null

17-06-2026T13:49:45 - [TEST_STEP][PASSED] - unikKey = data.getValue("ChannelUniqueKeyId", row): null

17-06-2026T13:49:45 - [TEST_STEP][PASSED] - requestId = currentTimeMillis().toString() + row: null

17-06-2026T13:49:45 - [TEST_STEP][PASSED] - response = sendRequest(findTestObject("API/Posts/CoveringValidation/CovVal_26688", ["ChannelUniqueKeyId":unikKey])): Send request successfully

17-06-2026T13:49:48 - [MESSAGE][INFO] - HAR: C:\Users\ACER\git\AutoAPI\Reports\20260617_134858\API\Pembukuan\pembukuanAPI\20260617_134858\requests\main\CovVal_26688_7.har

17-06-2026T13:49:48 - [MESSAGE][PASSED] - Send request successfully

17-06-2026T13:49:48 - [TEST_STEP][PASSED] - println("=============================="): null

17-06-2026T13:49:48 - [TEST_STEP][PASSED] - println("Row                : " + row): null

17-06-2026T13:49:48 - [TEST_STEP][PASSED] - println("Channel Unique Key Id     : " + unikKey): null

17-06-2026T13:49:48 - [TEST_STEP][PASSED] - println("HTTP Status        : " + response.getStatusCode()): null

17-06-2026T13:49:48 - [TEST_STEP][PASSED] - println("Response Body      : " + response.getResponseBodyContent()): null

17-06-2026T13:49:48 - [TEST_STEP][PASSED] - unikKey = data.getValue("ChannelUniqueKeyId", row): null

17-06-2026T13:49:48 - [TEST_STEP][PASSED] - requestId = currentTimeMillis().toString() + row: null

17-06-2026T13:49:48 - [TEST_STEP][PASSED] - response = sendRequest(findTestObject("API/Posts/CoveringValidation/CovVal_26688", ["ChannelUniqueKeyId":unikKey])): Send request successfully

17-06-2026T13:49:50 - [MESSAGE][INFO] - HAR: C:\Users\ACER\git\AutoAPI\Reports\20260617_134858\API\Pembukuan\pembukuanAPI\20260617_134858\requests\main\CovVal_26688_8.har

17-06-2026T13:49:50 - [MESSAGE][PASSED] - Send request successfully

17-06-2026T13:49:50 - [TEST_STEP][PASSED] - println("=============================="): null

17-06-2026T13:49:50 - [TEST_STEP][PASSED] - println("Row                : " + row): null

17-06-2026T13:49:50 - [TEST_STEP][PASSED] - println("Channel Unique Key Id     : " + unikKey): null

17-06-2026T13:49:50 - [TEST_STEP][PASSED] - println("HTTP Status        : " + response.getStatusCode()): null

17-06-2026T13:49:50 - [TEST_STEP][PASSED] - println("Response Body      : " + response.getResponseBodyContent()): null

17-06-2026T13:49:50 - [TEST_STEP][PASSED] - unikKey = data.getValue("ChannelUniqueKeyId", row): null

17-06-2026T13:49:50 - [TEST_STEP][PASSED] - requestId = currentTimeMillis().toString() + row: null

17-06-2026T13:49:50 - [TEST_STEP][PASSED] - response = sendRequest(findTestObject("API/Posts/CoveringValidation/CovVal_26688", ["ChannelUniqueKeyId":unikKey])): Send request successfully

17-06-2026T13:49:53 - [MESSAGE][INFO] - HAR: C:\Users\ACER\git\AutoAPI\Reports\20260617_134858\API\Pembukuan\pembukuanAPI\20260617_134858\requests\main\CovVal_26688_9.har

17-06-2026T13:49:53 - [MESSAGE][PASSED] - Send request successfully

17-06-2026T13:49:53 - [TEST_STEP][PASSED] - println("=============================="): null

17-06-2026T13:49:53 - [TEST_STEP][PASSED] - println("Row                : " + row): null

17-06-2026T13:49:53 - [TEST_STEP][PASSED] - println("Channel Unique Key Id     : " + unikKey): null

17-06-2026T13:49:53 - [TEST_STEP][PASSED] - println("HTTP Status        : " + response.getStatusCode()): null

17-06-2026T13:49:53 - [TEST_STEP][PASSED] - println("Response Body      : " + response.getResponseBodyContent()): null

17-06-2026T13:49:53 - [TEST_STEP][PASSED] - unikKey = data.getValue("ChannelUniqueKeyId", row): null

17-06-2026T13:49:53 - [TEST_STEP][PASSED] - requestId = currentTimeMillis().toString() + row: null

17-06-2026T13:49:53 - [TEST_STEP][PASSED] - response = sendRequest(findTestObject("API/Posts/CoveringValidation/CovVal_26688", ["ChannelUniqueKeyId":unikKey])): Send request successfully

17-06-2026T13:49:56 - [MESSAGE][INFO] - HAR: C:\Users\ACER\git\AutoAPI\Reports\20260617_134858\API\Pembukuan\pembukuanAPI\20260617_134858\requests\main\CovVal_26688_10.har

17-06-2026T13:49:56 - [MESSAGE][PASSED] - Send request successfully

17-06-2026T13:49:56 - [TEST_STEP][PASSED] - println("=============================="): null

17-06-2026T13:49:56 - [TEST_STEP][PASSED] - println("Row                : " + row): null

17-06-2026T13:49:56 - [TEST_STEP][PASSED] - println("Channel Unique Key Id     : " + unikKey): null

17-06-2026T13:49:56 - [TEST_STEP][PASSED] - println("HTTP Status        : " + response.getStatusCode()): null

17-06-2026T13:49:56 - [TEST_STEP][PASSED] - println("Response Body      : " + response.getResponseBodyContent()): null

17-06-2026T13:49:56 - [TEST_STEP][PASSED] - unikKey = data.getValue("ChannelUniqueKeyId", row): null

17-06-2026T13:49:56 - [TEST_STEP][PASSED] - requestId = currentTimeMillis().toString() + row: null

17-06-2026T13:49:56 - [TEST_STEP][PASSED] - response = sendRequest(findTestObject("API/Posts/CoveringValidation/CovVal_26688", ["ChannelUniqueKeyId":unikKey])): Send request successfully

17-06-2026T13:49:59 - [MESSAGE][INFO] - HAR: C:\Users\ACER\git\AutoAPI\Reports\20260617_134858\API\Pembukuan\pembukuanAPI\20260617_134858\requests\main\CovVal_26688_11.har

17-06-2026T13:49:59 - [MESSAGE][PASSED] - Send request successfully

17-06-2026T13:49:59 - [TEST_STEP][PASSED] - println("=============================="): null

17-06-2026T13:49:59 - [TEST_STEP][PASSED] - println("Row                : " + row): null

17-06-2026T13:49:59 - [TEST_STEP][PASSED] - println("Channel Unique Key Id     : " + unikKey): null

17-06-2026T13:49:59 - [TEST_STEP][PASSED] - println("HTTP Status        : " + response.getStatusCode()): null

17-06-2026T13:49:59 - [TEST_STEP][PASSED] - println("Response Body      : " + response.getResponseBodyContent()): null

17-06-2026T13:49:59 - [TEST_STEP][PASSED] - unikKey = data.getValue("ChannelUniqueKeyId", row): null

17-06-2026T13:49:59 - [TEST_STEP][PASSED] - requestId = currentTimeMillis().toString() + row: null

17-06-2026T13:49:59 - [TEST_STEP][PASSED] - response = sendRequest(findTestObject("API/Posts/CoveringValidation/CovVal_26688", ["ChannelUniqueKeyId":unikKey])): Send request successfully

17-06-2026T13:50:02 - [MESSAGE][INFO] - HAR: C:\Users\ACER\git\AutoAPI\Reports\20260617_134858\API\Pembukuan\pembukuanAPI\20260617_134858\requests\main\CovVal_26688_12.har

17-06-2026T13:50:02 - [MESSAGE][PASSED] - Send request successfully

17-06-2026T13:50:02 - [TEST_STEP][PASSED] - println("=============================="): null

17-06-2026T13:50:02 - [TEST_STEP][PASSED] - println("Row                : " + row): null

17-06-2026T13:50:02 - [TEST_STEP][PASSED] - println("Channel Unique Key Id     : " + unikKey): null

17-06-2026T13:50:02 - [TEST_STEP][PASSED] - println("HTTP Status        : " + response.getStatusCode()): null

17-06-2026T13:50:02 - [TEST_STEP][PASSED] - println("Response Body      : " + response.getResponseBodyContent()): null

17-06-2026T13:50:02 - [TEST_STEP][PASSED] - unikKey = data.getValue("ChannelUniqueKeyId", row): null

17-06-2026T13:50:02 - [TEST_STEP][PASSED] - requestId = currentTimeMillis().toString() + row: null

17-06-2026T13:50:02 - [TEST_STEP][PASSED] - response = sendRequest(findTestObject("API/Posts/CoveringValidation/CovVal_26688", ["ChannelUniqueKeyId":unikKey])): Send request successfully

17-06-2026T13:50:05 - [MESSAGE][INFO] - HAR: C:\Users\ACER\git\AutoAPI\Reports\20260617_134858\API\Pembukuan\pembukuanAPI\20260617_134858\requests\main\CovVal_26688_13.har

17-06-2026T13:50:05 - [MESSAGE][PASSED] - Send request successfully

17-06-2026T13:50:05 - [TEST_STEP][PASSED] - println("=============================="): null

17-06-2026T13:50:05 - [TEST_STEP][PASSED] - println("Row                : " + row): null

17-06-2026T13:50:05 - [TEST_STEP][PASSED] - println("Channel Unique Key Id     : " + unikKey): null

17-06-2026T13:50:05 - [TEST_STEP][PASSED] - println("HTTP Status        : " + response.getStatusCode()): null

17-06-2026T13:50:05 - [TEST_STEP][PASSED] - println("Response Body      : " + response.getResponseBodyContent()): null

17-06-2026T13:50:05 - [TEST_STEP][PASSED] - unikKey = data.getValue("ChannelUniqueKeyId", row): null

17-06-2026T13:50:05 - [TEST_STEP][PASSED] - requestId = currentTimeMillis().toString() + row: null

17-06-2026T13:50:05 - [TEST_STEP][PASSED] - response = sendRequest(findTestObject("API/Posts/CoveringValidation/CovVal_26688", ["ChannelUniqueKeyId":unikKey])): Send request successfully

17-06-2026T13:50:08 - [MESSAGE][INFO] - HAR: C:\Users\ACER\git\AutoAPI\Reports\20260617_134858\API\Pembukuan\pembukuanAPI\20260617_134858\requests\main\CovVal_26688_14.har

17-06-2026T13:50:08 - [MESSAGE][PASSED] - Send request successfully

17-06-2026T13:50:08 - [TEST_STEP][PASSED] - println("=============================="): null

17-06-2026T13:50:08 - [TEST_STEP][PASSED] - println("Row                : " + row): null

17-06-2026T13:50:08 - [TEST_STEP][PASSED] - println("Channel Unique Key Id     : " + unikKey): null

17-06-2026T13:50:08 - [TEST_STEP][PASSED] - println("HTTP Status        : " + response.getStatusCode()): null

17-06-2026T13:50:08 - [TEST_STEP][PASSED] - println("Response Body      : " + response.getResponseBodyContent()): null

17-06-2026T13:50:08 - [TEST_STEP][PASSED] - unikKey = data.getValue("ChannelUniqueKeyId", row): null

17-06-2026T13:50:08 - [TEST_STEP][PASSED] - requestId = currentTimeMillis().toString() + row: null

17-06-2026T13:50:08 - [TEST_STEP][PASSED] - response = sendRequest(findTestObject("API/Posts/CoveringValidation/CovVal_26688", ["ChannelUniqueKeyId":unikKey])): Send request successfully

17-06-2026T13:50:12 - [MESSAGE][INFO] - HAR: C:\Users\ACER\git\AutoAPI\Reports\20260617_134858\API\Pembukuan\pembukuanAPI\20260617_134858\requests\main\CovVal_26688_15.har

17-06-2026T13:50:12 - [MESSAGE][PASSED] - Send request successfully

17-06-2026T13:50:12 - [TEST_STEP][PASSED] - println("=============================="): null

17-06-2026T13:50:12 - [TEST_STEP][PASSED] - println("Row                : " + row): null

17-06-2026T13:50:12 - [TEST_STEP][PASSED] - println("Channel Unique Key Id     : " + unikKey): null

17-06-2026T13:50:12 - [TEST_STEP][PASSED] - println("HTTP Status        : " + response.getStatusCode()): null

17-06-2026T13:50:12 - [TEST_STEP][PASSED] - println("Response Body      : " + response.getResponseBodyContent()): null

17-06-2026T13:50:12 - [TEST_STEP][PASSED] - unikKey = data.getValue("ChannelUniqueKeyId", row): null

17-06-2026T13:50:12 - [TEST_STEP][PASSED] - requestId = currentTimeMillis().toString() + row: null

17-06-2026T13:50:12 - [TEST_STEP][PASSED] - response = sendRequest(findTestObject("API/Posts/CoveringValidation/CovVal_26688", ["ChannelUniqueKeyId":unikKey])): Send request successfully

17-06-2026T13:50:14 - [MESSAGE][INFO] - HAR: C:\Users\ACER\git\AutoAPI\Reports\20260617_134858\API\Pembukuan\pembukuanAPI\20260617_134858\requests\main\CovVal_26688_16.har

17-06-2026T13:50:14 - [MESSAGE][PASSED] - Send request successfully

17-06-2026T13:50:14 - [TEST_STEP][PASSED] - println("=============================="): null

17-06-2026T13:50:14 - [TEST_STEP][PASSED] - println("Row                : " + row): null

17-06-2026T13:50:14 - [TEST_STEP][PASSED] - println("Channel Unique Key Id     : " + unikKey): null

17-06-2026T13:50:14 - [TEST_STEP][PASSED] - println("HTTP Status        : " + response.getStatusCode()): null

17-06-2026T13:50:14 - [TEST_STEP][PASSED] - println("Response Body      : " + response.getResponseBodyContent()): null

17-06-2026T13:50:14 - [TEST_STEP][PASSED] - unikKey = data.getValue("ChannelUniqueKeyId", row): null

17-06-2026T13:50:14 - [TEST_STEP][PASSED] - requestId = currentTimeMillis().toString() + row: null

17-06-2026T13:50:14 - [TEST_STEP][PASSED] - response = sendRequest(findTestObject("API/Posts/CoveringValidation/CovVal_26688", ["ChannelUniqueKeyId":unikKey])): Send request successfully

17-06-2026T13:50:17 - [MESSAGE][INFO] - HAR: C:\Users\ACER\git\AutoAPI\Reports\20260617_134858\API\Pembukuan\pembukuanAPI\20260617_134858\requests\main\CovVal_26688_17.har

17-06-2026T13:50:17 - [MESSAGE][PASSED] - Send request successfully

17-06-2026T13:50:17 - [TEST_STEP][PASSED] - println("=============================="): null

17-06-2026T13:50:17 - [TEST_STEP][PASSED] - println("Row                : " + row): null

17-06-2026T13:50:17 - [TEST_STEP][PASSED] - println("Channel Unique Key Id     : " + unikKey): null

17-06-2026T13:50:17 - [TEST_STEP][PASSED] - println("HTTP Status        : " + response.getStatusCode()): null

17-06-2026T13:50:17 - [TEST_STEP][PASSED] - println("Response Body      : " + response.getResponseBodyContent()): null

17-06-2026T13:50:17 - [TEST_STEP][PASSED] - unikKey = data.getValue("ChannelUniqueKeyId", row): null

17-06-2026T13:50:17 - [TEST_STEP][PASSED] - requestId = currentTimeMillis().toString() + row: null

17-06-2026T13:50:17 - [TEST_STEP][PASSED] - response = sendRequest(findTestObject("API/Posts/CoveringValidation/CovVal_26688", ["ChannelUniqueKeyId":unikKey])): Send request successfully

17-06-2026T13:50:20 - [MESSAGE][INFO] - HAR: C:\Users\ACER\git\AutoAPI\Reports\20260617_134858\API\Pembukuan\pembukuanAPI\20260617_134858\requests\main\CovVal_26688_18.har

17-06-2026T13:50:20 - [MESSAGE][PASSED] - Send request successfully

17-06-2026T13:50:20 - [TEST_STEP][PASSED] - println("=============================="): null

17-06-2026T13:50:20 - [TEST_STEP][PASSED] - println("Row                : " + row): null

17-06-2026T13:50:20 - [TEST_STEP][PASSED] - println("Channel Unique Key Id     : " + unikKey): null

17-06-2026T13:50:20 - [TEST_STEP][PASSED] - println("HTTP Status        : " + response.getStatusCode()): null

17-06-2026T13:50:20 - [TEST_STEP][PASSED] - println("Response Body      : " + response.getResponseBodyContent()): null

17-06-2026T13:50:20 - [TEST_STEP][PASSED] - unikKey = data.getValue("ChannelUniqueKeyId", row): null

17-06-2026T13:50:20 - [TEST_STEP][PASSED] - requestId = currentTimeMillis().toString() + row: null

17-06-2026T13:50:20 - [TEST_STEP][PASSED] - response = sendRequest(findTestObject("API/Posts/CoveringValidation/CovVal_26688", ["ChannelUniqueKeyId":unikKey])): Send request successfully

17-06-2026T13:50:23 - [MESSAGE][INFO] - HAR: C:\Users\ACER\git\AutoAPI\Reports\20260617_134858\API\Pembukuan\pembukuanAPI\20260617_134858\requests\main\CovVal_26688_19.har

17-06-2026T13:50:23 - [MESSAGE][PASSED] - Send request successfully

17-06-2026T13:50:23 - [TEST_STEP][PASSED] - println("=============================="): null

17-06-2026T13:50:23 - [TEST_STEP][PASSED] - println("Row                : " + row): null

17-06-2026T13:50:23 - [TEST_STEP][PASSED] - println("Channel Unique Key Id     : " + unikKey): null

17-06-2026T13:50:23 - [TEST_STEP][PASSED] - println("HTTP Status        : " + response.getStatusCode()): null

17-06-2026T13:50:23 - [TEST_STEP][PASSED] - println("Response Body      : " + response.getResponseBodyContent()): null

17-06-2026T13:50:23 - [TEST_STEP][PASSED] - unikKey = data.getValue("ChannelUniqueKeyId", row): null

17-06-2026T13:50:23 - [TEST_STEP][PASSED] - requestId = currentTimeMillis().toString() + row: null

17-06-2026T13:50:23 - [TEST_STEP][PASSED] - response = sendRequest(findTestObject("API/Posts/CoveringValidation/CovVal_26688", ["ChannelUniqueKeyId":unikKey])): Send request successfully

17-06-2026T13:50:26 - [MESSAGE][INFO] - HAR: C:\Users\ACER\git\AutoAPI\Reports\20260617_134858\API\Pembukuan\pembukuanAPI\20260617_134858\requests\main\CovVal_26688_20.har

17-06-2026T13:50:26 - [MESSAGE][PASSED] - Send request successfully

17-06-2026T13:50:26 - [TEST_STEP][PASSED] - println("=============================="): null

17-06-2026T13:50:26 - [TEST_STEP][PASSED] - println("Row                : " + row): null

17-06-2026T13:50:26 - [TEST_STEP][PASSED] - println("Channel Unique Key Id     : " + unikKey): null

17-06-2026T13:50:26 - [TEST_STEP][PASSED] - println("HTTP Status        : " + response.getStatusCode()): null

17-06-2026T13:50:26 - [TEST_STEP][PASSED] - println("Response Body      : " + response.getResponseBodyContent()): null

17-06-2026T13:50:26 - [TEST_STEP][PASSED] - unikKey = data.getValue("ChannelUniqueKeyId", row): null

17-06-2026T13:50:26 - [TEST_STEP][PASSED] - requestId = currentTimeMillis().toString() + row: null

17-06-2026T13:50:26 - [TEST_STEP][PASSED] - response = sendRequest(findTestObject("API/Posts/CoveringValidation/CovVal_26688", ["ChannelUniqueKeyId":unikKey])): Send request successfully

17-06-2026T13:50:29 - [MESSAGE][INFO] - HAR: C:\Users\ACER\git\AutoAPI\Reports\20260617_134858\API\Pembukuan\pembukuanAPI\20260617_134858\requests\main\CovVal_26688_21.har

17-06-2026T13:50:29 - [MESSAGE][PASSED] - Send request successfully

17-06-2026T13:50:29 - [TEST_STEP][PASSED] - println("=============================="): null

17-06-2026T13:50:29 - [TEST_STEP][PASSED] - println("Row                : " + row): null

17-06-2026T13:50:29 - [TEST_STEP][PASSED] - println("Channel Unique Key Id     : " + unikKey): null

17-06-2026T13:50:29 - [TEST_STEP][PASSED] - println("HTTP Status        : " + response.getStatusCode()): null

17-06-2026T13:50:29 - [TEST_STEP][PASSED] - println("Response Body      : " + response.getResponseBodyContent()): null

17-06-2026T13:50:29 - [TEST_STEP][PASSED] - unikKey = data.getValue("ChannelUniqueKeyId", row): null

17-06-2026T13:50:29 - [TEST_STEP][PASSED] - requestId = currentTimeMillis().toString() + row: null

17-06-2026T13:50:29 - [TEST_STEP][PASSED] - response = sendRequest(findTestObject("API/Posts/CoveringValidation/CovVal_26688", ["ChannelUniqueKeyId":unikKey])): Send request successfully

17-06-2026T13:50:32 - [MESSAGE][INFO] - HAR: C:\Users\ACER\git\AutoAPI\Reports\20260617_134858\API\Pembukuan\pembukuanAPI\20260617_134858\requests\main\CovVal_26688_22.har

17-06-2026T13:50:32 - [MESSAGE][PASSED] - Send request successfully

17-06-2026T13:50:32 - [TEST_STEP][PASSED] - println("=============================="): null

17-06-2026T13:50:32 - [TEST_STEP][PASSED] - println("Row                : " + row): null

17-06-2026T13:50:32 - [TEST_STEP][PASSED] - println("Channel Unique Key Id     : " + unikKey): null

17-06-2026T13:50:32 - [TEST_STEP][PASSED] - println("HTTP Status        : " + response.getStatusCode()): null

17-06-2026T13:50:32 - [TEST_STEP][PASSED] - println("Response Body      : " + response.getResponseBodyContent()): null

17-06-2026T13:50:32 - [TEST_STEP][PASSED] - unikKey = data.getValue("ChannelUniqueKeyId", row): null

17-06-2026T13:50:32 - [TEST_STEP][PASSED] - requestId = currentTimeMillis().toString() + row: null

17-06-2026T13:50:32 - [TEST_STEP][PASSED] - response = sendRequest(findTestObject("API/Posts/CoveringValidation/CovVal_26688", ["ChannelUniqueKeyId":unikKey])): Send request successfully

17-06-2026T13:50:35 - [MESSAGE][INFO] - HAR: C:\Users\ACER\git\AutoAPI\Reports\20260617_134858\API\Pembukuan\pembukuanAPI\20260617_134858\requests\main\CovVal_26688_23.har

17-06-2026T13:50:35 - [MESSAGE][PASSED] - Send request successfully

17-06-2026T13:50:35 - [TEST_STEP][PASSED] - println("=============================="): null

17-06-2026T13:50:35 - [TEST_STEP][PASSED] - println("Row                : " + row): null

17-06-2026T13:50:35 - [TEST_STEP][PASSED] - println("Channel Unique Key Id     : " + unikKey): null

17-06-2026T13:50:35 - [TEST_STEP][PASSED] - println("HTTP Status        : " + response.getStatusCode()): null

17-06-2026T13:50:35 - [TEST_STEP][PASSED] - println("Response Body      : " + response.getResponseBodyContent()): null

17-06-2026T13:50:35 - [TEST_STEP][PASSED] - unikKey = data.getValue("ChannelUniqueKeyId", row): null

17-06-2026T13:50:35 - [TEST_STEP][PASSED] - requestId = currentTimeMillis().toString() + row: null

17-06-2026T13:50:35 - [TEST_STEP][PASSED] - response = sendRequest(findTestObject("API/Posts/CoveringValidation/CovVal_26688", ["ChannelUniqueKeyId":unikKey])): Send request successfully

17-06-2026T13:50:38 - [MESSAGE][INFO] - HAR: C:\Users\ACER\git\AutoAPI\Reports\20260617_134858\API\Pembukuan\pembukuanAPI\20260617_134858\requests\main\CovVal_26688_24.har

17-06-2026T13:50:38 - [MESSAGE][PASSED] - Send request successfully

17-06-2026T13:50:38 - [TEST_STEP][PASSED] - println("=============================="): null

17-06-2026T13:50:38 - [TEST_STEP][PASSED] - println("Row                : " + row): null

17-06-2026T13:50:38 - [TEST_STEP][PASSED] - println("Channel Unique Key Id     : " + unikKey): null

17-06-2026T13:50:38 - [TEST_STEP][PASSED] - println("HTTP Status        : " + response.getStatusCode()): null

17-06-2026T13:50:38 - [TEST_STEP][PASSED] - println("Response Body      : " + response.getResponseBodyContent()): null

17-06-2026T13:50:38 - [TEST_STEP][PASSED] - unikKey = data.getValue("ChannelUniqueKeyId", row): null

17-06-2026T13:50:38 - [TEST_STEP][PASSED] - requestId = currentTimeMillis().toString() + row: null

17-06-2026T13:50:38 - [TEST_STEP][PASSED] - response = sendRequest(findTestObject("API/Posts/CoveringValidation/CovVal_26688", ["ChannelUniqueKeyId":unikKey])): Send request successfully

17-06-2026T13:50:41 - [MESSAGE][INFO] - HAR: C:\Users\ACER\git\AutoAPI\Reports\20260617_134858\API\Pembukuan\pembukuanAPI\20260617_134858\requests\main\CovVal_26688_25.har

17-06-2026T13:50:41 - [MESSAGE][PASSED] - Send request successfully

17-06-2026T13:50:41 - [TEST_STEP][PASSED] - println("=============================="): null

17-06-2026T13:50:41 - [TEST_STEP][PASSED] - println("Row                : " + row): null

17-06-2026T13:50:41 - [TEST_STEP][PASSED] - println("Channel Unique Key Id     : " + unikKey): null

17-06-2026T13:50:41 - [TEST_STEP][PASSED] - println("HTTP Status        : " + response.getStatusCode()): null

17-06-2026T13:50:41 - [TEST_STEP][PASSED] - println("Response Body      : " + response.getResponseBodyContent()): null

17-06-2026T13:50:41 - [TEST_STEP][PASSED] - unikKey = data.getValue("ChannelUniqueKeyId", row): null

17-06-2026T13:50:41 - [TEST_STEP][PASSED] - requestId = currentTimeMillis().toString() + row: null

17-06-2026T13:50:41 - [TEST_STEP][PASSED] - response = sendRequest(findTestObject("API/Posts/CoveringValidation/CovVal_26688", ["ChannelUniqueKeyId":unikKey])): Send request successfully

17-06-2026T13:50:44 - [MESSAGE][INFO] - HAR: C:\Users\ACER\git\AutoAPI\Reports\20260617_134858\API\Pembukuan\pembukuanAPI\20260617_134858\requests\main\CovVal_26688_26.har

17-06-2026T13:50:44 - [MESSAGE][PASSED] - Send request successfully

17-06-2026T13:50:44 - [TEST_STEP][PASSED] - println("=============================="): null

17-06-2026T13:50:44 - [TEST_STEP][PASSED] - println("Row                : " + row): null

17-06-2026T13:50:44 - [TEST_STEP][PASSED] - println("Channel Unique Key Id     : " + unikKey): null

17-06-2026T13:50:44 - [TEST_STEP][PASSED] - println("HTTP Status        : " + response.getStatusCode()): null

17-06-2026T13:50:44 - [TEST_STEP][PASSED] - println("Response Body      : " + response.getResponseBodyContent()): null

17-06-2026T13:50:44 - [TEST_STEP][PASSED] - unikKey = data.getValue("ChannelUniqueKeyId", row): null

17-06-2026T13:50:44 - [TEST_STEP][PASSED] - requestId = currentTimeMillis().toString() + row: null

17-06-2026T13:50:44 - [TEST_STEP][PASSED] - response = sendRequest(findTestObject("API/Posts/CoveringValidation/CovVal_26688", ["ChannelUniqueKeyId":unikKey])): Send request successfully

17-06-2026T13:50:47 - [MESSAGE][INFO] - HAR: C:\Users\ACER\git\AutoAPI\Reports\20260617_134858\API\Pembukuan\pembukuanAPI\20260617_134858\requests\main\CovVal_26688_27.har

17-06-2026T13:50:47 - [MESSAGE][PASSED] - Send request successfully

17-06-2026T13:50:47 - [TEST_STEP][PASSED] - println("=============================="): null

17-06-2026T13:50:47 - [TEST_STEP][PASSED] - println("Row                : " + row): null

17-06-2026T13:50:47 - [TEST_STEP][PASSED] - println("Channel Unique Key Id     : " + unikKey): null

17-06-2026T13:50:47 - [TEST_STEP][PASSED] - println("HTTP Status        : " + response.getStatusCode()): null

17-06-2026T13:50:47 - [TEST_STEP][PASSED] - println("Response Body      : " + response.getResponseBodyContent()): null

17-06-2026T13:50:47 - [TEST_STEP][PASSED] - unikKey = data.getValue("ChannelUniqueKeyId", row): null

17-06-2026T13:50:47 - [TEST_STEP][PASSED] - requestId = currentTimeMillis().toString() + row: null

17-06-2026T13:50:47 - [TEST_STEP][PASSED] - response = sendRequest(findTestObject("API/Posts/CoveringValidation/CovVal_26688", ["ChannelUniqueKeyId":unikKey])): Send request successfully

17-06-2026T13:50:50 - [MESSAGE][INFO] - HAR: C:\Users\ACER\git\AutoAPI\Reports\20260617_134858\API\Pembukuan\pembukuanAPI\20260617_134858\requests\main\CovVal_26688_28.har

17-06-2026T13:50:50 - [MESSAGE][PASSED] - Send request successfully

17-06-2026T13:50:50 - [TEST_STEP][PASSED] - println("=============================="): null

17-06-2026T13:50:50 - [TEST_STEP][PASSED] - println("Row                : " + row): null

17-06-2026T13:50:50 - [TEST_STEP][PASSED] - println("Channel Unique Key Id     : " + unikKey): null

17-06-2026T13:50:50 - [TEST_STEP][PASSED] - println("HTTP Status        : " + response.getStatusCode()): null

17-06-2026T13:50:50 - [TEST_STEP][PASSED] - println("Response Body      : " + response.getResponseBodyContent()): null

17-06-2026T13:50:50 - [TEST_STEP][PASSED] - unikKey = data.getValue("ChannelUniqueKeyId", row): null

17-06-2026T13:50:50 - [TEST_STEP][PASSED] - requestId = currentTimeMillis().toString() + row: null

17-06-2026T13:50:50 - [TEST_STEP][PASSED] - response = sendRequest(findTestObject("API/Posts/CoveringValidation/CovVal_26688", ["ChannelUniqueKeyId":unikKey])): Send request successfully

17-06-2026T13:50:53 - [MESSAGE][INFO] - HAR: C:\Users\ACER\git\AutoAPI\Reports\20260617_134858\API\Pembukuan\pembukuanAPI\20260617_134858\requests\main\CovVal_26688_29.har

17-06-2026T13:50:53 - [MESSAGE][PASSED] - Send request successfully

17-06-2026T13:50:53 - [TEST_STEP][PASSED] - println("=============================="): null

17-06-2026T13:50:53 - [TEST_STEP][PASSED] - println("Row                : " + row): null

17-06-2026T13:50:53 - [TEST_STEP][PASSED] - println("Channel Unique Key Id     : " + unikKey): null

17-06-2026T13:50:53 - [TEST_STEP][PASSED] - println("HTTP Status        : " + response.getStatusCode()): null

17-06-2026T13:50:53 - [TEST_STEP][PASSED] - println("Response Body      : " + response.getResponseBodyContent()): null

17-06-2026T13:50:53 - [TEST_STEP][PASSED] - unikKey = data.getValue("ChannelUniqueKeyId", row): null

17-06-2026T13:50:53 - [TEST_STEP][PASSED] - requestId = currentTimeMillis().toString() + row: null

17-06-2026T13:50:53 - [TEST_STEP][PASSED] - response = sendRequest(findTestObject("API/Posts/CoveringValidation/CovVal_26688", ["ChannelUniqueKeyId":unikKey])): Send request successfully

17-06-2026T13:50:56 - [MESSAGE][INFO] - HAR: C:\Users\ACER\git\AutoAPI\Reports\20260617_134858\API\Pembukuan\pembukuanAPI\20260617_134858\requests\main\CovVal_26688_30.har

17-06-2026T13:50:56 - [MESSAGE][PASSED] - Send request successfully

17-06-2026T13:50:56 - [TEST_STEP][PASSED] - println("=============================="): null

17-06-2026T13:50:56 - [TEST_STEP][PASSED] - println("Row                : " + row): null

17-06-2026T13:50:56 - [TEST_STEP][PASSED] - println("Channel Unique Key Id     : " + unikKey): null

17-06-2026T13:50:56 - [TEST_STEP][PASSED] - println("HTTP Status        : " + response.getStatusCode()): null

17-06-2026T13:50:56 - [TEST_STEP][PASSED] - println("Response Body      : " + response.getResponseBodyContent()): null

17-06-2026T13:50:56 - [TEST_STEP][PASSED] - unikKey = data.getValue("ChannelUniqueKeyId", row): null

17-06-2026T13:50:56 - [TEST_STEP][PASSED] - requestId = currentTimeMillis().toString() + row: null

17-06-2026T13:50:56 - [TEST_STEP][PASSED] - response = sendRequest(findTestObject("API/Posts/CoveringValidation/CovVal_26688", ["ChannelUniqueKeyId":unikKey])): Send request successfully

17-06-2026T13:50:59 - [MESSAGE][INFO] - HAR: C:\Users\ACER\git\AutoAPI\Reports\20260617_134858\API\Pembukuan\pembukuanAPI\20260617_134858\requests\main\CovVal_26688_31.har

17-06-2026T13:50:59 - [MESSAGE][PASSED] - Send request successfully

17-06-2026T13:50:59 - [TEST_STEP][PASSED] - println("=============================="): null

17-06-2026T13:50:59 - [TEST_STEP][PASSED] - println("Row                : " + row): null

17-06-2026T13:50:59 - [TEST_STEP][PASSED] - println("Channel Unique Key Id     : " + unikKey): null

17-06-2026T13:50:59 - [TEST_STEP][PASSED] - println("HTTP Status        : " + response.getStatusCode()): null

17-06-2026T13:50:59 - [TEST_STEP][PASSED] - println("Response Body      : " + response.getResponseBodyContent()): null

17-06-2026T13:50:59 - [TEST_STEP][PASSED] - unikKey = data.getValue("ChannelUniqueKeyId", row): null

17-06-2026T13:50:59 - [TEST_STEP][PASSED] - requestId = currentTimeMillis().toString() + row: null

17-06-2026T13:50:59 - [TEST_STEP][PASSED] - response = sendRequest(findTestObject("API/Posts/CoveringValidation/CovVal_26688", ["ChannelUniqueKeyId":unikKey])): Send request successfully

17-06-2026T13:51:02 - [MESSAGE][INFO] - HAR: C:\Users\ACER\git\AutoAPI\Reports\20260617_134858\API\Pembukuan\pembukuanAPI\20260617_134858\requests\main\CovVal_26688_32.har

17-06-2026T13:51:02 - [MESSAGE][PASSED] - Send request successfully

17-06-2026T13:51:02 - [TEST_STEP][PASSED] - println("=============================="): null

17-06-2026T13:51:02 - [TEST_STEP][PASSED] - println("Row                : " + row): null

17-06-2026T13:51:02 - [TEST_STEP][PASSED] - println("Channel Unique Key Id     : " + unikKey): null

17-06-2026T13:51:02 - [TEST_STEP][PASSED] - println("HTTP Status        : " + response.getStatusCode()): null

17-06-2026T13:51:02 - [TEST_STEP][PASSED] - println("Response Body      : " + response.getResponseBodyContent()): null

17-06-2026T13:51:02 - [TEST_STEP][PASSED] - unikKey = data.getValue("ChannelUniqueKeyId", row): null

17-06-2026T13:51:02 - [TEST_STEP][PASSED] - requestId = currentTimeMillis().toString() + row: null

17-06-2026T13:51:02 - [TEST_STEP][PASSED] - response = sendRequest(findTestObject("API/Posts/CoveringValidation/CovVal_26688", ["ChannelUniqueKeyId":unikKey])): Send request successfully

17-06-2026T13:51:05 - [MESSAGE][INFO] - HAR: C:\Users\ACER\git\AutoAPI\Reports\20260617_134858\API\Pembukuan\pembukuanAPI\20260617_134858\requests\main\CovVal_26688_33.har

17-06-2026T13:51:05 - [MESSAGE][PASSED] - Send request successfully

17-06-2026T13:51:05 - [TEST_STEP][PASSED] - println("=============================="): null

17-06-2026T13:51:05 - [TEST_STEP][PASSED] - println("Row                : " + row): null

17-06-2026T13:51:05 - [TEST_STEP][PASSED] - println("Channel Unique Key Id     : " + unikKey): null

17-06-2026T13:51:05 - [TEST_STEP][PASSED] - println("HTTP Status        : " + response.getStatusCode()): null

17-06-2026T13:51:05 - [TEST_STEP][PASSED] - println("Response Body      : " + response.getResponseBodyContent()): null

17-06-2026T13:51:05 - [TEST_STEP][PASSED] - unikKey = data.getValue("ChannelUniqueKeyId", row): null

17-06-2026T13:51:05 - [TEST_STEP][PASSED] - requestId = currentTimeMillis().toString() + row: null

17-06-2026T13:51:05 - [TEST_STEP][PASSED] - response = sendRequest(findTestObject("API/Posts/CoveringValidation/CovVal_26688", ["ChannelUniqueKeyId":unikKey])): Send request successfully

17-06-2026T13:51:08 - [MESSAGE][INFO] - HAR: C:\Users\ACER\git\AutoAPI\Reports\20260617_134858\API\Pembukuan\pembukuanAPI\20260617_134858\requests\main\CovVal_26688_34.har

17-06-2026T13:51:08 - [MESSAGE][PASSED] - Send request successfully

17-06-2026T13:51:08 - [TEST_STEP][PASSED] - println("=============================="): null

17-06-2026T13:51:08 - [TEST_STEP][PASSED] - println("Row                : " + row): null

17-06-2026T13:51:08 - [TEST_STEP][PASSED] - println("Channel Unique Key Id     : " + unikKey): null

17-06-2026T13:51:08 - [TEST_STEP][PASSED] - println("HTTP Status        : " + response.getStatusCode()): null

17-06-2026T13:51:08 - [TEST_STEP][PASSED] - println("Response Body      : " + response.getResponseBodyContent()): null

17-06-2026T13:51:08 - [TEST_STEP][PASSED] - unikKey = data.getValue("ChannelUniqueKeyId", row): null

17-06-2026T13:51:08 - [TEST_STEP][PASSED] - requestId = currentTimeMillis().toString() + row: null

17-06-2026T13:51:08 - [TEST_STEP][PASSED] - response = sendRequest(findTestObject("API/Posts/CoveringValidation/CovVal_26688", ["ChannelUniqueKeyId":unikKey])): Send request successfully

17-06-2026T13:51:10 - [MESSAGE][INFO] - HAR: C:\Users\ACER\git\AutoAPI\Reports\20260617_134858\API\Pembukuan\pembukuanAPI\20260617_134858\requests\main\CovVal_26688_35.har

17-06-2026T13:51:10 - [MESSAGE][PASSED] - Send request successfully

17-06-2026T13:51:10 - [TEST_STEP][PASSED] - println("=============================="): null

17-06-2026T13:51:10 - [TEST_STEP][PASSED] - println("Row                : " + row): null

17-06-2026T13:51:10 - [TEST_STEP][PASSED] - println("Channel Unique Key Id     : " + unikKey): null

17-06-2026T13:51:10 - [TEST_STEP][PASSED] - println("HTTP Status        : " + response.getStatusCode()): null

17-06-2026T13:51:10 - [TEST_STEP][PASSED] - println("Response Body      : " + response.getResponseBodyContent()): null

17-06-2026T13:51:10 - [TEST_STEP][PASSED] - unikKey = data.getValue("ChannelUniqueKeyId", row): null

17-06-2026T13:51:10 - [TEST_STEP][PASSED] - requestId = currentTimeMillis().toString() + row: null

17-06-2026T13:51:10 - [TEST_STEP][PASSED] - response = sendRequest(findTestObject("API/Posts/CoveringValidation/CovVal_26688", ["ChannelUniqueKeyId":unikKey])): Send request successfully

17-06-2026T13:51:13 - [MESSAGE][INFO] - HAR: C:\Users\ACER\git\AutoAPI\Reports\20260617_134858\API\Pembukuan\pembukuanAPI\20260617_134858\requests\main\CovVal_26688_36.har

17-06-2026T13:51:13 - [MESSAGE][PASSED] - Send request successfully

17-06-2026T13:51:13 - [TEST_STEP][PASSED] - println("=============================="): null

17-06-2026T13:51:13 - [TEST_STEP][PASSED] - println("Row                : " + row): null

17-06-2026T13:51:13 - [TEST_STEP][PASSED] - println("Channel Unique Key Id     : " + unikKey): null

17-06-2026T13:51:13 - [TEST_STEP][PASSED] - println("HTTP Status        : " + response.getStatusCode()): null

17-06-2026T13:51:13 - [TEST_STEP][PASSED] - println("Response Body      : " + response.getResponseBodyContent()): null

17-06-2026T13:51:13 - [TEST_STEP][PASSED] - unikKey = data.getValue("ChannelUniqueKeyId", row): null

17-06-2026T13:51:13 - [TEST_STEP][PASSED] - requestId = currentTimeMillis().toString() + row: null

17-06-2026T13:51:13 - [TEST_STEP][PASSED] - response = sendRequest(findTestObject("API/Posts/CoveringValidation/CovVal_26688", ["ChannelUniqueKeyId":unikKey])): Send request successfully

17-06-2026T13:51:16 - [MESSAGE][INFO] - HAR: C:\Users\ACER\git\AutoAPI\Reports\20260617_134858\API\Pembukuan\pembukuanAPI\20260617_134858\requests\main\CovVal_26688_37.har

17-06-2026T13:51:16 - [MESSAGE][PASSED] - Send request successfully

17-06-2026T13:51:16 - [TEST_STEP][PASSED] - println("=============================="): null

17-06-2026T13:51:16 - [TEST_STEP][PASSED] - println("Row                : " + row): null

17-06-2026T13:51:16 - [TEST_STEP][PASSED] - println("Channel Unique Key Id     : " + unikKey): null

17-06-2026T13:51:16 - [TEST_STEP][PASSED] - println("HTTP Status        : " + response.getStatusCode()): null

17-06-2026T13:51:16 - [TEST_STEP][PASSED] - println("Response Body      : " + response.getResponseBodyContent()): null

17-06-2026T13:51:16 - [TEST_STEP][PASSED] - unikKey = data.getValue("ChannelUniqueKeyId", row): null

17-06-2026T13:51:16 - [TEST_STEP][PASSED] - requestId = currentTimeMillis().toString() + row: null

17-06-2026T13:51:16 - [TEST_STEP][PASSED] - response = sendRequest(findTestObject("API/Posts/CoveringValidation/CovVal_26688", ["ChannelUniqueKeyId":unikKey])): Send request successfully

17-06-2026T13:51:19 - [MESSAGE][INFO] - HAR: C:\Users\ACER\git\AutoAPI\Reports\20260617_134858\API\Pembukuan\pembukuanAPI\20260617_134858\requests\main\CovVal_26688_38.har

17-06-2026T13:51:19 - [MESSAGE][PASSED] - Send request successfully

17-06-2026T13:51:19 - [TEST_STEP][PASSED] - println("=============================="): null

17-06-2026T13:51:19 - [TEST_STEP][PASSED] - println("Row                : " + row): null

17-06-2026T13:51:19 - [TEST_STEP][PASSED] - println("Channel Unique Key Id     : " + unikKey): null

17-06-2026T13:51:19 - [TEST_STEP][PASSED] - println("HTTP Status        : " + response.getStatusCode()): null

17-06-2026T13:51:19 - [TEST_STEP][PASSED] - println("Response Body      : " + response.getResponseBodyContent()): null

17-06-2026T13:51:19 - [TEST_STEP][PASSED] - unikKey = data.getValue("ChannelUniqueKeyId", row): null

17-06-2026T13:51:19 - [TEST_STEP][PASSED] - requestId = currentTimeMillis().toString() + row: null

17-06-2026T13:51:19 - [TEST_STEP][PASSED] - response = sendRequest(findTestObject("API/Posts/CoveringValidation/CovVal_26688", ["ChannelUniqueKeyId":unikKey])): Send request successfully

17-06-2026T13:51:22 - [MESSAGE][INFO] - HAR: C:\Users\ACER\git\AutoAPI\Reports\20260617_134858\API\Pembukuan\pembukuanAPI\20260617_134858\requests\main\CovVal_26688_39.har

17-06-2026T13:51:22 - [MESSAGE][PASSED] - Send request successfully

17-06-2026T13:51:22 - [TEST_STEP][PASSED] - println("=============================="): null

17-06-2026T13:51:22 - [TEST_STEP][PASSED] - println("Row                : " + row): null

17-06-2026T13:51:22 - [TEST_STEP][PASSED] - println("Channel Unique Key Id     : " + unikKey): null

17-06-2026T13:51:22 - [TEST_STEP][PASSED] - println("HTTP Status        : " + response.getStatusCode()): null

17-06-2026T13:51:22 - [TEST_STEP][PASSED] - println("Response Body      : " + response.getResponseBodyContent()): null

17-06-2026T13:51:22 - [TEST_STEP][PASSED] - unikKey = data.getValue("ChannelUniqueKeyId", row): null

17-06-2026T13:51:22 - [TEST_STEP][PASSED] - requestId = currentTimeMillis().toString() + row: null

17-06-2026T13:51:22 - [TEST_STEP][PASSED] - response = sendRequest(findTestObject("API/Posts/CoveringValidation/CovVal_26688", ["ChannelUniqueKeyId":unikKey])): Send request successfully

17-06-2026T13:51:25 - [MESSAGE][INFO] - HAR: C:\Users\ACER\git\AutoAPI\Reports\20260617_134858\API\Pembukuan\pembukuanAPI\20260617_134858\requests\main\CovVal_26688_40.har

17-06-2026T13:51:25 - [MESSAGE][PASSED] - Send request successfully

17-06-2026T13:51:25 - [TEST_STEP][PASSED] - println("=============================="): null

17-06-2026T13:51:25 - [TEST_STEP][PASSED] - println("Row                : " + row): null

17-06-2026T13:51:25 - [TEST_STEP][PASSED] - println("Channel Unique Key Id     : " + unikKey): null

17-06-2026T13:51:25 - [TEST_STEP][PASSED] - println("HTTP Status        : " + response.getStatusCode()): null

17-06-2026T13:51:25 - [TEST_STEP][PASSED] - println("Response Body      : " + response.getResponseBodyContent()): null

17-06-2026T13:51:25 - [TEST_STEP][PASSED] - unikKey = data.getValue("ChannelUniqueKeyId", row): null

17-06-2026T13:51:25 - [TEST_STEP][PASSED] - requestId = currentTimeMillis().toString() + row: null

17-06-2026T13:51:25 - [TEST_STEP][PASSED] - response = sendRequest(findTestObject("API/Posts/CoveringValidation/CovVal_26688", ["ChannelUniqueKeyId":unikKey])): Send request successfully

17-06-2026T13:51:28 - [MESSAGE][INFO] - HAR: C:\Users\ACER\git\AutoAPI\Reports\20260617_134858\API\Pembukuan\pembukuanAPI\20260617_134858\requests\main\CovVal_26688_41.har

17-06-2026T13:51:28 - [MESSAGE][PASSED] - Send request successfully

17-06-2026T13:51:28 - [TEST_STEP][PASSED] - println("=============================="): null

17-06-2026T13:51:28 - [TEST_STEP][PASSED] - println("Row                : " + row): null

17-06-2026T13:51:28 - [TEST_STEP][PASSED] - println("Channel Unique Key Id     : " + unikKey): null

17-06-2026T13:51:28 - [TEST_STEP][PASSED] - println("HTTP Status        : " + response.getStatusCode()): null

17-06-2026T13:51:28 - [TEST_STEP][PASSED] - println("Response Body      : " + response.getResponseBodyContent()): null

17-06-2026T13:51:28 - [TEST_STEP][PASSED] - unikKey = data.getValue("ChannelUniqueKeyId", row): null

17-06-2026T13:51:28 - [TEST_STEP][PASSED] - requestId = currentTimeMillis().toString() + row: null

17-06-2026T13:51:28 - [TEST_STEP][PASSED] - response = sendRequest(findTestObject("API/Posts/CoveringValidation/CovVal_26688", ["ChannelUniqueKeyId":unikKey])): Send request successfully

17-06-2026T13:51:31 - [MESSAGE][INFO] - HAR: C:\Users\ACER\git\AutoAPI\Reports\20260617_134858\API\Pembukuan\pembukuanAPI\20260617_134858\requests\main\CovVal_26688_42.har

17-06-2026T13:51:31 - [MESSAGE][PASSED] - Send request successfully

17-06-2026T13:51:31 - [TEST_STEP][PASSED] - println("=============================="): null

17-06-2026T13:51:31 - [TEST_STEP][PASSED] - println("Row                : " + row): null

17-06-2026T13:51:31 - [TEST_STEP][PASSED] - println("Channel Unique Key Id     : " + unikKey): null

17-06-2026T13:51:31 - [TEST_STEP][PASSED] - println("HTTP Status        : " + response.getStatusCode()): null

17-06-2026T13:51:31 - [TEST_STEP][PASSED] - println("Response Body      : " + response.getResponseBodyContent()): null

17-06-2026T13:51:31 - [TEST_STEP][PASSED] - unikKey = data.getValue("ChannelUniqueKeyId", row): null

17-06-2026T13:51:31 - [TEST_STEP][PASSED] - requestId = currentTimeMillis().toString() + row: null

17-06-2026T13:51:31 - [TEST_STEP][PASSED] - response = sendRequest(findTestObject("API/Posts/CoveringValidation/CovVal_26688", ["ChannelUniqueKeyId":unikKey])): Send request successfully

17-06-2026T13:51:34 - [MESSAGE][INFO] - HAR: C:\Users\ACER\git\AutoAPI\Reports\20260617_134858\API\Pembukuan\pembukuanAPI\20260617_134858\requests\main\CovVal_26688_43.har

17-06-2026T13:51:34 - [MESSAGE][PASSED] - Send request successfully

17-06-2026T13:51:34 - [TEST_STEP][PASSED] - println("=============================="): null

17-06-2026T13:51:34 - [TEST_STEP][PASSED] - println("Row                : " + row): null

17-06-2026T13:51:34 - [TEST_STEP][PASSED] - println("Channel Unique Key Id     : " + unikKey): null

17-06-2026T13:51:34 - [TEST_STEP][PASSED] - println("HTTP Status        : " + response.getStatusCode()): null

17-06-2026T13:51:34 - [TEST_STEP][PASSED] - println("Response Body      : " + response.getResponseBodyContent()): null

17-06-2026T13:51:34 - [TEST_STEP][PASSED] - unikKey = data.getValue("ChannelUniqueKeyId", row): null

17-06-2026T13:51:34 - [TEST_STEP][PASSED] - requestId = currentTimeMillis().toString() + row: null

17-06-2026T13:51:34 - [TEST_STEP][PASSED] - response = sendRequest(findTestObject("API/Posts/CoveringValidation/CovVal_26688", ["ChannelUniqueKeyId":unikKey])): Send request successfully

17-06-2026T13:51:37 - [MESSAGE][INFO] - HAR: C:\Users\ACER\git\AutoAPI\Reports\20260617_134858\API\Pembukuan\pembukuanAPI\20260617_134858\requests\main\CovVal_26688_44.har

17-06-2026T13:51:37 - [MESSAGE][PASSED] - Send request successfully

17-06-2026T13:51:37 - [TEST_STEP][PASSED] - println("=============================="): null

17-06-2026T13:51:37 - [TEST_STEP][PASSED] - println("Row                : " + row): null

17-06-2026T13:51:37 - [TEST_STEP][PASSED] - println("Channel Unique Key Id     : " + unikKey): null

17-06-2026T13:51:37 - [TEST_STEP][PASSED] - println("HTTP Status        : " + response.getStatusCode()): null

17-06-2026T13:51:37 - [TEST_STEP][PASSED] - println("Response Body      : " + response.getResponseBodyContent()): null

17-06-2026T13:51:37 - [TEST_STEP][PASSED] - unikKey = data.getValue("ChannelUniqueKeyId", row): null

17-06-2026T13:51:37 - [TEST_STEP][PASSED] - requestId = currentTimeMillis().toString() + row: null

17-06-2026T13:51:37 - [TEST_STEP][PASSED] - response = sendRequest(findTestObject("API/Posts/CoveringValidation/CovVal_26688", ["ChannelUniqueKeyId":unikKey])): Send request successfully

17-06-2026T13:51:40 - [MESSAGE][INFO] - HAR: C:\Users\ACER\git\AutoAPI\Reports\20260617_134858\API\Pembukuan\pembukuanAPI\20260617_134858\requests\main\CovVal_26688_45.har

17-06-2026T13:51:40 - [MESSAGE][PASSED] - Send request successfully

17-06-2026T13:51:40 - [TEST_STEP][PASSED] - println("=============================="): null

17-06-2026T13:51:40 - [TEST_STEP][PASSED] - println("Row                : " + row): null

17-06-2026T13:51:40 - [TEST_STEP][PASSED] - println("Channel Unique Key Id     : " + unikKey): null

17-06-2026T13:51:40 - [TEST_STEP][PASSED] - println("HTTP Status        : " + response.getStatusCode()): null

17-06-2026T13:51:40 - [TEST_STEP][PASSED] - println("Response Body      : " + response.getResponseBodyContent()): null

17-06-2026T13:51:40 - [TEST_STEP][PASSED] - unikKey = data.getValue("ChannelUniqueKeyId", row): null

17-06-2026T13:51:40 - [TEST_STEP][PASSED] - requestId = currentTimeMillis().toString() + row: null

17-06-2026T13:51:40 - [TEST_STEP][PASSED] - response = sendRequest(findTestObject("API/Posts/CoveringValidation/CovVal_26688", ["ChannelUniqueKeyId":unikKey])): Send request successfully

17-06-2026T13:51:43 - [MESSAGE][INFO] - HAR: C:\Users\ACER\git\AutoAPI\Reports\20260617_134858\API\Pembukuan\pembukuanAPI\20260617_134858\requests\main\CovVal_26688_46.har

17-06-2026T13:51:43 - [MESSAGE][PASSED] - Send request successfully

17-06-2026T13:51:43 - [TEST_STEP][PASSED] - println("=============================="): null

17-06-2026T13:51:43 - [TEST_STEP][PASSED] - println("Row                : " + row): null

17-06-2026T13:51:43 - [TEST_STEP][PASSED] - println("Channel Unique Key Id     : " + unikKey): null

17-06-2026T13:51:43 - [TEST_STEP][PASSED] - println("HTTP Status        : " + response.getStatusCode()): null

17-06-2026T13:51:43 - [TEST_STEP][PASSED] - println("Response Body      : " + response.getResponseBodyContent()): null

17-06-2026T13:51:43 - [TEST_STEP][PASSED] - unikKey = data.getValue("ChannelUniqueKeyId", row): null

17-06-2026T13:51:43 - [TEST_STEP][PASSED] - requestId = currentTimeMillis().toString() + row: null

17-06-2026T13:51:43 - [TEST_STEP][PASSED] - response = sendRequest(findTestObject("API/Posts/CoveringValidation/CovVal_26688", ["ChannelUniqueKeyId":unikKey])): Send request successfully

17-06-2026T13:51:46 - [MESSAGE][INFO] - HAR: C:\Users\ACER\git\AutoAPI\Reports\20260617_134858\API\Pembukuan\pembukuanAPI\20260617_134858\requests\main\CovVal_26688_47.har

17-06-2026T13:51:46 - [MESSAGE][PASSED] - Send request successfully

17-06-2026T13:51:46 - [TEST_STEP][PASSED] - println("=============================="): null

17-06-2026T13:51:46 - [TEST_STEP][PASSED] - println("Row                : " + row): null

17-06-2026T13:51:46 - [TEST_STEP][PASSED] - println("Channel Unique Key Id     : " + unikKey): null

17-06-2026T13:51:46 - [TEST_STEP][PASSED] - println("HTTP Status        : " + response.getStatusCode()): null

17-06-2026T13:51:46 - [TEST_STEP][PASSED] - println("Response Body      : " + response.getResponseBodyContent()): null

17-06-2026T13:51:46 - [TEST_STEP][PASSED] - unikKey = data.getValue("ChannelUniqueKeyId", row): null

17-06-2026T13:51:46 - [TEST_STEP][PASSED] - requestId = currentTimeMillis().toString() + row: null

17-06-2026T13:51:46 - [TEST_STEP][PASSED] - response = sendRequest(findTestObject("API/Posts/CoveringValidation/CovVal_26688", ["ChannelUniqueKeyId":unikKey])): Send request successfully

17-06-2026T13:51:49 - [MESSAGE][INFO] - HAR: C:\Users\ACER\git\AutoAPI\Reports\20260617_134858\API\Pembukuan\pembukuanAPI\20260617_134858\requests\main\CovVal_26688_48.har

17-06-2026T13:51:49 - [MESSAGE][PASSED] - Send request successfully

17-06-2026T13:51:49 - [TEST_STEP][PASSED] - println("=============================="): null

17-06-2026T13:51:49 - [TEST_STEP][PASSED] - println("Row                : " + row): null

17-06-2026T13:51:49 - [TEST_STEP][PASSED] - println("Channel Unique Key Id     : " + unikKey): null

17-06-2026T13:51:49 - [TEST_STEP][PASSED] - println("HTTP Status        : " + response.getStatusCode()): null

17-06-2026T13:51:49 - [TEST_STEP][PASSED] - println("Response Body      : " + response.getResponseBodyContent()): null

17-06-2026T13:51:49 - [TEST_STEP][PASSED] - unikKey = data.getValue("ChannelUniqueKeyId", row): null

17-06-2026T13:51:49 - [TEST_STEP][PASSED] - requestId = currentTimeMillis().toString() + row: null

17-06-2026T13:51:49 - [TEST_STEP][PASSED] - response = sendRequest(findTestObject("API/Posts/CoveringValidation/CovVal_26688", ["ChannelUniqueKeyId":unikKey])): Send request successfully

17-06-2026T13:51:52 - [MESSAGE][INFO] - HAR: C:\Users\ACER\git\AutoAPI\Reports\20260617_134858\API\Pembukuan\pembukuanAPI\20260617_134858\requests\main\CovVal_26688_49.har

17-06-2026T13:51:52 - [MESSAGE][PASSED] - Send request successfully

17-06-2026T13:51:52 - [TEST_STEP][PASSED] - println("=============================="): null

17-06-2026T13:51:52 - [TEST_STEP][PASSED] - println("Row                : " + row): null

17-06-2026T13:51:52 - [TEST_STEP][PASSED] - println("Channel Unique Key Id     : " + unikKey): null

17-06-2026T13:51:52 - [TEST_STEP][PASSED] - println("HTTP Status        : " + response.getStatusCode()): null

17-06-2026T13:51:52 - [TEST_STEP][PASSED] - println("Response Body      : " + response.getResponseBodyContent()): null

17-06-2026T13:51:52 - [TEST_STEP][PASSED] - unikKey = data.getValue("ChannelUniqueKeyId", row): null

17-06-2026T13:51:52 - [TEST_STEP][PASSED] - requestId = currentTimeMillis().toString() + row: null

17-06-2026T13:51:52 - [TEST_STEP][PASSED] - response = sendRequest(findTestObject("API/Posts/CoveringValidation/CovVal_26688", ["ChannelUniqueKeyId":unikKey])): Send request successfully

17-06-2026T13:51:55 - [MESSAGE][INFO] - HAR: C:\Users\ACER\git\AutoAPI\Reports\20260617_134858\API\Pembukuan\pembukuanAPI\20260617_134858\requests\main\CovVal_26688_50.har

17-06-2026T13:51:55 - [MESSAGE][PASSED] - Send request successfully

17-06-2026T13:51:55 - [TEST_STEP][PASSED] - println("=============================="): null

17-06-2026T13:51:55 - [TEST_STEP][PASSED] - println("Row                : " + row): null

17-06-2026T13:51:55 - [TEST_STEP][PASSED] - println("Channel Unique Key Id     : " + unikKey): null

17-06-2026T13:51:55 - [TEST_STEP][PASSED] - println("HTTP Status        : " + response.getStatusCode()): null

17-06-2026T13:51:55 - [TEST_STEP][PASSED] - println("Response Body      : " + response.getResponseBodyContent()): null

17-06-2026T13:51:55 - [TEST_STEP][PASSED] - unikKey = data.getValue("ChannelUniqueKeyId", row): null

17-06-2026T13:51:55 - [TEST_STEP][PASSED] - requestId = currentTimeMillis().toString() + row: null

17-06-2026T13:51:55 - [TEST_STEP][PASSED] - response = sendRequest(findTestObject("API/Posts/CoveringValidation/CovVal_26688", ["ChannelUniqueKeyId":unikKey])): Send request successfully

17-06-2026T13:51:58 - [MESSAGE][INFO] - HAR: C:\Users\ACER\git\AutoAPI\Reports\20260617_134858\API\Pembukuan\pembukuanAPI\20260617_134858\requests\main\CovVal_26688_51.har

17-06-2026T13:51:58 - [MESSAGE][PASSED] - Send request successfully

17-06-2026T13:51:58 - [TEST_STEP][PASSED] - println("=============================="): null

17-06-2026T13:51:58 - [TEST_STEP][PASSED] - println("Row                : " + row): null

17-06-2026T13:51:58 - [TEST_STEP][PASSED] - println("Channel Unique Key Id     : " + unikKey): null

17-06-2026T13:51:58 - [TEST_STEP][PASSED] - println("HTTP Status        : " + response.getStatusCode()): null

17-06-2026T13:51:58 - [TEST_STEP][PASSED] - println("Response Body      : " + response.getResponseBodyContent()): null

17-06-2026T13:51:58 - [TEST_STEP][PASSED] - unikKey = data.getValue("ChannelUniqueKeyId", row): null

17-06-2026T13:51:58 - [TEST_STEP][PASSED] - requestId = currentTimeMillis().toString() + row: null

17-06-2026T13:51:58 - [TEST_STEP][PASSED] - response = sendRequest(findTestObject("API/Posts/CoveringValidation/CovVal_26688", ["ChannelUniqueKeyId":unikKey])): Send request successfully

17-06-2026T13:52:01 - [MESSAGE][INFO] - HAR: C:\Users\ACER\git\AutoAPI\Reports\20260617_134858\API\Pembukuan\pembukuanAPI\20260617_134858\requests\main\CovVal_26688_52.har

17-06-2026T13:52:01 - [MESSAGE][PASSED] - Send request successfully

17-06-2026T13:52:01 - [TEST_STEP][PASSED] - println("=============================="): null

17-06-2026T13:52:01 - [TEST_STEP][PASSED] - println("Row                : " + row): null

17-06-2026T13:52:01 - [TEST_STEP][PASSED] - println("Channel Unique Key Id     : " + unikKey): null

17-06-2026T13:52:01 - [TEST_STEP][PASSED] - println("HTTP Status        : " + response.getStatusCode()): null

17-06-2026T13:52:01 - [TEST_STEP][PASSED] - println("Response Body      : " + response.getResponseBodyContent()): null

17-06-2026T13:52:01 - [TEST_STEP][PASSED] - unikKey = data.getValue("ChannelUniqueKeyId", row): null

17-06-2026T13:52:01 - [TEST_STEP][PASSED] - requestId = currentTimeMillis().toString() + row: null

17-06-2026T13:52:01 - [TEST_STEP][PASSED] - response = sendRequest(findTestObject("API/Posts/CoveringValidation/CovVal_26688", ["ChannelUniqueKeyId":unikKey])): Send request successfully

17-06-2026T13:52:04 - [MESSAGE][INFO] - HAR: C:\Users\ACER\git\AutoAPI\Reports\20260617_134858\API\Pembukuan\pembukuanAPI\20260617_134858\requests\main\CovVal_26688_53.har

17-06-2026T13:52:04 - [MESSAGE][PASSED] - Send request successfully

17-06-2026T13:52:04 - [TEST_STEP][PASSED] - println("=============================="): null

17-06-2026T13:52:04 - [TEST_STEP][PASSED] - println("Row                : " + row): null

17-06-2026T13:52:04 - [TEST_STEP][PASSED] - println("Channel Unique Key Id     : " + unikKey): null

17-06-2026T13:52:04 - [TEST_STEP][PASSED] - println("HTTP Status        : " + response.getStatusCode()): null

17-06-2026T13:52:04 - [TEST_STEP][PASSED] - println("Response Body      : " + response.getResponseBodyContent()): null

17-06-2026T13:52:04 - [TEST_STEP][PASSED] - unikKey = data.getValue("ChannelUniqueKeyId", row): null

17-06-2026T13:52:04 - [TEST_STEP][PASSED] - requestId = currentTimeMillis().toString() + row: null

17-06-2026T13:52:04 - [TEST_STEP][PASSED] - response = sendRequest(findTestObject("API/Posts/CoveringValidation/CovVal_26688", ["ChannelUniqueKeyId":unikKey])): Send request successfully

17-06-2026T13:52:07 - [MESSAGE][INFO] - HAR: C:\Users\ACER\git\AutoAPI\Reports\20260617_134858\API\Pembukuan\pembukuanAPI\20260617_134858\requests\main\CovVal_26688_54.har

17-06-2026T13:52:07 - [MESSAGE][PASSED] - Send request successfully

17-06-2026T13:52:07 - [TEST_STEP][PASSED] - println("=============================="): null

17-06-2026T13:52:07 - [TEST_STEP][PASSED] - println("Row                : " + row): null

17-06-2026T13:52:07 - [TEST_STEP][PASSED] - println("Channel Unique Key Id     : " + unikKey): null

17-06-2026T13:52:07 - [TEST_STEP][PASSED] - println("HTTP Status        : " + response.getStatusCode()): null

17-06-2026T13:52:07 - [TEST_STEP][PASSED] - println("Response Body      : " + response.getResponseBodyContent()): null

17-06-2026T13:52:07 - [TEST_STEP][PASSED] - unikKey = data.getValue("ChannelUniqueKeyId", row): null

17-06-2026T13:52:07 - [TEST_STEP][PASSED] - requestId = currentTimeMillis().toString() + row: null

17-06-2026T13:52:07 - [TEST_STEP][PASSED] - response = sendRequest(findTestObject("API/Posts/CoveringValidation/CovVal_26688", ["ChannelUniqueKeyId":unikKey])): Send request successfully

17-06-2026T13:52:10 - [MESSAGE][INFO] - HAR: C:\Users\ACER\git\AutoAPI\Reports\20260617_134858\API\Pembukuan\pembukuanAPI\20260617_134858\requests\main\CovVal_26688_55.har

17-06-2026T13:52:10 - [MESSAGE][PASSED] - Send request successfully

17-06-2026T13:52:10 - [TEST_STEP][PASSED] - println("=============================="): null

17-06-2026T13:52:10 - [TEST_STEP][PASSED] - println("Row                : " + row): null

17-06-2026T13:52:10 - [TEST_STEP][PASSED] - println("Channel Unique Key Id     : " + unikKey): null

17-06-2026T13:52:10 - [TEST_STEP][PASSED] - println("HTTP Status        : " + response.getStatusCode()): null

17-06-2026T13:52:10 - [TEST_STEP][PASSED] - println("Response Body      : " + response.getResponseBodyContent()): null

17-06-2026T13:52:10 - [TEST_STEP][PASSED] - unikKey = data.getValue("ChannelUniqueKeyId", row): null

17-06-2026T13:52:10 - [TEST_STEP][PASSED] - requestId = currentTimeMillis().toString() + row: null

17-06-2026T13:52:10 - [TEST_STEP][PASSED] - response = sendRequest(findTestObject("API/Posts/CoveringValidation/CovVal_26688", ["ChannelUniqueKeyId":unikKey])): Send request successfully

17-06-2026T13:52:13 - [MESSAGE][INFO] - HAR: C:\Users\ACER\git\AutoAPI\Reports\20260617_134858\API\Pembukuan\pembukuanAPI\20260617_134858\requests\main\CovVal_26688_56.har

17-06-2026T13:52:13 - [MESSAGE][PASSED] - Send request successfully

17-06-2026T13:52:13 - [TEST_STEP][PASSED] - println("=============================="): null

17-06-2026T13:52:13 - [TEST_STEP][PASSED] - println("Row                : " + row): null

17-06-2026T13:52:13 - [TEST_STEP][PASSED] - println("Channel Unique Key Id     : " + unikKey): null

17-06-2026T13:52:13 - [TEST_STEP][PASSED] - println("HTTP Status        : " + response.getStatusCode()): null

17-06-2026T13:52:13 - [TEST_STEP][PASSED] - println("Response Body      : " + response.getResponseBodyContent()): null

17-06-2026T13:52:13 - [TEST_STEP][PASSED] - unikKey = data.getValue("ChannelUniqueKeyId", row): null

17-06-2026T13:52:13 - [TEST_STEP][PASSED] - requestId = currentTimeMillis().toString() + row: null

17-06-2026T13:52:13 - [TEST_STEP][PASSED] - response = sendRequest(findTestObject("API/Posts/CoveringValidation/CovVal_26688", ["ChannelUniqueKeyId":unikKey])): Send request successfully

17-06-2026T13:52:16 - [MESSAGE][INFO] - HAR: C:\Users\ACER\git\AutoAPI\Reports\20260617_134858\API\Pembukuan\pembukuanAPI\20260617_134858\requests\main\CovVal_26688_57.har

17-06-2026T13:52:16 - [MESSAGE][PASSED] - Send request successfully

17-06-2026T13:52:16 - [TEST_STEP][PASSED] - println("=============================="): null

17-06-2026T13:52:16 - [TEST_STEP][PASSED] - println("Row                : " + row): null

17-06-2026T13:52:16 - [TEST_STEP][PASSED] - println("Channel Unique Key Id     : " + unikKey): null

17-06-2026T13:52:16 - [TEST_STEP][PASSED] - println("HTTP Status        : " + response.getStatusCode()): null

17-06-2026T13:52:16 - [TEST_STEP][PASSED] - println("Response Body      : " + response.getResponseBodyContent()): null

17-06-2026T13:52:16 - [TEST_STEP][PASSED] - unikKey = data.getValue("ChannelUniqueKeyId", row): null

17-06-2026T13:52:16 - [TEST_STEP][PASSED] - requestId = currentTimeMillis().toString() + row: null

17-06-2026T13:52:16 - [TEST_STEP][PASSED] - response = sendRequest(findTestObject("API/Posts/CoveringValidation/CovVal_26688", ["ChannelUniqueKeyId":unikKey])): Send request successfully

17-06-2026T13:52:19 - [MESSAGE][INFO] - HAR: C:\Users\ACER\git\AutoAPI\Reports\20260617_134858\API\Pembukuan\pembukuanAPI\20260617_134858\requests\main\CovVal_26688_58.har

17-06-2026T13:52:19 - [MESSAGE][PASSED] - Send request successfully

17-06-2026T13:52:19 - [TEST_STEP][PASSED] - println("=============================="): null

17-06-2026T13:52:19 - [TEST_STEP][PASSED] - println("Row                : " + row): null

17-06-2026T13:52:19 - [TEST_STEP][PASSED] - println("Channel Unique Key Id     : " + unikKey): null

17-06-2026T13:52:19 - [TEST_STEP][PASSED] - println("HTTP Status        : " + response.getStatusCode()): null

17-06-2026T13:52:19 - [TEST_STEP][PASSED] - println("Response Body      : " + response.getResponseBodyContent()): null

17-06-2026T13:52:19 - [TEST_STEP][PASSED] - unikKey = data.getValue("ChannelUniqueKeyId", row): null

17-06-2026T13:52:19 - [TEST_STEP][PASSED] - requestId = currentTimeMillis().toString() + row: null

17-06-2026T13:52:19 - [TEST_STEP][PASSED] - response = sendRequest(findTestObject("API/Posts/CoveringValidation/CovVal_26688", ["ChannelUniqueKeyId":unikKey])): Send request successfully

17-06-2026T13:52:21 - [MESSAGE][INFO] - HAR: C:\Users\ACER\git\AutoAPI\Reports\20260617_134858\API\Pembukuan\pembukuanAPI\20260617_134858\requests\main\CovVal_26688_59.har

17-06-2026T13:52:21 - [MESSAGE][PASSED] - Send request successfully

17-06-2026T13:52:21 - [TEST_STEP][PASSED] - println("=============================="): null

17-06-2026T13:52:21 - [TEST_STEP][PASSED] - println("Row                : " + row): null

17-06-2026T13:52:21 - [TEST_STEP][PASSED] - println("Channel Unique Key Id     : " + unikKey): null

17-06-2026T13:52:21 - [TEST_STEP][PASSED] - println("HTTP Status        : " + response.getStatusCode()): null

17-06-2026T13:52:21 - [TEST_STEP][PASSED] - println("Response Body      : " + response.getResponseBodyContent()): null

17-06-2026T13:52:22 - [TEST_STEP][PASSED] - unikKey = data.getValue("ChannelUniqueKeyId", row): null

17-06-2026T13:52:22 - [TEST_STEP][PASSED] - requestId = currentTimeMillis().toString() + row: null

17-06-2026T13:52:22 - [TEST_STEP][PASSED] - response = sendRequest(findTestObject("API/Posts/CoveringValidation/CovVal_26688", ["ChannelUniqueKeyId":unikKey])): Send request successfully

17-06-2026T13:52:24 - [MESSAGE][INFO] - HAR: C:\Users\ACER\git\AutoAPI\Reports\20260617_134858\API\Pembukuan\pembukuanAPI\20260617_134858\requests\main\CovVal_26688_60.har

17-06-2026T13:52:24 - [MESSAGE][PASSED] - Send request successfully

17-06-2026T13:52:24 - [TEST_STEP][PASSED] - println("=============================="): null

17-06-2026T13:52:24 - [TEST_STEP][PASSED] - println("Row                : " + row): null

17-06-2026T13:52:24 - [TEST_STEP][PASSED] - println("Channel Unique Key Id     : " + unikKey): null

17-06-2026T13:52:24 - [TEST_STEP][PASSED] - println("HTTP Status        : " + response.getStatusCode()): null

17-06-2026T13:52:24 - [TEST_STEP][PASSED] - println("Response Body      : " + response.getResponseBodyContent()): null

17-06-2026T13:52:24 - [TEST_STEP][PASSED] - unikKey = data.getValue("ChannelUniqueKeyId", row): null

17-06-2026T13:52:24 - [TEST_STEP][PASSED] - requestId = currentTimeMillis().toString() + row: null

17-06-2026T13:52:24 - [TEST_STEP][PASSED] - response = sendRequest(findTestObject("API/Posts/CoveringValidation/CovVal_26688", ["ChannelUniqueKeyId":unikKey])): Send request successfully

17-06-2026T13:52:27 - [MESSAGE][INFO] - HAR: C:\Users\ACER\git\AutoAPI\Reports\20260617_134858\API\Pembukuan\pembukuanAPI\20260617_134858\requests\main\CovVal_26688_61.har

17-06-2026T13:52:27 - [MESSAGE][PASSED] - Send request successfully

17-06-2026T13:52:27 - [TEST_STEP][PASSED] - println("=============================="): null

17-06-2026T13:52:27 - [TEST_STEP][PASSED] - println("Row                : " + row): null

17-06-2026T13:52:27 - [TEST_STEP][PASSED] - println("Channel Unique Key Id     : " + unikKey): null

17-06-2026T13:52:27 - [TEST_STEP][PASSED] - println("HTTP Status        : " + response.getStatusCode()): null

17-06-2026T13:52:27 - [TEST_STEP][PASSED] - println("Response Body      : " + response.getResponseBodyContent()): null

17-06-2026T13:52:27 - [TEST_STEP][PASSED] - unikKey = data.getValue("ChannelUniqueKeyId", row): null

17-06-2026T13:52:27 - [TEST_STEP][PASSED] - requestId = currentTimeMillis().toString() + row: null

17-06-2026T13:52:27 - [TEST_STEP][PASSED] - response = sendRequest(findTestObject("API/Posts/CoveringValidation/CovVal_26688", ["ChannelUniqueKeyId":unikKey])): Send request successfully

17-06-2026T13:52:30 - [MESSAGE][INFO] - HAR: C:\Users\ACER\git\AutoAPI\Reports\20260617_134858\API\Pembukuan\pembukuanAPI\20260617_134858\requests\main\CovVal_26688_62.har

17-06-2026T13:52:30 - [MESSAGE][PASSED] - Send request successfully

17-06-2026T13:52:30 - [TEST_STEP][PASSED] - println("=============================="): null

17-06-2026T13:52:30 - [TEST_STEP][PASSED] - println("Row                : " + row): null

17-06-2026T13:52:30 - [TEST_STEP][PASSED] - println("Channel Unique Key Id     : " + unikKey): null

17-06-2026T13:52:30 - [TEST_STEP][PASSED] - println("HTTP Status        : " + response.getStatusCode()): null

17-06-2026T13:52:30 - [TEST_STEP][PASSED] - println("Response Body      : " + response.getResponseBodyContent()): null

17-06-2026T13:52:30 - [TEST_STEP][PASSED] - unikKey = data.getValue("ChannelUniqueKeyId", row): null

17-06-2026T13:52:30 - [TEST_STEP][PASSED] - requestId = currentTimeMillis().toString() + row: null

17-06-2026T13:52:30 - [TEST_STEP][PASSED] - response = sendRequest(findTestObject("API/Posts/CoveringValidation/CovVal_26688", ["ChannelUniqueKeyId":unikKey])): Send request successfully

17-06-2026T13:52:33 - [MESSAGE][INFO] - HAR: C:\Users\ACER\git\AutoAPI\Reports\20260617_134858\API\Pembukuan\pembukuanAPI\20260617_134858\requests\main\CovVal_26688_63.har

17-06-2026T13:52:33 - [MESSAGE][PASSED] - Send request successfully

17-06-2026T13:52:33 - [TEST_STEP][PASSED] - println("=============================="): null

17-06-2026T13:52:33 - [TEST_STEP][PASSED] - println("Row                : " + row): null

17-06-2026T13:52:33 - [TEST_STEP][PASSED] - println("Channel Unique Key Id     : " + unikKey): null

17-06-2026T13:52:33 - [TEST_STEP][PASSED] - println("HTTP Status        : " + response.getStatusCode()): null

17-06-2026T13:52:33 - [TEST_STEP][PASSED] - println("Response Body      : " + response.getResponseBodyContent()): null

17-06-2026T13:52:33 - [TEST_STEP][PASSED] - unikKey = data.getValue("ChannelUniqueKeyId", row): null

17-06-2026T13:52:33 - [TEST_STEP][PASSED] - requestId = currentTimeMillis().toString() + row: null

17-06-2026T13:52:33 - [TEST_STEP][PASSED] - response = sendRequest(findTestObject("API/Posts/CoveringValidation/CovVal_26688", ["ChannelUniqueKeyId":unikKey])): Send request successfully

17-06-2026T13:52:36 - [MESSAGE][INFO] - HAR: C:\Users\ACER\git\AutoAPI\Reports\20260617_134858\API\Pembukuan\pembukuanAPI\20260617_134858\requests\main\CovVal_26688_64.har

17-06-2026T13:52:36 - [MESSAGE][PASSED] - Send request successfully

17-06-2026T13:52:36 - [TEST_STEP][PASSED] - println("=============================="): null

17-06-2026T13:52:36 - [TEST_STEP][PASSED] - println("Row                : " + row): null

17-06-2026T13:52:36 - [TEST_STEP][PASSED] - println("Channel Unique Key Id     : " + unikKey): null

17-06-2026T13:52:36 - [TEST_STEP][PASSED] - println("HTTP Status        : " + response.getStatusCode()): null

17-06-2026T13:52:36 - [TEST_STEP][PASSED] - println("Response Body      : " + response.getResponseBodyContent()): null

17-06-2026T13:52:36 - [TEST_STEP][PASSED] - unikKey = data.getValue("ChannelUniqueKeyId", row): null

17-06-2026T13:52:36 - [TEST_STEP][PASSED] - requestId = currentTimeMillis().toString() + row: null

17-06-2026T13:52:36 - [TEST_STEP][PASSED] - response = sendRequest(findTestObject("API/Posts/CoveringValidation/CovVal_26688", ["ChannelUniqueKeyId":unikKey])): Send request successfully

17-06-2026T13:52:39 - [MESSAGE][INFO] - HAR: C:\Users\ACER\git\AutoAPI\Reports\20260617_134858\API\Pembukuan\pembukuanAPI\20260617_134858\requests\main\CovVal_26688_65.har

17-06-2026T13:52:39 - [MESSAGE][PASSED] - Send request successfully

17-06-2026T13:52:39 - [TEST_STEP][PASSED] - println("=============================="): null

17-06-2026T13:52:39 - [TEST_STEP][PASSED] - println("Row                : " + row): null

17-06-2026T13:52:39 - [TEST_STEP][PASSED] - println("Channel Unique Key Id     : " + unikKey): null

17-06-2026T13:52:39 - [TEST_STEP][PASSED] - println("HTTP Status        : " + response.getStatusCode()): null

17-06-2026T13:52:39 - [TEST_STEP][PASSED] - println("Response Body      : " + response.getResponseBodyContent()): null

17-06-2026T13:52:39 - [TEST_STEP][PASSED] - unikKey = data.getValue("ChannelUniqueKeyId", row): null

17-06-2026T13:52:39 - [TEST_STEP][PASSED] - requestId = currentTimeMillis().toString() + row: null

17-06-2026T13:52:39 - [TEST_STEP][PASSED] - response = sendRequest(findTestObject("API/Posts/CoveringValidation/CovVal_26688", ["ChannelUniqueKeyId":unikKey])): Send request successfully

17-06-2026T13:52:42 - [MESSAGE][INFO] - HAR: C:\Users\ACER\git\AutoAPI\Reports\20260617_134858\API\Pembukuan\pembukuanAPI\20260617_134858\requests\main\CovVal_26688_66.har

17-06-2026T13:52:42 - [MESSAGE][PASSED] - Send request successfully

17-06-2026T13:52:42 - [TEST_STEP][PASSED] - println("=============================="): null

17-06-2026T13:52:42 - [TEST_STEP][PASSED] - println("Row                : " + row): null

17-06-2026T13:52:42 - [TEST_STEP][PASSED] - println("Channel Unique Key Id     : " + unikKey): null

17-06-2026T13:52:42 - [TEST_STEP][PASSED] - println("HTTP Status        : " + response.getStatusCode()): null

17-06-2026T13:52:42 - [TEST_STEP][PASSED] - println("Response Body      : " + response.getResponseBodyContent()): null

17-06-2026T13:52:42 - [TEST_STEP][PASSED] - unikKey = data.getValue("ChannelUniqueKeyId", row): null

17-06-2026T13:52:42 - [TEST_STEP][PASSED] - requestId = currentTimeMillis().toString() + row: null

17-06-2026T13:52:42 - [TEST_STEP][PASSED] - response = sendRequest(findTestObject("API/Posts/CoveringValidation/CovVal_26688", ["ChannelUniqueKeyId":unikKey])): Send request successfully

17-06-2026T13:52:45 - [MESSAGE][INFO] - HAR: C:\Users\ACER\git\AutoAPI\Reports\20260617_134858\API\Pembukuan\pembukuanAPI\20260617_134858\requests\main\CovVal_26688_67.har

17-06-2026T13:52:45 - [MESSAGE][PASSED] - Send request successfully

17-06-2026T13:52:45 - [TEST_STEP][PASSED] - println("=============================="): null

17-06-2026T13:52:45 - [TEST_STEP][PASSED] - println("Row                : " + row): null

17-06-2026T13:52:45 - [TEST_STEP][PASSED] - println("Channel Unique Key Id     : " + unikKey): null

17-06-2026T13:52:45 - [TEST_STEP][PASSED] - println("HTTP Status        : " + response.getStatusCode()): null

[...]

17-06-2026T13:55:34 - [TEST_STEP][PASSED] - response = sendRequest(findTestObject("API/Posts/CoveringFlag/CovFlag_26688", ["ChannelUniqueKeyId":unikKey])): Send request successfully

17-06-2026T13:55:35 - [MESSAGE][INFO] - HAR: C:\Users\ACER\git\AutoAPI\Reports\20260617_134858\API\Pembukuan\pembukuanAPI\20260617_134858\requests\main\CovFlag_26688_181.har

17-06-2026T13:55:35 - [MESSAGE][PASSED] - Send request successfully

17-06-2026T13:55:35 - [TEST_STEP][PASSED] - println("=============================="): null

17-06-2026T13:55:35 - [TEST_STEP][PASSED] - println("Row                : " + row): null

17-06-2026T13:55:35 - [TEST_STEP][PASSED] - println("Channel Unique Key Id     : " + unikKey): null

17-06-2026T13:55:35 - [TEST_STEP][PASSED] - println("HTTP Status        : " + response.getStatusCode()): null

17-06-2026T13:55:35 - [TEST_STEP][PASSED] - println("Response Body      : " + response.getResponseBodyContent()): null

17-06-2026T13:55:35 - [TEST_STEP][PASSED] - unikKey = data.getValue("ChannelUniqueKeyId", row): null

17-06-2026T13:55:35 - [TEST_STEP][PASSED] - response = sendRequest(findTestObject("API/Posts/CoveringFlag/CovFlag_26688", ["ChannelUniqueKeyId":unikKey])): Send request successfully

17-06-2026T13:55:36 - [MESSAGE][INFO] - HAR: C:\Users\ACER\git\AutoAPI\Reports\20260617_134858\API\Pembukuan\pembukuanAPI\20260617_134858\requests\main\CovFlag_26688_182.har

17-06-2026T13:55:36 - [MESSAGE][PASSED] - Send request successfully

17-06-2026T13:55:36 - [TEST_STEP][PASSED] - println("=============================="): null

17-06-2026T13:55:36 - [TEST_STEP][PASSED] - println("Row                : " + row): null

17-06-2026T13:55:36 - [TEST_STEP][PASSED] - println("Channel Unique Key Id     : " + unikKey): null

17-06-2026T13:55:36 - [TEST_STEP][PASSED] - println("HTTP Status        : " + response.getStatusCode()): null

17-06-2026T13:55:36 - [TEST_STEP][PASSED] - println("Response Body      : " + response.getResponseBodyContent()): null

17-06-2026T13:55:36 - [TEST_STEP][PASSED] - unikKey = data.getValue("ChannelUniqueKeyId", row): null

17-06-2026T13:55:36 - [TEST_STEP][PASSED] - response = sendRequest(findTestObject("API/Posts/CoveringFlag/CovFlag_26688", ["ChannelUniqueKeyId":unikKey])): Send request successfully

17-06-2026T13:55:37 - [MESSAGE][INFO] - HAR: C:\Users\ACER\git\AutoAPI\Reports\20260617_134858\API\Pembukuan\pembukuanAPI\20260617_134858\requests\main\CovFlag_26688_183.har

17-06-2026T13:55:37 - [MESSAGE][PASSED] - Send request successfully

17-06-2026T13:55:37 - [TEST_STEP][PASSED] - println("=============================="): null

17-06-2026T13:55:37 - [TEST_STEP][PASSED] - println("Row                : " + row): null

17-06-2026T13:55:37 - [TEST_STEP][PASSED] - println("Channel Unique Key Id     : " + unikKey): null

17-06-2026T13:55:37 - [TEST_STEP][PASSED] - println("HTTP Status        : " + response.getStatusCode()): null

17-06-2026T13:55:37 - [TEST_STEP][PASSED] - println("Response Body      : " + response.getResponseBodyContent()): null

17-06-2026T13:55:37 - [TEST_STEP][PASSED] - unikKey = data.getValue("ChannelUniqueKeyId", row): null

17-06-2026T13:55:37 - [TEST_STEP][PASSED] - response = sendRequest(findTestObject("API/Posts/CoveringFlag/CovFlag_26688", ["ChannelUniqueKeyId":unikKey])): Send request successfully

17-06-2026T13:55:38 - [MESSAGE][INFO] - HAR: C:\Users\ACER\git\AutoAPI\Reports\20260617_134858\API\Pembukuan\pembukuanAPI\20260617_134858\requests\main\CovFlag_26688_184.har

17-06-2026T13:55:38 - [MESSAGE][PASSED] - Send request successfully

17-06-2026T13:55:38 - [TEST_STEP][PASSED] - println("=============================="): null

17-06-2026T13:55:38 - [TEST_STEP][PASSED] - println("Row                : " + row): null

17-06-2026T13:55:38 - [TEST_STEP][PASSED] - println("Channel Unique Key Id     : " + unikKey): null

17-06-2026T13:55:38 - [TEST_STEP][PASSED] - println("HTTP Status        : " + response.getStatusCode()): null

17-06-2026T13:55:38 - [TEST_STEP][PASSED] - println("Response Body      : " + response.getResponseBodyContent()): null

17-06-2026T13:55:38 - [TEST_STEP][PASSED] - unikKey = data.getValue("ChannelUniqueKeyId", row): null

17-06-2026T13:55:38 - [TEST_STEP][PASSED] - response = sendRequest(findTestObject("API/Posts/CoveringFlag/CovFlag_26688", ["ChannelUniqueKeyId":unikKey])): Send request successfully

17-06-2026T13:55:38 - [MESSAGE][INFO] - HAR: C:\Users\ACER\git\AutoAPI\Reports\20260617_134858\API\Pembukuan\pembukuanAPI\20260617_134858\requests\main\CovFlag_26688_185.har

17-06-2026T13:55:38 - [MESSAGE][PASSED] - Send request successfully

17-06-2026T13:55:38 - [TEST_STEP][PASSED] - println("=============================="): null

17-06-2026T13:55:38 - [TEST_STEP][PASSED] - println("Row                : " + row): null

17-06-2026T13:55:38 - [TEST_STEP][PASSED] - println("Channel Unique Key Id     : " + unikKey): null

17-06-2026T13:55:38 - [TEST_STEP][PASSED] - println("HTTP Status        : " + response.getStatusCode()): null

17-06-2026T13:55:38 - [TEST_STEP][PASSED] - println("Response Body      : " + response.getResponseBodyContent()): null

17-06-2026T13:55:38 - [TEST_STEP][PASSED] - unikKey = data.getValue("ChannelUniqueKeyId", row): null

17-06-2026T13:55:38 - [TEST_STEP][PASSED] - response = sendRequest(findTestObject("API/Posts/CoveringFlag/CovFlag_26688", ["ChannelUniqueKeyId":unikKey])): Send request successfully

17-06-2026T13:55:39 - [MESSAGE][INFO] - HAR: C:\Users\ACER\git\AutoAPI\Reports\20260617_134858\API\Pembukuan\pembukuanAPI\20260617_134858\requests\main\CovFlag_26688_186.har

17-06-2026T13:55:39 - [MESSAGE][PASSED] - Send request successfully

17-06-2026T13:55:39 - [TEST_STEP][PASSED] - println("=============================="): null

17-06-2026T13:55:39 - [TEST_STEP][PASSED] - println("Row                : " + row): null

17-06-2026T13:55:39 - [TEST_STEP][PASSED] - println("Channel Unique Key Id     : " + unikKey): null

17-06-2026T13:55:39 - [TEST_STEP][PASSED] - println("HTTP Status        : " + response.getStatusCode()): null

17-06-2026T13:55:39 - [TEST_STEP][PASSED] - println("Response Body      : " + response.getResponseBodyContent()): null

17-06-2026T13:55:39 - [TEST_STEP][PASSED] - unikKey = data.getValue("ChannelUniqueKeyId", row): null

17-06-2026T13:55:39 - [TEST_STEP][PASSED] - response = sendRequest(findTestObject("API/Posts/CoveringFlag/CovFlag_26688", ["ChannelUniqueKeyId":unikKey])): Send request successfully

17-06-2026T13:55:40 - [MESSAGE][INFO] - HAR: C:\Users\ACER\git\AutoAPI\Reports\20260617_134858\API\Pembukuan\pembukuanAPI\20260617_134858\requests\main\CovFlag_26688_187.har

17-06-2026T13:55:40 - [MESSAGE][PASSED] - Send request successfully

17-06-2026T13:55:40 - [TEST_STEP][PASSED] - println("=============================="): null

17-06-2026T13:55:40 - [TEST_STEP][PASSED] - println("Row                : " + row): null

17-06-2026T13:55:40 - [TEST_STEP][PASSED] - println("Channel Unique Key Id     : " + unikKey): null

17-06-2026T13:55:40 - [TEST_STEP][PASSED] - println("HTTP Status        : " + response.getStatusCode()): null

17-06-2026T13:55:40 - [TEST_STEP][PASSED] - println("Response Body      : " + response.getResponseBodyContent()): null

17-06-2026T13:55:40 - [TEST_STEP][PASSED] - unikKey = data.getValue("ChannelUniqueKeyId", row): null

17-06-2026T13:55:40 - [TEST_STEP][PASSED] - response = sendRequest(findTestObject("API/Posts/CoveringFlag/CovFlag_26688", ["ChannelUniqueKeyId":unikKey])): Send request successfully

17-06-2026T13:55:41 - [MESSAGE][INFO] - HAR: C:\Users\ACER\git\AutoAPI\Reports\20260617_134858\API\Pembukuan\pembukuanAPI\20260617_134858\requests\main\CovFlag_26688_188.har

17-06-2026T13:55:41 - [MESSAGE][PASSED] - Send request successfully

17-06-2026T13:55:41 - [TEST_STEP][PASSED] - println("=============================="): null

17-06-2026T13:55:41 - [TEST_STEP][PASSED] - println("Row                : " + row): null

17-06-2026T13:55:41 - [TEST_STEP][PASSED] - println("Channel Unique Key Id     : " + unikKey): null

17-06-2026T13:55:41 - [TEST_STEP][PASSED] - println("HTTP Status        : " + response.getStatusCode()): null

17-06-2026T13:55:41 - [TEST_STEP][PASSED] - println("Response Body      : " + response.getResponseBodyContent()): null

17-06-2026T13:55:41 - [TEST_STEP][PASSED] - unikKey = data.getValue("ChannelUniqueKeyId", row): null

17-06-2026T13:55:41 - [TEST_STEP][PASSED] - response = sendRequest(findTestObject("API/Posts/CoveringFlag/CovFlag_26688", ["ChannelUniqueKeyId":unikKey])): Send request successfully

17-06-2026T13:55:42 - [MESSAGE][INFO] - HAR: C:\Users\ACER\git\AutoAPI\Reports\20260617_134858\API\Pembukuan\pembukuanAPI\20260617_134858\requests\main\CovFlag_26688_189.har

17-06-2026T13:55:42 - [MESSAGE][PASSED] - Send request successfully

17-06-2026T13:55:42 - [TEST_STEP][PASSED] - println("=============================="): null

17-06-2026T13:55:42 - [TEST_STEP][PASSED] - println("Row                : " + row): null

17-06-2026T13:55:42 - [TEST_STEP][PASSED] - println("Channel Unique Key Id     : " + unikKey): null

17-06-2026T13:55:42 - [TEST_STEP][PASSED] - println("HTTP Status        : " + response.getStatusCode()): null

17-06-2026T13:55:42 - [TEST_STEP][PASSED] - println("Response Body      : " + response.getResponseBodyContent()): null

17-06-2026T13:55:42 - [TEST_STEP][PASSED] - unikKey = data.getValue("ChannelUniqueKeyId", row): null

17-06-2026T13:55:42 - [TEST_STEP][PASSED] - response = sendRequest(findTestObject("API/Posts/CoveringFlag/CovFlag_26688", ["ChannelUniqueKeyId":unikKey])): Send request successfully

17-06-2026T13:55:43 - [MESSAGE][INFO] - HAR: C:\Users\ACER\git\AutoAPI\Reports\20260617_134858\API\Pembukuan\pembukuanAPI\20260617_134858\requests\main\CovFlag_26688_190.har

17-06-2026T13:55:43 - [MESSAGE][PASSED] - Send request successfully

17-06-2026T13:55:43 - [TEST_STEP][PASSED] - println("=============================="): null

17-06-2026T13:55:43 - [TEST_STEP][PASSED] - println("Row                : " + row): null

17-06-2026T13:55:43 - [TEST_STEP][PASSED] - println("Channel Unique Key Id     : " + unikKey): null

17-06-2026T13:55:43 - [TEST_STEP][PASSED] - println("HTTP Status        : " + response.getStatusCode()): null

17-06-2026T13:55:43 - [TEST_STEP][PASSED] - println("Response Body      : " + response.getResponseBodyContent()): null

17-06-2026T13:55:43 - [TEST_STEP][PASSED] - unikKey = data.getValue("ChannelUniqueKeyId", row): null

17-06-2026T13:55:43 - [TEST_STEP][PASSED] - response = sendRequest(findTestObject("API/Posts/CoveringFlag/CovFlag_26688", ["ChannelUniqueKeyId":unikKey])): Send request successfully

17-06-2026T13:55:44 - [MESSAGE][INFO] - HAR: C:\Users\ACER\git\AutoAPI\Reports\20260617_134858\API\Pembukuan\pembukuanAPI\20260617_134858\requests\main\CovFlag_26688_191.har

17-06-2026T13:55:44 - [MESSAGE][PASSED] - Send request successfully

17-06-2026T13:55:44 - [TEST_STEP][PASSED] - println("=============================="): null

17-06-2026T13:55:44 - [TEST_STEP][PASSED] - println("Row                : " + row): null

17-06-2026T13:55:44 - [TEST_STEP][PASSED] - println("Channel Unique Key Id     : " + unikKey): null

17-06-2026T13:55:44 - [TEST_STEP][PASSED] - println("HTTP Status        : " + response.getStatusCode()): null

17-06-2026T13:55:44 - [TEST_STEP][PASSED] - println("Response Body      : " + response.getResponseBodyContent()): null

17-06-2026T13:55:44 - [TEST_STEP][PASSED] - unikKey = data.getValue("ChannelUniqueKeyId", row): null

17-06-2026T13:55:44 - [TEST_STEP][PASSED] - response = sendRequest(findTestObject("API/Posts/CoveringFlag/CovFlag_26688", ["ChannelUniqueKeyId":unikKey])): Send request successfully

17-06-2026T13:55:45 - [MESSAGE][INFO] - HAR: C:\Users\ACER\git\AutoAPI\Reports\20260617_134858\API\Pembukuan\pembukuanAPI\20260617_134858\requests\main\CovFlag_26688_192.har

17-06-2026T13:55:45 - [MESSAGE][PASSED] - Send request successfully

17-06-2026T13:55:45 - [TEST_STEP][PASSED] - println("=============================="): null

17-06-2026T13:55:45 - [TEST_STEP][PASSED] - println("Row                : " + row): null

17-06-2026T13:55:45 - [TEST_STEP][PASSED] - println("Channel Unique Key Id     : " + unikKey): null

17-06-2026T13:55:45 - [TEST_STEP][PASSED] - println("HTTP Status        : " + response.getStatusCode()): null

17-06-2026T13:55:45 - [TEST_STEP][PASSED] - println("Response Body      : " + response.getResponseBodyContent()): null

17-06-2026T13:55:45 - [TEST_STEP][PASSED] - unikKey = data.getValue("ChannelUniqueKeyId", row): null

17-06-2026T13:55:45 - [TEST_STEP][PASSED] - response = sendRequest(findTestObject("API/Posts/CoveringFlag/CovFlag_26688", ["ChannelUniqueKeyId":unikKey])): Send request successfully

17-06-2026T13:55:46 - [MESSAGE][INFO] - HAR: C:\Users\ACER\git\AutoAPI\Reports\20260617_134858\API\Pembukuan\pembukuanAPI\20260617_134858\requests\main\CovFlag_26688_193.har

17-06-2026T13:55:46 - [MESSAGE][PASSED] - Send request successfully

17-06-2026T13:55:46 - [TEST_STEP][PASSED] - println("=============================="): null

17-06-2026T13:55:46 - [TEST_STEP][PASSED] - println("Row                : " + row): null

17-06-2026T13:55:46 - [TEST_STEP][PASSED] - println("Channel Unique Key Id     : " + unikKey): null

17-06-2026T13:55:46 - [TEST_STEP][PASSED] - println("HTTP Status        : " + response.getStatusCode()): null

17-06-2026T13:55:46 - [TEST_STEP][PASSED] - println("Response Body      : " + response.getResponseBodyContent()): null

17-06-2026T13:55:46 - [TEST_STEP][PASSED] - unikKey = data.getValue("ChannelUniqueKeyId", row): null

17-06-2026T13:55:46 - [TEST_STEP][PASSED] - response = sendRequest(findTestObject("API/Posts/CoveringFlag/CovFlag_26688", ["ChannelUniqueKeyId":unikKey])): Send request successfully

17-06-2026T13:55:47 - [MESSAGE][INFO] - HAR: C:\Users\ACER\git\AutoAPI\Reports\20260617_134858\API\Pembukuan\pembukuanAPI\20260617_134858\requests\main\CovFlag_26688_194.har

17-06-2026T13:55:47 - [MESSAGE][PASSED] - Send request successfully

17-06-2026T13:55:47 - [TEST_STEP][PASSED] - println("=============================="): null

17-06-2026T13:55:47 - [TEST_STEP][PASSED] - println("Row                : " + row): null

17-06-2026T13:55:47 - [TEST_STEP][PASSED] - println("Channel Unique Key Id     : " + unikKey): null

17-06-2026T13:55:47 - [TEST_STEP][PASSED] - println("HTTP Status        : " + response.getStatusCode()): null

17-06-2026T13:55:47 - [TEST_STEP][PASSED] - println("Response Body      : " + response.getResponseBodyContent()): null

17-06-2026T13:55:47 - [TEST_STEP][PASSED] - unikKey = data.getValue("ChannelUniqueKeyId", row): null

17-06-2026T13:55:47 - [TEST_STEP][PASSED] - response = sendRequest(findTestObject("API/Posts/CoveringFlag/CovFlag_26688", ["ChannelUniqueKeyId":unikKey])): Send request successfully

17-06-2026T13:55:48 - [MESSAGE][INFO] - HAR: C:\Users\ACER\git\AutoAPI\Reports\20260617_134858\API\Pembukuan\pembukuanAPI\20260617_134858\requests\main\CovFlag_26688_195.har

17-06-2026T13:55:48 - [MESSAGE][PASSED] - Send request successfully

17-06-2026T13:55:48 - [TEST_STEP][PASSED] - println("=============================="): null

17-06-2026T13:55:48 - [TEST_STEP][PASSED] - println("Row                : " + row): null

17-06-2026T13:55:48 - [TEST_STEP][PASSED] - println("Channel Unique Key Id     : " + unikKey): null

17-06-2026T13:55:48 - [TEST_STEP][PASSED] - println("HTTP Status        : " + response.getStatusCode()): null

17-06-2026T13:55:48 - [TEST_STEP][PASSED] - println("Response Body      : " + response.getResponseBodyContent()): null

17-06-2026T13:55:48 - [TEST_STEP][PASSED] - unikKey = data.getValue("ChannelUniqueKeyId", row): null

17-06-2026T13:55:48 - [TEST_STEP][PASSED] - response = sendRequest(findTestObject("API/Posts/CoveringFlag/CovFlag_26688", ["ChannelUniqueKeyId":unikKey])): Send request successfully

17-06-2026T13:55:49 - [MESSAGE][INFO] - HAR: C:\Users\ACER\git\AutoAPI\Reports\20260617_134858\API\Pembukuan\pembukuanAPI\20260617_134858\requests\main\CovFlag_26688_196.har

17-06-2026T13:55:49 - [MESSAGE][PASSED] - Send request successfully

17-06-2026T13:55:49 - [TEST_STEP][PASSED] - println("=============================="): null

17-06-2026T13:55:49 - [TEST_STEP][PASSED] - println("Row                : " + row): null

17-06-2026T13:55:49 - [TEST_STEP][PASSED] - println("Channel Unique Key Id     : " + unikKey): null

17-06-2026T13:55:49 - [TEST_STEP][PASSED] - println("HTTP Status        : " + response.getStatusCode()): null

17-06-2026T13:55:49 - [TEST_STEP][PASSED] - println("Response Body      : " + response.getResponseBodyContent()): null

17-06-2026T13:55:49 - [TEST_STEP][PASSED] - unikKey = data.getValue("ChannelUniqueKeyId", row): null

17-06-2026T13:55:49 - [TEST_STEP][PASSED] - response = sendRequest(findTestObject("API/Posts/CoveringFlag/CovFlag_26688", ["ChannelUniqueKeyId":unikKey])): Send request successfully

17-06-2026T13:55:50 - [MESSAGE][INFO] - HAR: C:\Users\ACER\git\AutoAPI\Reports\20260617_134858\API\Pembukuan\pembukuanAPI\20260617_134858\requests\main\CovFlag_26688_197.har

17-06-2026T13:55:50 - [MESSAGE][PASSED] - Send request successfully

17-06-2026T13:55:50 - [TEST_STEP][PASSED] - println("=============================="): null

17-06-2026T13:55:50 - [TEST_STEP][PASSED] - println("Row                : " + row): null

17-06-2026T13:55:50 - [TEST_STEP][PASSED] - println("Channel Unique Key Id     : " + unikKey): null

17-06-2026T13:55:50 - [TEST_STEP][PASSED] - println("HTTP Status        : " + response.getStatusCode()): null

17-06-2026T13:55:50 - [TEST_STEP][PASSED] - println("Response Body      : " + response.getResponseBodyContent()): null

17-06-2026T13:55:50 - [TEST_STEP][PASSED] - unikKey = data.getValue("ChannelUniqueKeyId", row): null

17-06-2026T13:55:50 - [TEST_STEP][PASSED] - response = sendRequest(findTestObject("API/Posts/CoveringFlag/CovFlag_26688", ["ChannelUniqueKeyId":unikKey])): Send request successfully

17-06-2026T13:55:51 - [MESSAGE][INFO] - HAR: C:\Users\ACER\git\AutoAPI\Reports\20260617_134858\API\Pembukuan\pembukuanAPI\20260617_134858\requests\main\CovFlag_26688_198.har

17-06-2026T13:55:51 - [MESSAGE][PASSED] - Send request successfully

17-06-2026T13:55:51 - [TEST_STEP][PASSED] - println("=============================="): null

17-06-2026T13:55:51 - [TEST_STEP][PASSED] - println("Row                : " + row): null

17-06-2026T13:55:51 - [TEST_STEP][PASSED] - println("Channel Unique Key Id     : " + unikKey): null

17-06-2026T13:55:51 - [TEST_STEP][PASSED] - println("HTTP Status        : " + response.getStatusCode()): null

17-06-2026T13:55:51 - [TEST_STEP][PASSED] - println("Response Body      : " + response.getResponseBodyContent()): null

17-06-2026T13:55:51 - [TEST_STEP][PASSED] - unikKey = data.getValue("ChannelUniqueKeyId", row): null

17-06-2026T13:55:51 - [TEST_STEP][PASSED] - response = sendRequest(findTestObject("API/Posts/CoveringFlag/CovFlag_26688", ["ChannelUniqueKeyId":unikKey])): Send request successfully

17-06-2026T13:55:51 - [MESSAGE][INFO] - HAR: C:\Users\ACER\git\AutoAPI\Reports\20260617_134858\API\Pembukuan\pembukuanAPI\20260617_134858\requests\main\CovFlag_26688_199.har

17-06-2026T13:55:51 - [MESSAGE][PASSED] - Send request successfully

17-06-2026T13:55:51 - [TEST_STEP][PASSED] - println("=============================="): null

17-06-2026T13:55:51 - [TEST_STEP][PASSED] - println("Row                : " + row): null

17-06-2026T13:55:51 - [TEST_STEP][PASSED] - println("Channel Unique Key Id     : " + unikKey): null

17-06-2026T13:55:51 - [TEST_STEP][PASSED] - println("HTTP Status        : " + response.getStatusCode()): null

17-06-2026T13:55:51 - [TEST_STEP][PASSED] - println("Response Body      : " + response.getResponseBodyContent()): null]]></system-out>
         <system-err><![CDATA[]]></system-err>
      </testcase>
      <system-out><![CDATA[17-06-2026T13:49:12 - [TEST_SUITE][PASSED] - pembukuanAPI: null]]></system-out>
      <system-err><![CDATA[]]></system-err>
   </testsuite>
</testsuites>
