<?xml version="1.0" encoding="UTF-8"?>
<testsuites name="testCovering" time="69.04" tests="2" failures="0" errors="0">
   <testsuite name="testCovering" tests="2" failures="0" errors="0" time="69.04" skipped="0" timestamp="2026-06-15T07:48:05.015Z" hostname="ACER - DESKTOP-RC89JE8" id="Test Suites/Test API Sample/testCovering">
      <properties>
         <property name="deviceName" value=""/>
         <property name="devicePlatform"/>
         <property name="logFolder" value="C:\\Users\\ACER\\Katalon Studio\\sp3Final-master\\Reports\\20260615_144742\\Test API Sample\\testCovering\\20260615_144742"/>
         <property name="logFiles" value="C:\\Users\\ACER\\Katalon Studio\\sp3Final-master\\Reports\\20260615_144742\\Test API Sample\\testCovering\\20260615_144742\\console0.log, C:\\Users\\ACER\\Katalon Studio\\sp3Final-master\\Reports\\20260615_144742\\Test API Sample\\testCovering\\20260615_144742\\execution0.log"/>
         <property name="attachments" value=""/>
         <property name="userFullName" value="Quality Assurance"/>
         <property name="hostName" value="ACER - DESKTOP-RC89JE8"/>
         <property name="hostAddress" value="10.1.48.125"/>
         <property name="projectName" value="sp3Final"/>
         <property name="os" value="Windows 10 64bit"/>
         <property name="katalonVersion" value="10.3.1.0"/>
      </properties>
      <testcase name="Test Cases/Sample/Test Val/CovVal1" time="46.484" classname="Test Cases/Sample/Test Val/CovVal1" status="PASSED">
         <system-out><![CDATA[15-06-2026T14:48:07 - [TEST_CASE][PASSED] - Test Cases/Sample/Test Val/CovVal1: Test Cases/Sample/Test Val/CovVal1

15-06-2026T14:48:08 - [TEST_STEP][PASSED] - data = findTestData("Data Files/Test/SampleVal"): null

15-06-2026T14:48:09 - [TEST_STEP][PASSED] - totalRow = data.getRowNumbers(): null

15-06-2026T14:48:09 - [TEST_STEP][PASSED] - println("Total Data : " + totalRow): null

15-06-2026T14:48:09 - [TEST_STEP][PASSED] - for ([row = 1, row <= totalRow, (row++)]): null

15-06-2026T14:48:10 - [TEST_STEP][PASSED] - unikKey = data.getValue("ChannelUniqueKeyId", row): null

15-06-2026T14:48:10 - [TEST_STEP][PASSED] - requestId = currentTimeMillis().toString() + row: null

15-06-2026T14:48:10 - [TEST_STEP][PASSED] - response = sendRequest(findTestObject("API/Posts/CoveringValidation/CovVal_26687", ["ChannelUniqueKeyId":unikKey])): Send request successfully

15-06-2026T14:48:16 - [MESSAGE][INFO] - HAR: C:\Users\ACER\Katalon Studio\sp3Final-master\Reports\20260615_144742\Test API Sample\testCovering\20260615_144742\requests\main\CovVal_26687_0.har

15-06-2026T14:48:17 - [MESSAGE][PASSED] - Send request successfully

15-06-2026T14:48:17 - [TEST_STEP][PASSED] - println("=============================="): null

15-06-2026T14:48:17 - [TEST_STEP][PASSED] - println("Row                : " + row): null

15-06-2026T14:48:17 - [TEST_STEP][PASSED] - println("Channel Unique Key Id     : " + unikKey): null

15-06-2026T14:48:17 - [TEST_STEP][PASSED] - println("HTTP Status        : " + response.getStatusCode()): null

15-06-2026T14:48:17 - [TEST_STEP][PASSED] - println("Response Body      : " + response.getResponseBodyContent()): null

15-06-2026T14:48:17 - [TEST_STEP][PASSED] - unikKey = data.getValue("ChannelUniqueKeyId", row): null

15-06-2026T14:48:17 - [TEST_STEP][PASSED] - requestId = currentTimeMillis().toString() + row: null

15-06-2026T14:48:17 - [TEST_STEP][PASSED] - response = sendRequest(findTestObject("API/Posts/CoveringValidation/CovVal_26687", ["ChannelUniqueKeyId":unikKey])): Send request successfully

15-06-2026T14:48:20 - [MESSAGE][INFO] - HAR: C:\Users\ACER\Katalon Studio\sp3Final-master\Reports\20260615_144742\Test API Sample\testCovering\20260615_144742\requests\main\CovVal_26687_1.har

15-06-2026T14:48:20 - [MESSAGE][PASSED] - Send request successfully

15-06-2026T14:48:20 - [TEST_STEP][PASSED] - println("=============================="): null

15-06-2026T14:48:20 - [TEST_STEP][PASSED] - println("Row                : " + row): null

15-06-2026T14:48:20 - [TEST_STEP][PASSED] - println("Channel Unique Key Id     : " + unikKey): null

15-06-2026T14:48:20 - [TEST_STEP][PASSED] - println("HTTP Status        : " + response.getStatusCode()): null

15-06-2026T14:48:20 - [TEST_STEP][PASSED] - println("Response Body      : " + response.getResponseBodyContent()): null

15-06-2026T14:48:20 - [TEST_STEP][PASSED] - unikKey = data.getValue("ChannelUniqueKeyId", row): null

15-06-2026T14:48:20 - [TEST_STEP][PASSED] - requestId = currentTimeMillis().toString() + row: null

15-06-2026T14:48:20 - [TEST_STEP][PASSED] - response = sendRequest(findTestObject("API/Posts/CoveringValidation/CovVal_26687", ["ChannelUniqueKeyId":unikKey])): Send request successfully

15-06-2026T14:48:23 - [MESSAGE][INFO] - HAR: C:\Users\ACER\Katalon Studio\sp3Final-master\Reports\20260615_144742\Test API Sample\testCovering\20260615_144742\requests\main\CovVal_26687_2.har

15-06-2026T14:48:23 - [MESSAGE][PASSED] - Send request successfully

15-06-2026T14:48:23 - [TEST_STEP][PASSED] - println("=============================="): null

15-06-2026T14:48:23 - [TEST_STEP][PASSED] - println("Row                : " + row): null

15-06-2026T14:48:23 - [TEST_STEP][PASSED] - println("Channel Unique Key Id     : " + unikKey): null

15-06-2026T14:48:23 - [TEST_STEP][PASSED] - println("HTTP Status        : " + response.getStatusCode()): null

15-06-2026T14:48:23 - [TEST_STEP][PASSED] - println("Response Body      : " + response.getResponseBodyContent()): null

15-06-2026T14:48:23 - [TEST_STEP][PASSED] - unikKey = data.getValue("ChannelUniqueKeyId", row): null

15-06-2026T14:48:23 - [TEST_STEP][PASSED] - requestId = currentTimeMillis().toString() + row: null

15-06-2026T14:48:23 - [TEST_STEP][PASSED] - response = sendRequest(findTestObject("API/Posts/CoveringValidation/CovVal_26687", ["ChannelUniqueKeyId":unikKey])): Send request successfully

15-06-2026T14:48:26 - [MESSAGE][INFO] - HAR: C:\Users\ACER\Katalon Studio\sp3Final-master\Reports\20260615_144742\Test API Sample\testCovering\20260615_144742\requests\main\CovVal_26687_3.har

15-06-2026T14:48:26 - [MESSAGE][PASSED] - Send request successfully

15-06-2026T14:48:26 - [TEST_STEP][PASSED] - println("=============================="): null

15-06-2026T14:48:26 - [TEST_STEP][PASSED] - println("Row                : " + row): null

15-06-2026T14:48:26 - [TEST_STEP][PASSED] - println("Channel Unique Key Id     : " + unikKey): null

15-06-2026T14:48:26 - [TEST_STEP][PASSED] - println("HTTP Status        : " + response.getStatusCode()): null

15-06-2026T14:48:26 - [TEST_STEP][PASSED] - println("Response Body      : " + response.getResponseBodyContent()): null

15-06-2026T14:48:26 - [TEST_STEP][PASSED] - unikKey = data.getValue("ChannelUniqueKeyId", row): null

15-06-2026T14:48:26 - [TEST_STEP][PASSED] - requestId = currentTimeMillis().toString() + row: null

15-06-2026T14:48:26 - [TEST_STEP][PASSED] - response = sendRequest(findTestObject("API/Posts/CoveringValidation/CovVal_26687", ["ChannelUniqueKeyId":unikKey])): Send request successfully

15-06-2026T14:48:28 - [MESSAGE][INFO] - HAR: C:\Users\ACER\Katalon Studio\sp3Final-master\Reports\20260615_144742\Test API Sample\testCovering\20260615_144742\requests\main\CovVal_26687_4.har

15-06-2026T14:48:28 - [MESSAGE][PASSED] - Send request successfully

15-06-2026T14:48:28 - [TEST_STEP][PASSED] - println("=============================="): null

15-06-2026T14:48:28 - [TEST_STEP][PASSED] - println("Row                : " + row): null

15-06-2026T14:48:28 - [TEST_STEP][PASSED] - println("Channel Unique Key Id     : " + unikKey): null

15-06-2026T14:48:28 - [TEST_STEP][PASSED] - println("HTTP Status        : " + response.getStatusCode()): null

15-06-2026T14:48:28 - [TEST_STEP][PASSED] - println("Response Body      : " + response.getResponseBodyContent()): null

15-06-2026T14:48:28 - [TEST_STEP][PASSED] - unikKey = data.getValue("ChannelUniqueKeyId", row): null

15-06-2026T14:48:28 - [TEST_STEP][PASSED] - requestId = currentTimeMillis().toString() + row: null

15-06-2026T14:48:28 - [TEST_STEP][PASSED] - response = sendRequest(findTestObject("API/Posts/CoveringValidation/CovVal_26687", ["ChannelUniqueKeyId":unikKey])): Send request successfully

15-06-2026T14:48:31 - [MESSAGE][INFO] - HAR: C:\Users\ACER\Katalon Studio\sp3Final-master\Reports\20260615_144742\Test API Sample\testCovering\20260615_144742\requests\main\CovVal_26687_5.har

15-06-2026T14:48:31 - [MESSAGE][PASSED] - Send request successfully

15-06-2026T14:48:31 - [TEST_STEP][PASSED] - println("=============================="): null

15-06-2026T14:48:31 - [TEST_STEP][PASSED] - println("Row                : " + row): null

15-06-2026T14:48:31 - [TEST_STEP][PASSED] - println("Channel Unique Key Id     : " + unikKey): null

15-06-2026T14:48:31 - [TEST_STEP][PASSED] - println("HTTP Status        : " + response.getStatusCode()): null

15-06-2026T14:48:31 - [TEST_STEP][PASSED] - println("Response Body      : " + response.getResponseBodyContent()): null

15-06-2026T14:48:31 - [TEST_STEP][PASSED] - unikKey = data.getValue("ChannelUniqueKeyId", row): null

15-06-2026T14:48:31 - [TEST_STEP][PASSED] - requestId = currentTimeMillis().toString() + row: null

15-06-2026T14:48:31 - [TEST_STEP][PASSED] - response = sendRequest(findTestObject("API/Posts/CoveringValidation/CovVal_26687", ["ChannelUniqueKeyId":unikKey])): Send request successfully

15-06-2026T14:48:34 - [MESSAGE][INFO] - HAR: C:\Users\ACER\Katalon Studio\sp3Final-master\Reports\20260615_144742\Test API Sample\testCovering\20260615_144742\requests\main\CovVal_26687_6.har

15-06-2026T14:48:34 - [MESSAGE][PASSED] - Send request successfully

15-06-2026T14:48:34 - [TEST_STEP][PASSED] - println("=============================="): null

15-06-2026T14:48:34 - [TEST_STEP][PASSED] - println("Row                : " + row): null

15-06-2026T14:48:34 - [TEST_STEP][PASSED] - println("Channel Unique Key Id     : " + unikKey): null

15-06-2026T14:48:34 - [TEST_STEP][PASSED] - println("HTTP Status        : " + response.getStatusCode()): null

15-06-2026T14:48:34 - [TEST_STEP][PASSED] - println("Response Body      : " + response.getResponseBodyContent()): null

15-06-2026T14:48:34 - [TEST_STEP][PASSED] - unikKey = data.getValue("ChannelUniqueKeyId", row): null

15-06-2026T14:48:34 - [TEST_STEP][PASSED] - requestId = currentTimeMillis().toString() + row: null

15-06-2026T14:48:34 - [TEST_STEP][PASSED] - response = sendRequest(findTestObject("API/Posts/CoveringValidation/CovVal_26687", ["ChannelUniqueKeyId":unikKey])): Send request successfully

15-06-2026T14:48:37 - [MESSAGE][INFO] - HAR: C:\Users\ACER\Katalon Studio\sp3Final-master\Reports\20260615_144742\Test API Sample\testCovering\20260615_144742\requests\main\CovVal_26687_7.har

15-06-2026T14:48:37 - [MESSAGE][PASSED] - Send request successfully

15-06-2026T14:48:37 - [TEST_STEP][PASSED] - println("=============================="): null

15-06-2026T14:48:37 - [TEST_STEP][PASSED] - println("Row                : " + row): null

15-06-2026T14:48:37 - [TEST_STEP][PASSED] - println("Channel Unique Key Id     : " + unikKey): null

15-06-2026T14:48:37 - [TEST_STEP][PASSED] - println("HTTP Status        : " + response.getStatusCode()): null

15-06-2026T14:48:37 - [TEST_STEP][PASSED] - println("Response Body      : " + response.getResponseBodyContent()): null

15-06-2026T14:48:37 - [TEST_STEP][PASSED] - unikKey = data.getValue("ChannelUniqueKeyId", row): null

15-06-2026T14:48:37 - [TEST_STEP][PASSED] - requestId = currentTimeMillis().toString() + row: null

15-06-2026T14:48:37 - [TEST_STEP][PASSED] - response = sendRequest(findTestObject("API/Posts/CoveringValidation/CovVal_26687", ["ChannelUniqueKeyId":unikKey])): Send request successfully

15-06-2026T14:48:37 - [MESSAGE][INFO] - HAR: C:\Users\ACER\Katalon Studio\sp3Final-master\Reports\20260615_144742\Test API Sample\testCovering\20260615_144742\requests\main\CovVal_26687_8.har

15-06-2026T14:48:37 - [MESSAGE][PASSED] - Send request successfully

15-06-2026T14:48:37 - [TEST_STEP][PASSED] - println("=============================="): null

15-06-2026T14:48:37 - [TEST_STEP][PASSED] - println("Row                : " + row): null

15-06-2026T14:48:37 - [TEST_STEP][PASSED] - println("Channel Unique Key Id     : " + unikKey): null

15-06-2026T14:48:37 - [TEST_STEP][PASSED] - println("HTTP Status        : " + response.getStatusCode()): null

15-06-2026T14:48:37 - [TEST_STEP][PASSED] - println("Response Body      : " + response.getResponseBodyContent()): null

15-06-2026T14:48:37 - [TEST_STEP][PASSED] - unikKey = data.getValue("ChannelUniqueKeyId", row): null

15-06-2026T14:48:37 - [TEST_STEP][PASSED] - requestId = currentTimeMillis().toString() + row: null

15-06-2026T14:48:37 - [TEST_STEP][PASSED] - response = sendRequest(findTestObject("API/Posts/CoveringValidation/CovVal_26687", ["ChannelUniqueKeyId":unikKey])): Send request successfully

15-06-2026T14:48:38 - [MESSAGE][INFO] - HAR: C:\Users\ACER\Katalon Studio\sp3Final-master\Reports\20260615_144742\Test API Sample\testCovering\20260615_144742\requests\main\CovVal_26687_9.har

15-06-2026T14:48:38 - [MESSAGE][PASSED] - Send request successfully

15-06-2026T14:48:38 - [TEST_STEP][PASSED] - println("=============================="): null

15-06-2026T14:48:38 - [TEST_STEP][PASSED] - println("Row                : " + row): null

15-06-2026T14:48:38 - [TEST_STEP][PASSED] - println("Channel Unique Key Id     : " + unikKey): null

15-06-2026T14:48:38 - [TEST_STEP][PASSED] - println("HTTP Status        : " + response.getStatusCode()): null

15-06-2026T14:48:38 - [TEST_STEP][PASSED] - println("Response Body      : " + response.getResponseBodyContent()): null

15-06-2026T14:48:38 - [TEST_STEP][PASSED] - unikKey = data.getValue("ChannelUniqueKeyId", row): null

15-06-2026T14:48:38 - [TEST_STEP][PASSED] - requestId = currentTimeMillis().toString() + row: null

15-06-2026T14:48:38 - [TEST_STEP][PASSED] - response = sendRequest(findTestObject("API/Posts/CoveringValidation/CovVal_26687", ["ChannelUniqueKeyId":unikKey])): Send request successfully

15-06-2026T14:48:38 - [MESSAGE][INFO] - HAR: C:\Users\ACER\Katalon Studio\sp3Final-master\Reports\20260615_144742\Test API Sample\testCovering\20260615_144742\requests\main\CovVal_26687_10.har

15-06-2026T14:48:38 - [MESSAGE][PASSED] - Send request successfully

15-06-2026T14:48:38 - [TEST_STEP][PASSED] - println("=============================="): null

15-06-2026T14:48:38 - [TEST_STEP][PASSED] - println("Row                : " + row): null

15-06-2026T14:48:38 - [TEST_STEP][PASSED] - println("Channel Unique Key Id     : " + unikKey): null

15-06-2026T14:48:38 - [TEST_STEP][PASSED] - println("HTTP Status        : " + response.getStatusCode()): null

15-06-2026T14:48:38 - [TEST_STEP][PASSED] - println("Response Body      : " + response.getResponseBodyContent()): null

15-06-2026T14:48:38 - [TEST_STEP][PASSED] - unikKey = data.getValue("ChannelUniqueKeyId", row): null

15-06-2026T14:48:38 - [TEST_STEP][PASSED] - requestId = currentTimeMillis().toString() + row: null

15-06-2026T14:48:38 - [TEST_STEP][PASSED] - response = sendRequest(findTestObject("API/Posts/CoveringValidation/CovVal_26687", ["ChannelUniqueKeyId":unikKey])): Send request successfully

15-06-2026T14:48:38 - [MESSAGE][INFO] - HAR: C:\Users\ACER\Katalon Studio\sp3Final-master\Reports\20260615_144742\Test API Sample\testCovering\20260615_144742\requests\main\CovVal_26687_11.har

15-06-2026T14:48:38 - [MESSAGE][PASSED] - Send request successfully

15-06-2026T14:48:38 - [TEST_STEP][PASSED] - println("=============================="): null

15-06-2026T14:48:38 - [TEST_STEP][PASSED] - println("Row                : " + row): null

15-06-2026T14:48:38 - [TEST_STEP][PASSED] - println("Channel Unique Key Id     : " + unikKey): null

15-06-2026T14:48:38 - [TEST_STEP][PASSED] - println("HTTP Status        : " + response.getStatusCode()): null

15-06-2026T14:48:38 - [TEST_STEP][PASSED] - println("Response Body      : " + response.getResponseBodyContent()): null

15-06-2026T14:48:38 - [TEST_STEP][PASSED] - unikKey = data.getValue("ChannelUniqueKeyId", row): null

15-06-2026T14:48:38 - [TEST_STEP][PASSED] - requestId = currentTimeMillis().toString() + row: null

15-06-2026T14:48:38 - [TEST_STEP][PASSED] - response = sendRequest(findTestObject("API/Posts/CoveringValidation/CovVal_26687", ["ChannelUniqueKeyId":unikKey])): Send request successfully

15-06-2026T14:48:38 - [MESSAGE][INFO] - HAR: C:\Users\ACER\Katalon Studio\sp3Final-master\Reports\20260615_144742\Test API Sample\testCovering\20260615_144742\requests\main\CovVal_26687_12.har

15-06-2026T14:48:38 - [MESSAGE][PASSED] - Send request successfully

15-06-2026T14:48:38 - [TEST_STEP][PASSED] - println("=============================="): null

15-06-2026T14:48:38 - [TEST_STEP][PASSED] - println("Row                : " + row): null

15-06-2026T14:48:38 - [TEST_STEP][PASSED] - println("Channel Unique Key Id     : " + unikKey): null

15-06-2026T14:48:38 - [TEST_STEP][PASSED] - println("HTTP Status        : " + response.getStatusCode()): null

15-06-2026T14:48:38 - [TEST_STEP][PASSED] - println("Response Body      : " + response.getResponseBodyContent()): null

15-06-2026T14:48:38 - [TEST_STEP][PASSED] - unikKey = data.getValue("ChannelUniqueKeyId", row): null

15-06-2026T14:48:38 - [TEST_STEP][PASSED] - requestId = currentTimeMillis().toString() + row: null

15-06-2026T14:48:38 - [TEST_STEP][PASSED] - response = sendRequest(findTestObject("API/Posts/CoveringValidation/CovVal_26687", ["ChannelUniqueKeyId":unikKey])): Send request successfully

15-06-2026T14:48:38 - [MESSAGE][INFO] - HAR: C:\Users\ACER\Katalon Studio\sp3Final-master\Reports\20260615_144742\Test API Sample\testCovering\20260615_144742\requests\main\CovVal_26687_13.har

15-06-2026T14:48:38 - [MESSAGE][PASSED] - Send request successfully

15-06-2026T14:48:38 - [TEST_STEP][PASSED] - println("=============================="): null

15-06-2026T14:48:38 - [TEST_STEP][PASSED] - println("Row                : " + row): null

15-06-2026T14:48:38 - [TEST_STEP][PASSED] - println("Channel Unique Key Id     : " + unikKey): null

15-06-2026T14:48:38 - [TEST_STEP][PASSED] - println("HTTP Status        : " + response.getStatusCode()): null

15-06-2026T14:48:38 - [TEST_STEP][PASSED] - println("Response Body      : " + response.getResponseBodyContent()): null

15-06-2026T14:48:38 - [TEST_STEP][PASSED] - unikKey = data.getValue("ChannelUniqueKeyId", row): null

15-06-2026T14:48:38 - [TEST_STEP][PASSED] - requestId = currentTimeMillis().toString() + row: null

15-06-2026T14:48:38 - [TEST_STEP][PASSED] - response = sendRequest(findTestObject("API/Posts/CoveringValidation/CovVal_26687", ["ChannelUniqueKeyId":unikKey])): Send request successfully

15-06-2026T14:48:39 - [MESSAGE][INFO] - HAR: C:\Users\ACER\Katalon Studio\sp3Final-master\Reports\20260615_144742\Test API Sample\testCovering\20260615_144742\requests\main\CovVal_26687_14.har

15-06-2026T14:48:39 - [MESSAGE][PASSED] - Send request successfully

15-06-2026T14:48:39 - [TEST_STEP][PASSED] - println("=============================="): null

15-06-2026T14:48:39 - [TEST_STEP][PASSED] - println("Row                : " + row): null

15-06-2026T14:48:39 - [TEST_STEP][PASSED] - println("Channel Unique Key Id     : " + unikKey): null

15-06-2026T14:48:39 - [TEST_STEP][PASSED] - println("HTTP Status        : " + response.getStatusCode()): null

15-06-2026T14:48:39 - [TEST_STEP][PASSED] - println("Response Body      : " + response.getResponseBodyContent()): null

15-06-2026T14:48:39 - [TEST_STEP][PASSED] - unikKey = data.getValue("ChannelUniqueKeyId", row): null

15-06-2026T14:48:39 - [TEST_STEP][PASSED] - requestId = currentTimeMillis().toString() + row: null

15-06-2026T14:48:39 - [TEST_STEP][PASSED] - response = sendRequest(findTestObject("API/Posts/CoveringValidation/CovVal_26687", ["ChannelUniqueKeyId":unikKey])): Send request successfully

15-06-2026T14:48:39 - [MESSAGE][INFO] - HAR: C:\Users\ACER\Katalon Studio\sp3Final-master\Reports\20260615_144742\Test API Sample\testCovering\20260615_144742\requests\main\CovVal_26687_15.har

15-06-2026T14:48:39 - [MESSAGE][PASSED] - Send request successfully

15-06-2026T14:48:39 - [TEST_STEP][PASSED] - println("=============================="): null

15-06-2026T14:48:39 - [TEST_STEP][PASSED] - println("Row                : " + row): null

15-06-2026T14:48:39 - [TEST_STEP][PASSED] - println("Channel Unique Key Id     : " + unikKey): null

15-06-2026T14:48:39 - [TEST_STEP][PASSED] - println("HTTP Status        : " + response.getStatusCode()): null

15-06-2026T14:48:39 - [TEST_STEP][PASSED] - println("Response Body      : " + response.getResponseBodyContent()): null

15-06-2026T14:48:39 - [TEST_STEP][PASSED] - unikKey = data.getValue("ChannelUniqueKeyId", row): null

15-06-2026T14:48:39 - [TEST_STEP][PASSED] - requestId = currentTimeMillis().toString() + row: null

15-06-2026T14:48:39 - [TEST_STEP][PASSED] - response = sendRequest(findTestObject("API/Posts/CoveringValidation/CovVal_26687", ["ChannelUniqueKeyId":unikKey])): Send request successfully

15-06-2026T14:48:39 - [MESSAGE][INFO] - HAR: C:\Users\ACER\Katalon Studio\sp3Final-master\Reports\20260615_144742\Test API Sample\testCovering\20260615_144742\requests\main\CovVal_26687_16.har

15-06-2026T14:48:39 - [MESSAGE][PASSED] - Send request successfully

15-06-2026T14:48:39 - [TEST_STEP][PASSED] - println("=============================="): null

15-06-2026T14:48:39 - [TEST_STEP][PASSED] - println("Row                : " + row): null

15-06-2026T14:48:39 - [TEST_STEP][PASSED] - println("Channel Unique Key Id     : " + unikKey): null

15-06-2026T14:48:39 - [TEST_STEP][PASSED] - println("HTTP Status        : " + response.getStatusCode()): null

15-06-2026T14:48:39 - [TEST_STEP][PASSED] - println("Response Body      : " + response.getResponseBodyContent()): null

15-06-2026T14:48:39 - [TEST_STEP][PASSED] - unikKey = data.getValue("ChannelUniqueKeyId", row): null

15-06-2026T14:48:39 - [TEST_STEP][PASSED] - requestId = currentTimeMillis().toString() + row: null

15-06-2026T14:48:39 - [TEST_STEP][PASSED] - response = sendRequest(findTestObject("API/Posts/CoveringValidation/CovVal_26687", ["ChannelUniqueKeyId":unikKey])): Send request successfully

15-06-2026T14:48:39 - [MESSAGE][INFO] - HAR: C:\Users\ACER\Katalon Studio\sp3Final-master\Reports\20260615_144742\Test API Sample\testCovering\20260615_144742\requests\main\CovVal_26687_17.har

15-06-2026T14:48:39 - [MESSAGE][PASSED] - Send request successfully

15-06-2026T14:48:39 - [TEST_STEP][PASSED] - println("=============================="): null

15-06-2026T14:48:39 - [TEST_STEP][PASSED] - println("Row                : " + row): null

15-06-2026T14:48:39 - [TEST_STEP][PASSED] - println("Channel Unique Key Id     : " + unikKey): null

15-06-2026T14:48:39 - [TEST_STEP][PASSED] - println("HTTP Status        : " + response.getStatusCode()): null

15-06-2026T14:48:39 - [TEST_STEP][PASSED] - println("Response Body      : " + response.getResponseBodyContent()): null

15-06-2026T14:48:39 - [TEST_STEP][PASSED] - unikKey = data.getValue("ChannelUniqueKeyId", row): null

15-06-2026T14:48:39 - [TEST_STEP][PASSED] - requestId = currentTimeMillis().toString() + row: null

15-06-2026T14:48:39 - [TEST_STEP][PASSED] - response = sendRequest(findTestObject("API/Posts/CoveringValidation/CovVal_26687", ["ChannelUniqueKeyId":unikKey])): Send request successfully

15-06-2026T14:48:39 - [MESSAGE][INFO] - HAR: C:\Users\ACER\Katalon Studio\sp3Final-master\Reports\20260615_144742\Test API Sample\testCovering\20260615_144742\requests\main\CovVal_26687_18.har

15-06-2026T14:48:39 - [MESSAGE][PASSED] - Send request successfully

15-06-2026T14:48:39 - [TEST_STEP][PASSED] - println("=============================="): null

15-06-2026T14:48:39 - [TEST_STEP][PASSED] - println("Row                : " + row): null

15-06-2026T14:48:39 - [TEST_STEP][PASSED] - println("Channel Unique Key Id     : " + unikKey): null

15-06-2026T14:48:39 - [TEST_STEP][PASSED] - println("HTTP Status        : " + response.getStatusCode()): null

15-06-2026T14:48:39 - [TEST_STEP][PASSED] - println("Response Body      : " + response.getResponseBodyContent()): null

15-06-2026T14:48:39 - [TEST_STEP][PASSED] - unikKey = data.getValue("ChannelUniqueKeyId", row): null

15-06-2026T14:48:39 - [TEST_STEP][PASSED] - requestId = currentTimeMillis().toString() + row: null

15-06-2026T14:48:39 - [TEST_STEP][PASSED] - response = sendRequest(findTestObject("API/Posts/CoveringValidation/CovVal_26687", ["ChannelUniqueKeyId":unikKey])): Send request successfully

15-06-2026T14:48:40 - [MESSAGE][INFO] - HAR: C:\Users\ACER\Katalon Studio\sp3Final-master\Reports\20260615_144742\Test API Sample\testCovering\20260615_144742\requests\main\CovVal_26687_19.har

15-06-2026T14:48:40 - [MESSAGE][PASSED] - Send request successfully

15-06-2026T14:48:40 - [TEST_STEP][PASSED] - println("=============================="): null

15-06-2026T14:48:40 - [TEST_STEP][PASSED] - println("Row                : " + row): null

15-06-2026T14:48:40 - [TEST_STEP][PASSED] - println("Channel Unique Key Id     : " + unikKey): null

15-06-2026T14:48:40 - [TEST_STEP][PASSED] - println("HTTP Status        : " + response.getStatusCode()): null

15-06-2026T14:48:40 - [TEST_STEP][PASSED] - println("Response Body      : " + response.getResponseBodyContent()): null

15-06-2026T14:48:40 - [TEST_STEP][PASSED] - unikKey = data.getValue("ChannelUniqueKeyId", row): null

15-06-2026T14:48:40 - [TEST_STEP][PASSED] - requestId = currentTimeMillis().toString() + row: null

15-06-2026T14:48:40 - [TEST_STEP][PASSED] - response = sendRequest(findTestObject("API/Posts/CoveringValidation/CovVal_26687", ["ChannelUniqueKeyId":unikKey])): Send request successfully

15-06-2026T14:48:40 - [MESSAGE][INFO] - HAR: C:\Users\ACER\Katalon Studio\sp3Final-master\Reports\20260615_144742\Test API Sample\testCovering\20260615_144742\requests\main\CovVal_26687_20.har

15-06-2026T14:48:40 - [MESSAGE][PASSED] - Send request successfully

15-06-2026T14:48:40 - [TEST_STEP][PASSED] - println("=============================="): null

15-06-2026T14:48:40 - [TEST_STEP][PASSED] - println("Row                : " + row): null

15-06-2026T14:48:40 - [TEST_STEP][PASSED] - println("Channel Unique Key Id     : " + unikKey): null

15-06-2026T14:48:40 - [TEST_STEP][PASSED] - println("HTTP Status        : " + response.getStatusCode()): null

15-06-2026T14:48:40 - [TEST_STEP][PASSED] - println("Response Body      : " + response.getResponseBodyContent()): null

15-06-2026T14:48:40 - [TEST_STEP][PASSED] - unikKey = data.getValue("ChannelUniqueKeyId", row): null

15-06-2026T14:48:40 - [TEST_STEP][PASSED] - requestId = currentTimeMillis().toString() + row: null

15-06-2026T14:48:40 - [TEST_STEP][PASSED] - response = sendRequest(findTestObject("API/Posts/CoveringValidation/CovVal_26687", ["ChannelUniqueKeyId":unikKey])): Send request successfully

15-06-2026T14:48:40 - [MESSAGE][INFO] - HAR: C:\Users\ACER\Katalon Studio\sp3Final-master\Reports\20260615_144742\Test API Sample\testCovering\20260615_144742\requests\main\CovVal_26687_21.har

15-06-2026T14:48:40 - [MESSAGE][PASSED] - Send request successfully

15-06-2026T14:48:40 - [TEST_STEP][PASSED] - println("=============================="): null

15-06-2026T14:48:40 - [TEST_STEP][PASSED] - println("Row                : " + row): null

15-06-2026T14:48:40 - [TEST_STEP][PASSED] - println("Channel Unique Key Id     : " + unikKey): null

15-06-2026T14:48:40 - [TEST_STEP][PASSED] - println("HTTP Status        : " + response.getStatusCode()): null

15-06-2026T14:48:40 - [TEST_STEP][PASSED] - println("Response Body      : " + response.getResponseBodyContent()): null

15-06-2026T14:48:40 - [TEST_STEP][PASSED] - unikKey = data.getValue("ChannelUniqueKeyId", row): null

15-06-2026T14:48:40 - [TEST_STEP][PASSED] - requestId = currentTimeMillis().toString() + row: null

15-06-2026T14:48:40 - [TEST_STEP][PASSED] - response = sendRequest(findTestObject("API/Posts/CoveringValidation/CovVal_26687", ["ChannelUniqueKeyId":unikKey])): Send request successfully

15-06-2026T14:48:40 - [MESSAGE][INFO] - HAR: C:\Users\ACER\Katalon Studio\sp3Final-master\Reports\20260615_144742\Test API Sample\testCovering\20260615_144742\requests\main\CovVal_26687_22.har

15-06-2026T14:48:40 - [MESSAGE][PASSED] - Send request successfully

15-06-2026T14:48:40 - [TEST_STEP][PASSED] - println("=============================="): null

15-06-2026T14:48:40 - [TEST_STEP][PASSED] - println("Row                : " + row): null

15-06-2026T14:48:40 - [TEST_STEP][PASSED] - println("Channel Unique Key Id     : " + unikKey): null

15-06-2026T14:48:40 - [TEST_STEP][PASSED] - println("HTTP Status        : " + response.getStatusCode()): null

15-06-2026T14:48:40 - [TEST_STEP][PASSED] - println("Response Body      : " + response.getResponseBodyContent()): null

15-06-2026T14:48:40 - [TEST_STEP][PASSED] - unikKey = data.getValue("ChannelUniqueKeyId", row): null

15-06-2026T14:48:40 - [TEST_STEP][PASSED] - requestId = currentTimeMillis().toString() + row: null

15-06-2026T14:48:40 - [TEST_STEP][PASSED] - response = sendRequest(findTestObject("API/Posts/CoveringValidation/CovVal_26687", ["ChannelUniqueKeyId":unikKey])): Send request successfully

15-06-2026T14:48:40 - [MESSAGE][INFO] - HAR: C:\Users\ACER\Katalon Studio\sp3Final-master\Reports\20260615_144742\Test API Sample\testCovering\20260615_144742\requests\main\CovVal_26687_23.har

15-06-2026T14:48:40 - [MESSAGE][PASSED] - Send request successfully

15-06-2026T14:48:40 - [TEST_STEP][PASSED] - println("=============================="): null

15-06-2026T14:48:40 - [TEST_STEP][PASSED] - println("Row                : " + row): null

15-06-2026T14:48:40 - [TEST_STEP][PASSED] - println("Channel Unique Key Id     : " + unikKey): null

15-06-2026T14:48:40 - [TEST_STEP][PASSED] - println("HTTP Status        : " + response.getStatusCode()): null

15-06-2026T14:48:40 - [TEST_STEP][PASSED] - println("Response Body      : " + response.getResponseBodyContent()): null

15-06-2026T14:48:40 - [TEST_STEP][PASSED] - unikKey = data.getValue("ChannelUniqueKeyId", row): null

15-06-2026T14:48:40 - [TEST_STEP][PASSED] - requestId = currentTimeMillis().toString() + row: null

15-06-2026T14:48:40 - [TEST_STEP][PASSED] - response = sendRequest(findTestObject("API/Posts/CoveringValidation/CovVal_26687", ["ChannelUniqueKeyId":unikKey])): Send request successfully

15-06-2026T14:48:41 - [MESSAGE][INFO] - HAR: C:\Users\ACER\Katalon Studio\sp3Final-master\Reports\20260615_144742\Test API Sample\testCovering\20260615_144742\requests\main\CovVal_26687_24.har

15-06-2026T14:48:41 - [MESSAGE][PASSED] - Send request successfully

15-06-2026T14:48:41 - [TEST_STEP][PASSED] - println("=============================="): null

15-06-2026T14:48:41 - [TEST_STEP][PASSED] - println("Row                : " + row): null

15-06-2026T14:48:41 - [TEST_STEP][PASSED] - println("Channel Unique Key Id     : " + unikKey): null

15-06-2026T14:48:41 - [TEST_STEP][PASSED] - println("HTTP Status        : " + response.getStatusCode()): null

15-06-2026T14:48:41 - [TEST_STEP][PASSED] - println("Response Body      : " + response.getResponseBodyContent()): null

15-06-2026T14:48:41 - [TEST_STEP][PASSED] - unikKey = data.getValue("ChannelUniqueKeyId", row): null

15-06-2026T14:48:41 - [TEST_STEP][PASSED] - requestId = currentTimeMillis().toString() + row: null

15-06-2026T14:48:41 - [TEST_STEP][PASSED] - response = sendRequest(findTestObject("API/Posts/CoveringValidation/CovVal_26687", ["ChannelUniqueKeyId":unikKey])): Send request successfully

15-06-2026T14:48:41 - [MESSAGE][INFO] - HAR: C:\Users\ACER\Katalon Studio\sp3Final-master\Reports\20260615_144742\Test API Sample\testCovering\20260615_144742\requests\main\CovVal_26687_25.har

15-06-2026T14:48:41 - [MESSAGE][PASSED] - Send request successfully

15-06-2026T14:48:41 - [TEST_STEP][PASSED] - println("=============================="): null

15-06-2026T14:48:41 - [TEST_STEP][PASSED] - println("Row                : " + row): null

15-06-2026T14:48:41 - [TEST_STEP][PASSED] - println("Channel Unique Key Id     : " + unikKey): null

15-06-2026T14:48:41 - [TEST_STEP][PASSED] - println("HTTP Status        : " + response.getStatusCode()): null

15-06-2026T14:48:41 - [TEST_STEP][PASSED] - println("Response Body      : " + response.getResponseBodyContent()): null

15-06-2026T14:48:41 - [TEST_STEP][PASSED] - unikKey = data.getValue("ChannelUniqueKeyId", row): null

15-06-2026T14:48:41 - [TEST_STEP][PASSED] - requestId = currentTimeMillis().toString() + row: null

15-06-2026T14:48:41 - [TEST_STEP][PASSED] - response = sendRequest(findTestObject("API/Posts/CoveringValidation/CovVal_26687", ["ChannelUniqueKeyId":unikKey])): Send request successfully

15-06-2026T14:48:41 - [MESSAGE][INFO] - HAR: C:\Users\ACER\Katalon Studio\sp3Final-master\Reports\20260615_144742\Test API Sample\testCovering\20260615_144742\requests\main\CovVal_26687_26.har

15-06-2026T14:48:41 - [MESSAGE][PASSED] - Send request successfully

15-06-2026T14:48:41 - [TEST_STEP][PASSED] - println("=============================="): null

15-06-2026T14:48:41 - [TEST_STEP][PASSED] - println("Row                : " + row): null

15-06-2026T14:48:41 - [TEST_STEP][PASSED] - println("Channel Unique Key Id     : " + unikKey): null

15-06-2026T14:48:41 - [TEST_STEP][PASSED] - println("HTTP Status        : " + response.getStatusCode()): null

15-06-2026T14:48:41 - [TEST_STEP][PASSED] - println("Response Body      : " + response.getResponseBodyContent()): null

15-06-2026T14:48:41 - [TEST_STEP][PASSED] - unikKey = data.getValue("ChannelUniqueKeyId", row): null

15-06-2026T14:48:41 - [TEST_STEP][PASSED] - requestId = currentTimeMillis().toString() + row: null

15-06-2026T14:48:41 - [TEST_STEP][PASSED] - response = sendRequest(findTestObject("API/Posts/CoveringValidation/CovVal_26687", ["ChannelUniqueKeyId":unikKey])): Send request successfully

15-06-2026T14:48:41 - [MESSAGE][INFO] - HAR: C:\Users\ACER\Katalon Studio\sp3Final-master\Reports\20260615_144742\Test API Sample\testCovering\20260615_144742\requests\main\CovVal_26687_27.har

15-06-2026T14:48:41 - [MESSAGE][PASSED] - Send request successfully

15-06-2026T14:48:41 - [TEST_STEP][PASSED] - println("=============================="): null

15-06-2026T14:48:41 - [TEST_STEP][PASSED] - println("Row                : " + row): null

15-06-2026T14:48:41 - [TEST_STEP][PASSED] - println("Channel Unique Key Id     : " + unikKey): null

15-06-2026T14:48:41 - [TEST_STEP][PASSED] - println("HTTP Status        : " + response.getStatusCode()): null

15-06-2026T14:48:41 - [TEST_STEP][PASSED] - println("Response Body      : " + response.getResponseBodyContent()): null

15-06-2026T14:48:41 - [TEST_STEP][PASSED] - unikKey = data.getValue("ChannelUniqueKeyId", row): null

15-06-2026T14:48:41 - [TEST_STEP][PASSED] - requestId = currentTimeMillis().toString() + row: null

15-06-2026T14:48:41 - [TEST_STEP][PASSED] - response = sendRequest(findTestObject("API/Posts/CoveringValidation/CovVal_26687", ["ChannelUniqueKeyId":unikKey])): Send request successfully

15-06-2026T14:48:41 - [MESSAGE][INFO] - HAR: C:\Users\ACER\Katalon Studio\sp3Final-master\Reports\20260615_144742\Test API Sample\testCovering\20260615_144742\requests\main\CovVal_26687_28.har

15-06-2026T14:48:41 - [MESSAGE][PASSED] - Send request successfully

15-06-2026T14:48:41 - [TEST_STEP][PASSED] - println("=============================="): null

15-06-2026T14:48:41 - [TEST_STEP][PASSED] - println("Row                : " + row): null

15-06-2026T14:48:41 - [TEST_STEP][PASSED] - println("Channel Unique Key Id     : " + unikKey): null

15-06-2026T14:48:41 - [TEST_STEP][PASSED] - println("HTTP Status        : " + response.getStatusCode()): null

15-06-2026T14:48:41 - [TEST_STEP][PASSED] - println("Response Body      : " + response.getResponseBodyContent()): null

15-06-2026T14:48:41 - [TEST_STEP][PASSED] - unikKey = data.getValue("ChannelUniqueKeyId", row): null

15-06-2026T14:48:41 - [TEST_STEP][PASSED] - requestId = currentTimeMillis().toString() + row: null

15-06-2026T14:48:41 - [TEST_STEP][PASSED] - response = sendRequest(findTestObject("API/Posts/CoveringValidation/CovVal_26687", ["ChannelUniqueKeyId":unikKey])): Send request successfully

15-06-2026T14:48:41 - [MESSAGE][INFO] - HAR: C:\Users\ACER\Katalon Studio\sp3Final-master\Reports\20260615_144742\Test API Sample\testCovering\20260615_144742\requests\main\CovVal_26687_29.har

15-06-2026T14:48:41 - [MESSAGE][PASSED] - Send request successfully

15-06-2026T14:48:41 - [TEST_STEP][PASSED] - println("=============================="): null

15-06-2026T14:48:41 - [TEST_STEP][PASSED] - println("Row                : " + row): null

15-06-2026T14:48:41 - [TEST_STEP][PASSED] - println("Channel Unique Key Id     : " + unikKey): null

15-06-2026T14:48:41 - [TEST_STEP][PASSED] - println("HTTP Status        : " + response.getStatusCode()): null

15-06-2026T14:48:41 - [TEST_STEP][PASSED] - println("Response Body      : " + response.getResponseBodyContent()): null

15-06-2026T14:48:41 - [TEST_STEP][PASSED] - unikKey = data.getValue("ChannelUniqueKeyId", row): null

15-06-2026T14:48:41 - [TEST_STEP][PASSED] - requestId = currentTimeMillis().toString() + row: null

15-06-2026T14:48:42 - [TEST_STEP][PASSED] - response = sendRequest(findTestObject("API/Posts/CoveringValidation/CovVal_26687", ["ChannelUniqueKeyId":unikKey])): Send request successfully

15-06-2026T14:48:42 - [MESSAGE][INFO] - HAR: C:\Users\ACER\Katalon Studio\sp3Final-master\Reports\20260615_144742\Test API Sample\testCovering\20260615_144742\requests\main\CovVal_26687_30.har

15-06-2026T14:48:42 - [MESSAGE][PASSED] - Send request successfully

15-06-2026T14:48:42 - [TEST_STEP][PASSED] - println("=============================="): null

15-06-2026T14:48:42 - [TEST_STEP][PASSED] - println("Row                : " + row): null

15-06-2026T14:48:42 - [TEST_STEP][PASSED] - println("Channel Unique Key Id     : " + unikKey): null

15-06-2026T14:48:42 - [TEST_STEP][PASSED] - println("HTTP Status        : " + response.getStatusCode()): null

15-06-2026T14:48:42 - [TEST_STEP][PASSED] - println("Response Body      : " + response.getResponseBodyContent()): null

15-06-2026T14:48:42 - [TEST_STEP][PASSED] - unikKey = data.getValue("ChannelUniqueKeyId", row): null

15-06-2026T14:48:42 - [TEST_STEP][PASSED] - requestId = currentTimeMillis().toString() + row: null

15-06-2026T14:48:42 - [TEST_STEP][PASSED] - response = sendRequest(findTestObject("API/Posts/CoveringValidation/CovVal_26687", ["ChannelUniqueKeyId":unikKey])): Send request successfully

15-06-2026T14:48:42 - [MESSAGE][INFO] - HAR: C:\Users\ACER\Katalon Studio\sp3Final-master\Reports\20260615_144742\Test API Sample\testCovering\20260615_144742\requests\main\CovVal_26687_31.har

15-06-2026T14:48:42 - [MESSAGE][PASSED] - Send request successfully

15-06-2026T14:48:42 - [TEST_STEP][PASSED] - println("=============================="): null

15-06-2026T14:48:42 - [TEST_STEP][PASSED] - println("Row                : " + row): null

15-06-2026T14:48:42 - [TEST_STEP][PASSED] - println("Channel Unique Key Id     : " + unikKey): null

15-06-2026T14:48:42 - [TEST_STEP][PASSED] - println("HTTP Status        : " + response.getStatusCode()): null

15-06-2026T14:48:42 - [TEST_STEP][PASSED] - println("Response Body      : " + response.getResponseBodyContent()): null

15-06-2026T14:48:42 - [TEST_STEP][PASSED] - unikKey = data.getValue("ChannelUniqueKeyId", row): null

15-06-2026T14:48:42 - [TEST_STEP][PASSED] - requestId = currentTimeMillis().toString() + row: null

15-06-2026T14:48:42 - [TEST_STEP][PASSED] - response = sendRequest(findTestObject("API/Posts/CoveringValidation/CovVal_26687", ["ChannelUniqueKeyId":unikKey])): Send request successfully

15-06-2026T14:48:42 - [MESSAGE][INFO] - HAR: C:\Users\ACER\Katalon Studio\sp3Final-master\Reports\20260615_144742\Test API Sample\testCovering\20260615_144742\requests\main\CovVal_26687_32.har

15-06-2026T14:48:42 - [MESSAGE][PASSED] - Send request successfully

15-06-2026T14:48:42 - [TEST_STEP][PASSED] - println("=============================="): null

15-06-2026T14:48:42 - [TEST_STEP][PASSED] - println("Row                : " + row): null

15-06-2026T14:48:42 - [TEST_STEP][PASSED] - println("Channel Unique Key Id     : " + unikKey): null

15-06-2026T14:48:42 - [TEST_STEP][PASSED] - println("HTTP Status        : " + response.getStatusCode()): null

15-06-2026T14:48:42 - [TEST_STEP][PASSED] - println("Response Body      : " + response.getResponseBodyContent()): null

15-06-2026T14:48:42 - [TEST_STEP][PASSED] - unikKey = data.getValue("ChannelUniqueKeyId", row): null

15-06-2026T14:48:42 - [TEST_STEP][PASSED] - requestId = currentTimeMillis().toString() + row: null

15-06-2026T14:48:42 - [TEST_STEP][PASSED] - response = sendRequest(findTestObject("API/Posts/CoveringValidation/CovVal_26687", ["ChannelUniqueKeyId":unikKey])): Send request successfully

15-06-2026T14:48:42 - [MESSAGE][INFO] - HAR: C:\Users\ACER\Katalon Studio\sp3Final-master\Reports\20260615_144742\Test API Sample\testCovering\20260615_144742\requests\main\CovVal_26687_33.har

15-06-2026T14:48:42 - [MESSAGE][PASSED] - Send request successfully

15-06-2026T14:48:42 - [TEST_STEP][PASSED] - println("=============================="): null

15-06-2026T14:48:42 - [TEST_STEP][PASSED] - println("Row                : " + row): null

15-06-2026T14:48:42 - [TEST_STEP][PASSED] - println("Channel Unique Key Id     : " + unikKey): null

15-06-2026T14:48:42 - [TEST_STEP][PASSED] - println("HTTP Status        : " + response.getStatusCode()): null

15-06-2026T14:48:42 - [TEST_STEP][PASSED] - println("Response Body      : " + response.getResponseBodyContent()): null

15-06-2026T14:48:42 - [TEST_STEP][PASSED] - unikKey = data.getValue("ChannelUniqueKeyId", row): null

15-06-2026T14:48:42 - [TEST_STEP][PASSED] - requestId = currentTimeMillis().toString() + row: null

15-06-2026T14:48:42 - [TEST_STEP][PASSED] - response = sendRequest(findTestObject("API/Posts/CoveringValidation/CovVal_26687", ["ChannelUniqueKeyId":unikKey])): Send request successfully

15-06-2026T14:48:42 - [MESSAGE][INFO] - HAR: C:\Users\ACER\Katalon Studio\sp3Final-master\Reports\20260615_144742\Test API Sample\testCovering\20260615_144742\requests\main\CovVal_26687_34.har

15-06-2026T14:48:42 - [MESSAGE][PASSED] - Send request successfully

15-06-2026T14:48:42 - [TEST_STEP][PASSED] - println("=============================="): null

15-06-2026T14:48:42 - [TEST_STEP][PASSED] - println("Row                : " + row): null

15-06-2026T14:48:42 - [TEST_STEP][PASSED] - println("Channel Unique Key Id     : " + unikKey): null

15-06-2026T14:48:42 - [TEST_STEP][PASSED] - println("HTTP Status        : " + response.getStatusCode()): null

15-06-2026T14:48:42 - [TEST_STEP][PASSED] - println("Response Body      : " + response.getResponseBodyContent()): null

15-06-2026T14:48:42 - [TEST_STEP][PASSED] - unikKey = data.getValue("ChannelUniqueKeyId", row): null

15-06-2026T14:48:42 - [TEST_STEP][PASSED] - requestId = currentTimeMillis().toString() + row: null

15-06-2026T14:48:42 - [TEST_STEP][PASSED] - response = sendRequest(findTestObject("API/Posts/CoveringValidation/CovVal_26687", ["ChannelUniqueKeyId":unikKey])): Send request successfully

15-06-2026T14:48:42 - [MESSAGE][INFO] - HAR: C:\Users\ACER\Katalon Studio\sp3Final-master\Reports\20260615_144742\Test API Sample\testCovering\20260615_144742\requests\main\CovVal_26687_35.har

15-06-2026T14:48:42 - [MESSAGE][PASSED] - Send request successfully

15-06-2026T14:48:42 - [TEST_STEP][PASSED] - println("=============================="): null

15-06-2026T14:48:42 - [TEST_STEP][PASSED] - println("Row                : " + row): null

15-06-2026T14:48:42 - [TEST_STEP][PASSED] - println("Channel Unique Key Id     : " + unikKey): null

15-06-2026T14:48:42 - [TEST_STEP][PASSED] - println("HTTP Status        : " + response.getStatusCode()): null

15-06-2026T14:48:42 - [TEST_STEP][PASSED] - println("Response Body      : " + response.getResponseBodyContent()): null

15-06-2026T14:48:42 - [TEST_STEP][PASSED] - unikKey = data.getValue("ChannelUniqueKeyId", row): null

15-06-2026T14:48:42 - [TEST_STEP][PASSED] - requestId = currentTimeMillis().toString() + row: null

15-06-2026T14:48:42 - [TEST_STEP][PASSED] - response = sendRequest(findTestObject("API/Posts/CoveringValidation/CovVal_26687", ["ChannelUniqueKeyId":unikKey])): Send request successfully

15-06-2026T14:48:43 - [MESSAGE][INFO] - HAR: C:\Users\ACER\Katalon Studio\sp3Final-master\Reports\20260615_144742\Test API Sample\testCovering\20260615_144742\requests\main\CovVal_26687_36.har

15-06-2026T14:48:43 - [MESSAGE][PASSED] - Send request successfully

15-06-2026T14:48:43 - [TEST_STEP][PASSED] - println("=============================="): null

15-06-2026T14:48:43 - [TEST_STEP][PASSED] - println("Row                : " + row): null

15-06-2026T14:48:43 - [TEST_STEP][PASSED] - println("Channel Unique Key Id     : " + unikKey): null

15-06-2026T14:48:43 - [TEST_STEP][PASSED] - println("HTTP Status        : " + response.getStatusCode()): null

15-06-2026T14:48:43 - [TEST_STEP][PASSED] - println("Response Body      : " + response.getResponseBodyContent()): null

15-06-2026T14:48:43 - [TEST_STEP][PASSED] - unikKey = data.getValue("ChannelUniqueKeyId", row): null

15-06-2026T14:48:43 - [TEST_STEP][PASSED] - requestId = currentTimeMillis().toString() + row: null

15-06-2026T14:48:43 - [TEST_STEP][PASSED] - response = sendRequest(findTestObject("API/Posts/CoveringValidation/CovVal_26687", ["ChannelUniqueKeyId":unikKey])): Send request successfully

15-06-2026T14:48:43 - [MESSAGE][INFO] - HAR: C:\Users\ACER\Katalon Studio\sp3Final-master\Reports\20260615_144742\Test API Sample\testCovering\20260615_144742\requests\main\CovVal_26687_37.har

15-06-2026T14:48:43 - [MESSAGE][PASSED] - Send request successfully

15-06-2026T14:48:43 - [TEST_STEP][PASSED] - println("=============================="): null

15-06-2026T14:48:43 - [TEST_STEP][PASSED] - println("Row                : " + row): null

15-06-2026T14:48:43 - [TEST_STEP][PASSED] - println("Channel Unique Key Id     : " + unikKey): null

15-06-2026T14:48:43 - [TEST_STEP][PASSED] - println("HTTP Status        : " + response.getStatusCode()): null

15-06-2026T14:48:43 - [TEST_STEP][PASSED] - println("Response Body      : " + response.getResponseBodyContent()): null

15-06-2026T14:48:43 - [TEST_STEP][PASSED] - unikKey = data.getValue("ChannelUniqueKeyId", row): null

15-06-2026T14:48:43 - [TEST_STEP][PASSED] - requestId = currentTimeMillis().toString() + row: null

15-06-2026T14:48:43 - [TEST_STEP][PASSED] - response = sendRequest(findTestObject("API/Posts/CoveringValidation/CovVal_26687", ["ChannelUniqueKeyId":unikKey])): Send request successfully

15-06-2026T14:48:43 - [MESSAGE][INFO] - HAR: C:\Users\ACER\Katalon Studio\sp3Final-master\Reports\20260615_144742\Test API Sample\testCovering\20260615_144742\requests\main\CovVal_26687_38.har

15-06-2026T14:48:43 - [MESSAGE][PASSED] - Send request successfully

15-06-2026T14:48:43 - [TEST_STEP][PASSED] - println("=============================="): null

15-06-2026T14:48:43 - [TEST_STEP][PASSED] - println("Row                : " + row): null

15-06-2026T14:48:43 - [TEST_STEP][PASSED] - println("Channel Unique Key Id     : " + unikKey): null

15-06-2026T14:48:43 - [TEST_STEP][PASSED] - println("HTTP Status        : " + response.getStatusCode()): null

15-06-2026T14:48:43 - [TEST_STEP][PASSED] - println("Response Body      : " + response.getResponseBodyContent()): null

15-06-2026T14:48:43 - [TEST_STEP][PASSED] - unikKey = data.getValue("ChannelUniqueKeyId", row): null

15-06-2026T14:48:43 - [TEST_STEP][PASSED] - requestId = currentTimeMillis().toString() + row: null

15-06-2026T14:48:43 - [TEST_STEP][PASSED] - response = sendRequest(findTestObject("API/Posts/CoveringValidation/CovVal_26687", ["ChannelUniqueKeyId":unikKey])): Send request successfully

15-06-2026T14:48:43 - [MESSAGE][INFO] - HAR: C:\Users\ACER\Katalon Studio\sp3Final-master\Reports\20260615_144742\Test API Sample\testCovering\20260615_144742\requests\main\CovVal_26687_39.har

15-06-2026T14:48:43 - [MESSAGE][PASSED] - Send request successfully

15-06-2026T14:48:43 - [TEST_STEP][PASSED] - println("=============================="): null

15-06-2026T14:48:43 - [TEST_STEP][PASSED] - println("Row                : " + row): null

15-06-2026T14:48:43 - [TEST_STEP][PASSED] - println("Channel Unique Key Id     : " + unikKey): null

15-06-2026T14:48:43 - [TEST_STEP][PASSED] - println("HTTP Status        : " + response.getStatusCode()): null

15-06-2026T14:48:43 - [TEST_STEP][PASSED] - println("Response Body      : " + response.getResponseBodyContent()): null

15-06-2026T14:48:43 - [TEST_STEP][PASSED] - unikKey = data.getValue("ChannelUniqueKeyId", row): null

15-06-2026T14:48:43 - [TEST_STEP][PASSED] - requestId = currentTimeMillis().toString() + row: null

15-06-2026T14:48:43 - [TEST_STEP][PASSED] - response = sendRequest(findTestObject("API/Posts/CoveringValidation/CovVal_26687", ["ChannelUniqueKeyId":unikKey])): Send request successfully

15-06-2026T14:48:43 - [MESSAGE][INFO] - HAR: C:\Users\ACER\Katalon Studio\sp3Final-master\Reports\20260615_144742\Test API Sample\testCovering\20260615_144742\requests\main\CovVal_26687_40.har

15-06-2026T14:48:43 - [MESSAGE][PASSED] - Send request successfully

15-06-2026T14:48:43 - [TEST_STEP][PASSED] - println("=============================="): null

15-06-2026T14:48:43 - [TEST_STEP][PASSED] - println("Row                : " + row): null

15-06-2026T14:48:43 - [TEST_STEP][PASSED] - println("Channel Unique Key Id     : " + unikKey): null

15-06-2026T14:48:43 - [TEST_STEP][PASSED] - println("HTTP Status        : " + response.getStatusCode()): null

15-06-2026T14:48:43 - [TEST_STEP][PASSED] - println("Response Body      : " + response.getResponseBodyContent()): null

15-06-2026T14:48:43 - [TEST_STEP][PASSED] - unikKey = data.getValue("ChannelUniqueKeyId", row): null

15-06-2026T14:48:43 - [TEST_STEP][PASSED] - requestId = currentTimeMillis().toString() + row: null

15-06-2026T14:48:43 - [TEST_STEP][PASSED] - response = sendRequest(findTestObject("API/Posts/CoveringValidation/CovVal_26687", ["ChannelUniqueKeyId":unikKey])): Send request successfully

15-06-2026T14:48:44 - [MESSAGE][INFO] - HAR: C:\Users\ACER\Katalon Studio\sp3Final-master\Reports\20260615_144742\Test API Sample\testCovering\20260615_144742\requests\main\CovVal_26687_41.har

15-06-2026T14:48:44 - [MESSAGE][PASSED] - Send request successfully

15-06-2026T14:48:44 - [TEST_STEP][PASSED] - println("=============================="): null

15-06-2026T14:48:44 - [TEST_STEP][PASSED] - println("Row                : " + row): null

15-06-2026T14:48:44 - [TEST_STEP][PASSED] - println("Channel Unique Key Id     : " + unikKey): null

15-06-2026T14:48:44 - [TEST_STEP][PASSED] - println("HTTP Status        : " + response.getStatusCode()): null

15-06-2026T14:48:44 - [TEST_STEP][PASSED] - println("Response Body      : " + response.getResponseBodyContent()): null

15-06-2026T14:48:44 - [TEST_STEP][PASSED] - unikKey = data.getValue("ChannelUniqueKeyId", row): null

15-06-2026T14:48:44 - [TEST_STEP][PASSED] - requestId = currentTimeMillis().toString() + row: null

15-06-2026T14:48:44 - [TEST_STEP][PASSED] - response = sendRequest(findTestObject("API/Posts/CoveringValidation/CovVal_26687", ["ChannelUniqueKeyId":unikKey])): Send request successfully

15-06-2026T14:48:44 - [MESSAGE][INFO] - HAR: C:\Users\ACER\Katalon Studio\sp3Final-master\Reports\20260615_144742\Test API Sample\testCovering\20260615_144742\requests\main\CovVal_26687_42.har

15-06-2026T14:48:44 - [MESSAGE][PASSED] - Send request successfully

15-06-2026T14:48:44 - [TEST_STEP][PASSED] - println("=============================="): null

15-06-2026T14:48:44 - [TEST_STEP][PASSED] - println("Row                : " + row): null

15-06-2026T14:48:44 - [TEST_STEP][PASSED] - println("Channel Unique Key Id     : " + unikKey): null

15-06-2026T14:48:44 - [TEST_STEP][PASSED] - println("HTTP Status        : " + response.getStatusCode()): null

15-06-2026T14:48:44 - [TEST_STEP][PASSED] - println("Response Body      : " + response.getResponseBodyContent()): null

15-06-2026T14:48:44 - [TEST_STEP][PASSED] - unikKey = data.getValue("ChannelUniqueKeyId", row): null

15-06-2026T14:48:44 - [TEST_STEP][PASSED] - requestId = currentTimeMillis().toString() + row: null

15-06-2026T14:48:44 - [TEST_STEP][PASSED] - response = sendRequest(findTestObject("API/Posts/CoveringValidation/CovVal_26687", ["ChannelUniqueKeyId":unikKey])): Send request successfully

15-06-2026T14:48:44 - [MESSAGE][INFO] - HAR: C:\Users\ACER\Katalon Studio\sp3Final-master\Reports\20260615_144742\Test API Sample\testCovering\20260615_144742\requests\main\CovVal_26687_43.har

15-06-2026T14:48:44 - [MESSAGE][PASSED] - Send request successfully

15-06-2026T14:48:44 - [TEST_STEP][PASSED] - println("=============================="): null

15-06-2026T14:48:44 - [TEST_STEP][PASSED] - println("Row                : " + row): null

15-06-2026T14:48:44 - [TEST_STEP][PASSED] - println("Channel Unique Key Id     : " + unikKey): null

15-06-2026T14:48:44 - [TEST_STEP][PASSED] - println("HTTP Status        : " + response.getStatusCode()): null

15-06-2026T14:48:44 - [TEST_STEP][PASSED] - println("Response Body      : " + response.getResponseBodyContent()): null

15-06-2026T14:48:44 - [TEST_STEP][PASSED] - unikKey = data.getValue("ChannelUniqueKeyId", row): null

15-06-2026T14:48:44 - [TEST_STEP][PASSED] - requestId = currentTimeMillis().toString() + row: null

15-06-2026T14:48:44 - [TEST_STEP][PASSED] - response = sendRequest(findTestObject("API/Posts/CoveringValidation/CovVal_26687", ["ChannelUniqueKeyId":unikKey])): Send request successfully

15-06-2026T14:48:44 - [MESSAGE][INFO] - HAR: C:\Users\ACER\Katalon Studio\sp3Final-master\Reports\20260615_144742\Test API Sample\testCovering\20260615_144742\requests\main\CovVal_26687_44.har

15-06-2026T14:48:44 - [MESSAGE][PASSED] - Send request successfully

15-06-2026T14:48:44 - [TEST_STEP][PASSED] - println("=============================="): null

15-06-2026T14:48:44 - [TEST_STEP][PASSED] - println("Row                : " + row): null

15-06-2026T14:48:44 - [TEST_STEP][PASSED] - println("Channel Unique Key Id     : " + unikKey): null

15-06-2026T14:48:44 - [TEST_STEP][PASSED] - println("HTTP Status        : " + response.getStatusCode()): null

15-06-2026T14:48:44 - [TEST_STEP][PASSED] - println("Response Body      : " + response.getResponseBodyContent()): null

15-06-2026T14:48:44 - [TEST_STEP][PASSED] - unikKey = data.getValue("ChannelUniqueKeyId", row): null

15-06-2026T14:48:44 - [TEST_STEP][PASSED] - requestId = currentTimeMillis().toString() + row: null

15-06-2026T14:48:44 - [TEST_STEP][PASSED] - response = sendRequest(findTestObject("API/Posts/CoveringValidation/CovVal_26687", ["ChannelUniqueKeyId":unikKey])): Send request successfully

15-06-2026T14:48:44 - [MESSAGE][INFO] - HAR: C:\Users\ACER\Katalon Studio\sp3Final-master\Reports\20260615_144742\Test API Sample\testCovering\20260615_144742\requests\main\CovVal_26687_45.har

15-06-2026T14:48:44 - [MESSAGE][PASSED] - Send request successfully

15-06-2026T14:48:44 - [TEST_STEP][PASSED] - println("=============================="): null

15-06-2026T14:48:44 - [TEST_STEP][PASSED] - println("Row                : " + row): null

15-06-2026T14:48:44 - [TEST_STEP][PASSED] - println("Channel Unique Key Id     : " + unikKey): null

15-06-2026T14:48:44 - [TEST_STEP][PASSED] - println("HTTP Status        : " + response.getStatusCode()): null

15-06-2026T14:48:44 - [TEST_STEP][PASSED] - println("Response Body      : " + response.getResponseBodyContent()): null

15-06-2026T14:48:44 - [TEST_STEP][PASSED] - unikKey = data.getValue("ChannelUniqueKeyId", row): null

15-06-2026T14:48:44 - [TEST_STEP][PASSED] - requestId = currentTimeMillis().toString() + row: null

15-06-2026T14:48:44 - [TEST_STEP][PASSED] - response = sendRequest(findTestObject("API/Posts/CoveringValidation/CovVal_26687", ["ChannelUniqueKeyId":unikKey])): Send request successfully

15-06-2026T14:48:44 - [MESSAGE][INFO] - HAR: C:\Users\ACER\Katalon Studio\sp3Final-master\Reports\20260615_144742\Test API Sample\testCovering\20260615_144742\requests\main\CovVal_26687_46.har

15-06-2026T14:48:44 - [MESSAGE][PASSED] - Send request successfully

15-06-2026T14:48:44 - [TEST_STEP][PASSED] - println("=============================="): null

15-06-2026T14:48:44 - [TEST_STEP][PASSED] - println("Row                : " + row): null

15-06-2026T14:48:44 - [TEST_STEP][PASSED] - println("Channel Unique Key Id     : " + unikKey): null

15-06-2026T14:48:44 - [TEST_STEP][PASSED] - println("HTTP Status        : " + response.getStatusCode()): null

15-06-2026T14:48:44 - [TEST_STEP][PASSED] - println("Response Body      : " + response.getResponseBodyContent()): null

15-06-2026T14:48:44 - [TEST_STEP][PASSED] - unikKey = data.getValue("ChannelUniqueKeyId", row): null

15-06-2026T14:48:44 - [TEST_STEP][PASSED] - requestId = currentTimeMillis().toString() + row: null

15-06-2026T14:48:44 - [TEST_STEP][PASSED] - response = sendRequest(findTestObject("API/Posts/CoveringValidation/CovVal_26687", ["ChannelUniqueKeyId":unikKey])): Send request successfully

15-06-2026T14:48:45 - [MESSAGE][INFO] - HAR: C:\Users\ACER\Katalon Studio\sp3Final-master\Reports\20260615_144742\Test API Sample\testCovering\20260615_144742\requests\main\CovVal_26687_47.har

15-06-2026T14:48:45 - [MESSAGE][PASSED] - Send request successfully

15-06-2026T14:48:45 - [TEST_STEP][PASSED] - println("=============================="): null

15-06-2026T14:48:45 - [TEST_STEP][PASSED] - println("Row                : " + row): null

15-06-2026T14:48:45 - [TEST_STEP][PASSED] - println("Channel Unique Key Id     : " + unikKey): null

15-06-2026T14:48:45 - [TEST_STEP][PASSED] - println("HTTP Status        : " + response.getStatusCode()): null

15-06-2026T14:48:45 - [TEST_STEP][PASSED] - println("Response Body      : " + response.getResponseBodyContent()): null

15-06-2026T14:48:45 - [TEST_STEP][PASSED] - unikKey = data.getValue("ChannelUniqueKeyId", row): null

15-06-2026T14:48:45 - [TEST_STEP][PASSED] - requestId = currentTimeMillis().toString() + row: null

15-06-2026T14:48:45 - [TEST_STEP][PASSED] - response = sendRequest(findTestObject("API/Posts/CoveringValidation/CovVal_26687", ["ChannelUniqueKeyId":unikKey])): Send request successfully

15-06-2026T14:48:45 - [MESSAGE][INFO] - HAR: C:\Users\ACER\Katalon Studio\sp3Final-master\Reports\20260615_144742\Test API Sample\testCovering\20260615_144742\requests\main\CovVal_26687_48.har

15-06-2026T14:48:45 - [MESSAGE][PASSED] - Send request successfully

15-06-2026T14:48:45 - [TEST_STEP][PASSED] - println("=============================="): null

15-06-2026T14:48:45 - [TEST_STEP][PASSED] - println("Row                : " + row): null

15-06-2026T14:48:45 - [TEST_STEP][PASSED] - println("Channel Unique Key Id     : " + unikKey): null

15-06-2026T14:48:45 - [TEST_STEP][PASSED] - println("HTTP Status        : " + response.getStatusCode()): null

15-06-2026T14:48:45 - [TEST_STEP][PASSED] - println("Response Body      : " + response.getResponseBodyContent()): null

15-06-2026T14:48:45 - [TEST_STEP][PASSED] - unikKey = data.getValue("ChannelUniqueKeyId", row): null

15-06-2026T14:48:45 - [TEST_STEP][PASSED] - requestId = currentTimeMillis().toString() + row: null

15-06-2026T14:48:45 - [TEST_STEP][PASSED] - response = sendRequest(findTestObject("API/Posts/CoveringValidation/CovVal_26687", ["ChannelUniqueKeyId":unikKey])): Send request successfully

15-06-2026T14:48:45 - [MESSAGE][INFO] - HAR: C:\Users\ACER\Katalon Studio\sp3Final-master\Reports\20260615_144742\Test API Sample\testCovering\20260615_144742\requests\main\CovVal_26687_49.har

15-06-2026T14:48:45 - [MESSAGE][PASSED] - Send request successfully

15-06-2026T14:48:45 - [TEST_STEP][PASSED] - println("=============================="): null

15-06-2026T14:48:45 - [TEST_STEP][PASSED] - println("Row                : " + row): null

15-06-2026T14:48:45 - [TEST_STEP][PASSED] - println("Channel Unique Key Id     : " + unikKey): null

15-06-2026T14:48:45 - [TEST_STEP][PASSED] - println("HTTP Status        : " + response.getStatusCode()): null

15-06-2026T14:48:45 - [TEST_STEP][PASSED] - println("Response Body      : " + response.getResponseBodyContent()): null

15-06-2026T14:48:45 - [TEST_STEP][PASSED] - unikKey = data.getValue("ChannelUniqueKeyId", row): null

15-06-2026T14:48:45 - [TEST_STEP][PASSED] - requestId = currentTimeMillis().toString() + row: null

15-06-2026T14:48:45 - [TEST_STEP][PASSED] - response = sendRequest(findTestObject("API/Posts/CoveringValidation/CovVal_26687", ["ChannelUniqueKeyId":unikKey])): Send request successfully

15-06-2026T14:48:45 - [MESSAGE][INFO] - HAR: C:\Users\ACER\Katalon Studio\sp3Final-master\Reports\20260615_144742\Test API Sample\testCovering\20260615_144742\requests\main\CovVal_26687_50.har

15-06-2026T14:48:45 - [MESSAGE][PASSED] - Send request successfully

15-06-2026T14:48:45 - [TEST_STEP][PASSED] - println("=============================="): null

15-06-2026T14:48:45 - [TEST_STEP][PASSED] - println("Row                : " + row): null

15-06-2026T14:48:45 - [TEST_STEP][PASSED] - println("Channel Unique Key Id     : " + unikKey): null

15-06-2026T14:48:45 - [TEST_STEP][PASSED] - println("HTTP Status        : " + response.getStatusCode()): null

15-06-2026T14:48:45 - [TEST_STEP][PASSED] - println("Response Body      : " + response.getResponseBodyContent()): null

15-06-2026T14:48:45 - [TEST_STEP][PASSED] - unikKey = data.getValue("ChannelUniqueKeyId", row): null

15-06-2026T14:48:45 - [TEST_STEP][PASSED] - requestId = currentTimeMillis().toString() + row: null

15-06-2026T14:48:45 - [TEST_STEP][PASSED] - response = sendRequest(findTestObject("API/Posts/CoveringValidation/CovVal_26687", ["ChannelUniqueKeyId":unikKey])): Send request successfully

15-06-2026T14:48:45 - [MESSAGE][INFO] - HAR: C:\Users\ACER\Katalon Studio\sp3Final-master\Reports\20260615_144742\Test API Sample\testCovering\20260615_144742\requests\main\CovVal_26687_51.har

15-06-2026T14:48:45 - [MESSAGE][PASSED] - Send request successfully

15-06-2026T14:48:45 - [TEST_STEP][PASSED] - println("=============================="): null

15-06-2026T14:48:45 - [TEST_STEP][PASSED] - println("Row                : " + row): null

15-06-2026T14:48:45 - [TEST_STEP][PASSED] - println("Channel Unique Key Id     : " + unikKey): null

15-06-2026T14:48:45 - [TEST_STEP][PASSED] - println("HTTP Status        : " + response.getStatusCode()): null

15-06-2026T14:48:45 - [TEST_STEP][PASSED] - println("Response Body      : " + response.getResponseBodyContent()): null

15-06-2026T14:48:45 - [TEST_STEP][PASSED] - unikKey = data.getValue("ChannelUniqueKeyId", row): null

15-06-2026T14:48:45 - [TEST_STEP][PASSED] - requestId = currentTimeMillis().toString() + row: null

15-06-2026T14:48:45 - [TEST_STEP][PASSED] - response = sendRequest(findTestObject("API/Posts/CoveringValidation/CovVal_26687", ["ChannelUniqueKeyId":unikKey])): Send request successfully

15-06-2026T14:48:45 - [MESSAGE][INFO] - HAR: C:\Users\ACER\Katalon Studio\sp3Final-master\Reports\20260615_144742\Test API Sample\testCovering\20260615_144742\requests\main\CovVal_26687_52.har

15-06-2026T14:48:45 - [MESSAGE][PASSED] - Send request successfully

15-06-2026T14:48:45 - [TEST_STEP][PASSED] - println("=============================="): null

15-06-2026T14:48:45 - [TEST_STEP][PASSED] - println("Row                : " + row): null

15-06-2026T14:48:45 - [TEST_STEP][PASSED] - println("Channel Unique Key Id     : " + unikKey): null

15-06-2026T14:48:45 - [TEST_STEP][PASSED] - println("HTTP Status        : " + response.getStatusCode()): null

15-06-2026T14:48:45 - [TEST_STEP][PASSED] - println("Response Body      : " + response.getResponseBodyContent()): null

15-06-2026T14:48:45 - [TEST_STEP][PASSED] - unikKey = data.getValue("ChannelUniqueKeyId", row): null

15-06-2026T14:48:45 - [TEST_STEP][PASSED] - requestId = currentTimeMillis().toString() + row: null

15-06-2026T14:48:45 - [TEST_STEP][PASSED] - response = sendRequest(findTestObject("API/Posts/CoveringValidation/CovVal_26687", ["ChannelUniqueKeyId":unikKey])): Send request successfully

15-06-2026T14:48:45 - [MESSAGE][INFO] - HAR: C:\Users\ACER\Katalon Studio\sp3Final-master\Reports\20260615_144742\Test API Sample\testCovering\20260615_144742\requests\main\CovVal_26687_53.har

15-06-2026T14:48:45 - [MESSAGE][PASSED] - Send request successfully

15-06-2026T14:48:45 - [TEST_STEP][PASSED] - println("=============================="): null

15-06-2026T14:48:45 - [TEST_STEP][PASSED] - println("Row                : " + row): null

15-06-2026T14:48:45 - [TEST_STEP][PASSED] - println("Channel Unique Key Id     : " + unikKey): null

15-06-2026T14:48:45 - [TEST_STEP][PASSED] - println("HTTP Status        : " + response.getStatusCode()): null

15-06-2026T14:48:45 - [TEST_STEP][PASSED] - println("Response Body      : " + response.getResponseBodyContent()): null

15-06-2026T14:48:45 - [TEST_STEP][PASSED] - unikKey = data.getValue("ChannelUniqueKeyId", row): null

15-06-2026T14:48:45 - [TEST_STEP][PASSED] - requestId = currentTimeMillis().toString() + row: null

15-06-2026T14:48:45 - [TEST_STEP][PASSED] - response = sendRequest(findTestObject("API/Posts/CoveringValidation/CovVal_26687", ["ChannelUniqueKeyId":unikKey])): Send request successfully

15-06-2026T14:48:46 - [MESSAGE][INFO] - HAR: C:\Users\ACER\Katalon Studio\sp3Final-master\Reports\20260615_144742\Test API Sample\testCovering\20260615_144742\requests\main\CovVal_26687_54.har

15-06-2026T14:48:46 - [MESSAGE][PASSED] - Send request successfully

15-06-2026T14:48:46 - [TEST_STEP][PASSED] - println("=============================="): null

15-06-2026T14:48:46 - [TEST_STEP][PASSED] - println("Row                : " + row): null

15-06-2026T14:48:46 - [TEST_STEP][PASSED] - println("Channel Unique Key Id     : " + unikKey): null

15-06-2026T14:48:46 - [TEST_STEP][PASSED] - println("HTTP Status        : " + response.getStatusCode()): null

15-06-2026T14:48:46 - [TEST_STEP][PASSED] - println("Response Body      : " + response.getResponseBodyContent()): null

15-06-2026T14:48:46 - [TEST_STEP][PASSED] - unikKey = data.getValue("ChannelUniqueKeyId", row): null

15-06-2026T14:48:46 - [TEST_STEP][PASSED] - requestId = currentTimeMillis().toString() + row: null

15-06-2026T14:48:46 - [TEST_STEP][PASSED] - response = sendRequest(findTestObject("API/Posts/CoveringValidation/CovVal_26687", ["ChannelUniqueKeyId":unikKey])): Send request successfully

15-06-2026T14:48:46 - [MESSAGE][INFO] - HAR: C:\Users\ACER\Katalon Studio\sp3Final-master\Reports\20260615_144742\Test API Sample\testCovering\20260615_144742\requests\main\CovVal_26687_55.har

15-06-2026T14:48:46 - [MESSAGE][PASSED] - Send request successfully

15-06-2026T14:48:46 - [TEST_STEP][PASSED] - println("=============================="): null

15-06-2026T14:48:46 - [TEST_STEP][PASSED] - println("Row                : " + row): null

15-06-2026T14:48:46 - [TEST_STEP][PASSED] - println("Channel Unique Key Id     : " + unikKey): null

15-06-2026T14:48:46 - [TEST_STEP][PASSED] - println("HTTP Status        : " + response.getStatusCode()): null

15-06-2026T14:48:46 - [TEST_STEP][PASSED] - println("Response Body      : " + response.getResponseBodyContent()): null

15-06-2026T14:48:46 - [TEST_STEP][PASSED] - unikKey = data.getValue("ChannelUniqueKeyId", row): null

15-06-2026T14:48:46 - [TEST_STEP][PASSED] - requestId = currentTimeMillis().toString() + row: null

15-06-2026T14:48:46 - [TEST_STEP][PASSED] - response = sendRequest(findTestObject("API/Posts/CoveringValidation/CovVal_26687", ["ChannelUniqueKeyId":unikKey])): Send request successfully

15-06-2026T14:48:46 - [MESSAGE][INFO] - HAR: C:\Users\ACER\Katalon Studio\sp3Final-master\Reports\20260615_144742\Test API Sample\testCovering\20260615_144742\requests\main\CovVal_26687_56.har

15-06-2026T14:48:46 - [MESSAGE][PASSED] - Send request successfully

15-06-2026T14:48:46 - [TEST_STEP][PASSED] - println("=============================="): null

15-06-2026T14:48:46 - [TEST_STEP][PASSED] - println("Row                : " + row): null

15-06-2026T14:48:46 - [TEST_STEP][PASSED] - println("Channel Unique Key Id     : " + unikKey): null

15-06-2026T14:48:46 - [TEST_STEP][PASSED] - println("HTTP Status        : " + response.getStatusCode()): null

15-06-2026T14:48:46 - [TEST_STEP][PASSED] - println("Response Body      : " + response.getResponseBodyContent()): null

15-06-2026T14:48:46 - [TEST_STEP][PASSED] - unikKey = data.getValue("ChannelUniqueKeyId", row): null

15-06-2026T14:48:46 - [TEST_STEP][PASSED] - requestId = currentTimeMillis().toString() + row: null

15-06-2026T14:48:46 - [TEST_STEP][PASSED] - response = sendRequest(findTestObject("API/Posts/CoveringValidation/CovVal_26687", ["ChannelUniqueKeyId":unikKey])): Send request successfully

15-06-2026T14:48:46 - [MESSAGE][INFO] - HAR: C:\Users\ACER\Katalon Studio\sp3Final-master\Reports\20260615_144742\Test API Sample\testCovering\20260615_144742\requests\main\CovVal_26687_57.har

15-06-2026T14:48:46 - [MESSAGE][PASSED] - Send request successfully

15-06-2026T14:48:46 - [TEST_STEP][PASSED] - println("=============================="): null

15-06-2026T14:48:46 - [TEST_STEP][PASSED] - println("Row                : " + row): null

15-06-2026T14:48:46 - [TEST_STEP][PASSED] - println("Channel Unique Key Id     : " + unikKey): null

15-06-2026T14:48:46 - [TEST_STEP][PASSED] - println("HTTP Status        : " + response.getStatusCode()): null

15-06-2026T14:48:46 - [TEST_STEP][PASSED] - println("Response Body      : " + response.getResponseBodyContent()): null

15-06-2026T14:48:46 - [TEST_STEP][PASSED] - unikKey = data.getValue("ChannelUniqueKeyId", row): null

15-06-2026T14:48:46 - [TEST_STEP][PASSED] - requestId = currentTimeMillis().toString() + row: null

15-06-2026T14:48:46 - [TEST_STEP][PASSED] - response = sendRequest(findTestObject("API/Posts/CoveringValidation/CovVal_26687", ["ChannelUniqueKeyId":unikKey])): Send request successfully

15-06-2026T14:48:46 - [MESSAGE][INFO] - HAR: C:\Users\ACER\Katalon Studio\sp3Final-master\Reports\20260615_144742\Test API Sample\testCovering\20260615_144742\requests\main\CovVal_26687_58.har

15-06-2026T14:48:46 - [MESSAGE][PASSED] - Send request successfully

15-06-2026T14:48:46 - [TEST_STEP][PASSED] - println("=============================="): null

15-06-2026T14:48:46 - [TEST_STEP][PASSED] - println("Row                : " + row): null

15-06-2026T14:48:46 - [TEST_STEP][PASSED] - println("Channel Unique Key Id     : " + unikKey): null

15-06-2026T14:48:46 - [TEST_STEP][PASSED] - println("HTTP Status        : " + response.getStatusCode()): null

15-06-2026T14:48:46 - [TEST_STEP][PASSED] - println("Response Body      : " + response.getResponseBodyContent()): null

15-06-2026T14:48:46 - [TEST_STEP][PASSED] - unikKey = data.getValue("ChannelUniqueKeyId", row): null

15-06-2026T14:48:46 - [TEST_STEP][PASSED] - requestId = currentTimeMillis().toString() + row: null

15-06-2026T14:48:46 - [TEST_STEP][PASSED] - response = sendRequest(findTestObject("API/Posts/CoveringValidation/CovVal_26687", ["ChannelUniqueKeyId":unikKey])): Send request successfully

15-06-2026T14:48:46 - [MESSAGE][INFO] - HAR: C:\Users\ACER\Katalon Studio\sp3Final-master\Reports\20260615_144742\Test API Sample\testCovering\20260615_144742\requests\main\CovVal_26687_59.har

15-06-2026T14:48:46 - [MESSAGE][PASSED] - Send request successfully

15-06-2026T14:48:46 - [TEST_STEP][PASSED] - println("=============================="): null

15-06-2026T14:48:46 - [TEST_STEP][PASSED] - println("Row                : " + row): null

15-06-2026T14:48:46 - [TEST_STEP][PASSED] - println("Channel Unique Key Id     : " + unikKey): null

15-06-2026T14:48:46 - [TEST_STEP][PASSED] - println("HTTP Status        : " + response.getStatusCode()): null

15-06-2026T14:48:46 - [TEST_STEP][PASSED] - println("Response Body      : " + response.getResponseBodyContent()): null

15-06-2026T14:48:46 - [TEST_STEP][PASSED] - unikKey = data.getValue("ChannelUniqueKeyId", row): null

15-06-2026T14:48:46 - [TEST_STEP][PASSED] - requestId = currentTimeMillis().toString() + row: null

15-06-2026T14:48:46 - [TEST_STEP][PASSED] - response = sendRequest(findTestObject("API/Posts/CoveringValidation/CovVal_26687", ["ChannelUniqueKeyId":unikKey])): Send request successfully

15-06-2026T14:48:47 - [MESSAGE][INFO] - HAR: C:\Users\ACER\Katalon Studio\sp3Final-master\Reports\20260615_144742\Test API Sample\testCovering\20260615_144742\requests\main\CovVal_26687_60.har

15-06-2026T14:48:47 - [MESSAGE][PASSED] - Send request successfully

15-06-2026T14:48:47 - [TEST_STEP][PASSED] - println("=============================="): null

15-06-2026T14:48:47 - [TEST_STEP][PASSED] - println("Row                : " + row): null

15-06-2026T14:48:47 - [TEST_STEP][PASSED] - println("Channel Unique Key Id     : " + unikKey): null

15-06-2026T14:48:47 - [TEST_STEP][PASSED] - println("HTTP Status        : " + response.getStatusCode()): null

15-06-2026T14:48:47 - [TEST_STEP][PASSED] - println("Response Body      : " + response.getResponseBodyContent()): null

15-06-2026T14:48:47 - [TEST_STEP][PASSED] - unikKey = data.getValue("ChannelUniqueKeyId", row): null

15-06-2026T14:48:47 - [TEST_STEP][PASSED] - requestId = currentTimeMillis().toString() + row: null

15-06-2026T14:48:47 - [TEST_STEP][PASSED] - response = sendRequest(findTestObject("API/Posts/CoveringValidation/CovVal_26687", ["ChannelUniqueKeyId":unikKey])): Send request successfully

15-06-2026T14:48:47 - [MESSAGE][INFO] - HAR: C:\Users\ACER\Katalon Studio\sp3Final-master\Reports\20260615_144742\Test API Sample\testCovering\20260615_144742\requests\main\CovVal_26687_61.har

15-06-2026T14:48:47 - [MESSAGE][PASSED] - Send request successfully

15-06-2026T14:48:47 - [TEST_STEP][PASSED] - println("=============================="): null

15-06-2026T14:48:47 - [TEST_STEP][PASSED] - println("Row                : " + row): null

15-06-2026T14:48:47 - [TEST_STEP][PASSED] - println("Channel Unique Key Id     : " + unikKey): null

15-06-2026T14:48:47 - [TEST_STEP][PASSED] - println("HTTP Status        : " + response.getStatusCode()): null

15-06-2026T14:48:47 - [TEST_STEP][PASSED] - println("Response Body      : " + response.getResponseBodyContent()): null

15-06-2026T14:48:47 - [TEST_STEP][PASSED] - unikKey = data.getValue("ChannelUniqueKeyId", row): null

15-06-2026T14:48:47 - [TEST_STEP][PASSED] - requestId = currentTimeMillis().toString() + row: null

15-06-2026T14:48:47 - [TEST_STEP][PASSED] - response = sendRequest(findTestObject("API/Posts/CoveringValidation/CovVal_26687", ["ChannelUniqueKeyId":unikKey])): Send request successfully

15-06-2026T14:48:47 - [MESSAGE][INFO] - HAR: C:\Users\ACER\Katalon Studio\sp3Final-master\Reports\20260615_144742\Test API Sample\testCovering\20260615_144742\requests\main\CovVal_26687_62.har

15-06-2026T14:48:47 - [MESSAGE][PASSED] - Send request successfully

15-06-2026T14:48:47 - [TEST_STEP][PASSED] - println("=============================="): null

15-06-2026T14:48:47 - [TEST_STEP][PASSED] - println("Row                : " + row): null

15-06-2026T14:48:47 - [TEST_STEP][PASSED] - println("Channel Unique Key Id     : " + unikKey): null

15-06-2026T14:48:47 - [TEST_STEP][PASSED] - println("HTTP Status        : " + response.getStatusCode()): null

15-06-2026T14:48:47 - [TEST_STEP][PASSED] - println("Response Body      : " + response.getResponseBodyContent()): null

15-06-2026T14:48:47 - [TEST_STEP][PASSED] - unikKey = data.getValue("ChannelUniqueKeyId", row): null

15-06-2026T14:48:47 - [TEST_STEP][PASSED] - requestId = currentTimeMillis().toString() + row: null

15-06-2026T14:48:47 - [TEST_STEP][PASSED] - response = sendRequest(findTestObject("API/Posts/CoveringValidation/CovVal_26687", ["ChannelUniqueKeyId":unikKey])): Send request successfully

15-06-2026T14:48:47 - [MESSAGE][INFO] - HAR: C:\Users\ACER\Katalon Studio\sp3Final-master\Reports\20260615_144742\Test API Sample\testCovering\20260615_144742\requests\main\CovVal_26687_63.har

15-06-2026T14:48:47 - [MESSAGE][PASSED] - Send request successfully

15-06-2026T14:48:47 - [TEST_STEP][PASSED] - println("=============================="): null

15-06-2026T14:48:47 - [TEST_STEP][PASSED] - println("Row                : " + row): null

15-06-2026T14:48:47 - [TEST_STEP][PASSED] - println("Channel Unique Key Id     : " + unikKey): null

15-06-2026T14:48:47 - [TEST_STEP][PASSED] - println("HTTP Status        : " + response.getStatusCode()): null

15-06-2026T14:48:47 - [TEST_STEP][PASSED] - println("Response Body      : " + response.getResponseBodyContent()): null

15-06-2026T14:48:47 - [TEST_STEP][PASSED] - unikKey = data.getValue("ChannelUniqueKeyId", row): null

15-06-2026T14:48:47 - [TEST_STEP][PASSED] - requestId = currentTimeMillis().toString() + row: null

15-06-2026T14:48:47 - [TEST_STEP][PASSED] - response = sendRequest(findTestObject("API/Posts/CoveringValidation/CovVal_26687", ["ChannelUniqueKeyId":unikKey])): Send request successfully

15-06-2026T14:48:47 - [MESSAGE][INFO] - HAR: C:\Users\ACER\Katalon Studio\sp3Final-master\Reports\20260615_144742\Test API Sample\testCovering\20260615_144742\requests\main\CovVal_26687_64.har

15-06-2026T14:48:47 - [MESSAGE][PASSED] - Send request successfully

15-06-2026T14:48:47 - [TEST_STEP][PASSED] - println("=============================="): null

15-06-2026T14:48:47 - [TEST_STEP][PASSED] - println("Row                : " + row): null

15-06-2026T14:48:47 - [TEST_STEP][PASSED] - println("Channel Unique Key Id     : " + unikKey): null

15-06-2026T14:48:47 - [TEST_STEP][PASSED] - println("HTTP Status        : " + response.getStatusCode()): null

15-06-2026T14:48:47 - [TEST_STEP][PASSED] - println("Response Body      : " + response.getResponseBodyContent()): null

15-06-2026T14:48:47 - [TEST_STEP][PASSED] - unikKey = data.getValue("ChannelUniqueKeyId", row): null

15-06-2026T14:48:47 - [TEST_STEP][PASSED] - requestId = currentTimeMillis().toString() + row: null

15-06-2026T14:48:47 - [TEST_STEP][PASSED] - response = sendRequest(findTestObject("API/Posts/CoveringValidation/CovVal_26687", ["ChannelUniqueKeyId":unikKey])): Send request successfully

15-06-2026T14:48:47 - [MESSAGE][INFO] - HAR: C:\Users\ACER\Katalon Studio\sp3Final-master\Reports\20260615_144742\Test API Sample\testCovering\20260615_144742\requests\main\CovVal_26687_65.har

15-06-2026T14:48:47 - [MESSAGE][PASSED] - Send request successfully

15-06-2026T14:48:47 - [TEST_STEP][PASSED] - println("=============================="): null

15-06-2026T14:48:47 - [TEST_STEP][PASSED] - println("Row                : " + row): null

15-06-2026T14:48:47 - [TEST_STEP][PASSED] - println("Channel Unique Key Id     : " + unikKey): null

15-06-2026T14:48:47 - [TEST_STEP][PASSED] - println("HTTP Status        : " + response.getStatusCode()): null

15-06-2026T14:48:47 - [TEST_STEP][PASSED] - println("Response Body      : " + response.getResponseBodyContent()): null

15-06-2026T14:48:47 - [TEST_STEP][PASSED] - unikKey = data.getValue("ChannelUniqueKeyId", row): null

15-06-2026T14:48:47 - [TEST_STEP][PASSED] - requestId = currentTimeMillis().toString() + row: null

15-06-2026T14:48:47 - [TEST_STEP][PASSED] - response = sendRequest(findTestObject("API/Posts/CoveringValidation/CovVal_26687", ["ChannelUniqueKeyId":unikKey])): Send request successfully

15-06-2026T14:48:48 - [MESSAGE][INFO] - HAR: C:\Users\ACER\Katalon Studio\sp3Final-master\Reports\20260615_144742\Test API Sample\testCovering\20260615_144742\requests\main\CovVal_26687_66.har

15-06-2026T14:48:48 - [MESSAGE][PASSED] - Send request successfully

15-06-2026T14:48:48 - [TEST_STEP][PASSED] - println("=============================="): null

15-06-2026T14:48:48 - [TEST_STEP][PASSED] - println("Row                : " + row): null

[...]

15-06-2026T14:49:12 - [MESSAGE][PASSED] - Send request successfully

15-06-2026T14:49:12 - [TEST_STEP][PASSED] - println("=============================="): null

15-06-2026T14:49:12 - [TEST_STEP][PASSED] - println("Row                : " + row): null

15-06-2026T14:49:12 - [TEST_STEP][PASSED] - println("Channel Unique Key Id     : " + unikKey): null

15-06-2026T14:49:12 - [TEST_STEP][PASSED] - println("HTTP Status        : " + response.getStatusCode()): null

15-06-2026T14:49:12 - [TEST_STEP][PASSED] - println("Response Body      : " + response.getResponseBodyContent()): null

15-06-2026T14:49:12 - [TEST_STEP][PASSED] - markPassed("Post API FID 26687 berhasil ditambahkan dan data sesuai"): Post API FID 26687 berhasil ditambahkan dan data sesuai

15-06-2026T14:49:12 - [MESSAGE][PASSED] - Post API FID 26687 berhasil ditambahkan dan data sesuai

15-06-2026T14:49:12 - [TEST_STEP][PASSED] - unikKey = data.getValue("ChannelUniqueKeyId", row): null

15-06-2026T14:49:12 - [TEST_STEP][PASSED] - response = sendRequest(findTestObject("API/Posts/CoveringFlag/CovFlag_26687", ["ChannelUniqueKeyId":unikKey])): Send request successfully

15-06-2026T14:49:12 - [MESSAGE][INFO] - HAR: C:\Users\ACER\Katalon Studio\sp3Final-master\Reports\20260615_144742\Test API Sample\testCovering\20260615_144742\requests\main\CovFlag_26687_190.har

15-06-2026T14:49:12 - [MESSAGE][PASSED] - Send request successfully

15-06-2026T14:49:12 - [TEST_STEP][PASSED] - println("=============================="): null

15-06-2026T14:49:12 - [TEST_STEP][PASSED] - println("Row                : " + row): null

15-06-2026T14:49:12 - [TEST_STEP][PASSED] - println("Channel Unique Key Id     : " + unikKey): null

15-06-2026T14:49:12 - [TEST_STEP][PASSED] - println("HTTP Status        : " + response.getStatusCode()): null

15-06-2026T14:49:12 - [TEST_STEP][PASSED] - println("Response Body      : " + response.getResponseBodyContent()): null

15-06-2026T14:49:12 - [TEST_STEP][PASSED] - markPassed("Post API FID 26687 berhasil ditambahkan dan data sesuai"): Post API FID 26687 berhasil ditambahkan dan data sesuai

15-06-2026T14:49:12 - [MESSAGE][PASSED] - Post API FID 26687 berhasil ditambahkan dan data sesuai

15-06-2026T14:49:12 - [TEST_STEP][PASSED] - unikKey = data.getValue("ChannelUniqueKeyId", row): null

15-06-2026T14:49:12 - [TEST_STEP][PASSED] - response = sendRequest(findTestObject("API/Posts/CoveringFlag/CovFlag_26687", ["ChannelUniqueKeyId":unikKey])): Send request successfully

15-06-2026T14:49:12 - [MESSAGE][INFO] - HAR: C:\Users\ACER\Katalon Studio\sp3Final-master\Reports\20260615_144742\Test API Sample\testCovering\20260615_144742\requests\main\CovFlag_26687_191.har

15-06-2026T14:49:12 - [MESSAGE][PASSED] - Send request successfully

15-06-2026T14:49:12 - [TEST_STEP][PASSED] - println("=============================="): null

15-06-2026T14:49:12 - [TEST_STEP][PASSED] - println("Row                : " + row): null

15-06-2026T14:49:12 - [TEST_STEP][PASSED] - println("Channel Unique Key Id     : " + unikKey): null

15-06-2026T14:49:12 - [TEST_STEP][PASSED] - println("HTTP Status        : " + response.getStatusCode()): null

15-06-2026T14:49:12 - [TEST_STEP][PASSED] - println("Response Body      : " + response.getResponseBodyContent()): null

15-06-2026T14:49:12 - [TEST_STEP][PASSED] - markPassed("Post API FID 26687 berhasil ditambahkan dan data sesuai"): Post API FID 26687 berhasil ditambahkan dan data sesuai

15-06-2026T14:49:12 - [MESSAGE][PASSED] - Post API FID 26687 berhasil ditambahkan dan data sesuai

15-06-2026T14:49:12 - [TEST_STEP][PASSED] - unikKey = data.getValue("ChannelUniqueKeyId", row): null

15-06-2026T14:49:12 - [TEST_STEP][PASSED] - response = sendRequest(findTestObject("API/Posts/CoveringFlag/CovFlag_26687", ["ChannelUniqueKeyId":unikKey])): Send request successfully

15-06-2026T14:49:12 - [MESSAGE][INFO] - HAR: C:\Users\ACER\Katalon Studio\sp3Final-master\Reports\20260615_144742\Test API Sample\testCovering\20260615_144742\requests\main\CovFlag_26687_192.har

15-06-2026T14:49:12 - [MESSAGE][PASSED] - Send request successfully

15-06-2026T14:49:12 - [TEST_STEP][PASSED] - println("=============================="): null

15-06-2026T14:49:12 - [TEST_STEP][PASSED] - println("Row                : " + row): null

15-06-2026T14:49:12 - [TEST_STEP][PASSED] - println("Channel Unique Key Id     : " + unikKey): null

15-06-2026T14:49:12 - [TEST_STEP][PASSED] - println("HTTP Status        : " + response.getStatusCode()): null

15-06-2026T14:49:12 - [TEST_STEP][PASSED] - println("Response Body      : " + response.getResponseBodyContent()): null

15-06-2026T14:49:12 - [TEST_STEP][PASSED] - markPassed("Post API FID 26687 berhasil ditambahkan dan data sesuai"): Post API FID 26687 berhasil ditambahkan dan data sesuai

15-06-2026T14:49:12 - [MESSAGE][PASSED] - Post API FID 26687 berhasil ditambahkan dan data sesuai

15-06-2026T14:49:12 - [TEST_STEP][PASSED] - unikKey = data.getValue("ChannelUniqueKeyId", row): null

15-06-2026T14:49:12 - [TEST_STEP][PASSED] - response = sendRequest(findTestObject("API/Posts/CoveringFlag/CovFlag_26687", ["ChannelUniqueKeyId":unikKey])): Send request successfully

15-06-2026T14:49:12 - [MESSAGE][INFO] - HAR: C:\Users\ACER\Katalon Studio\sp3Final-master\Reports\20260615_144742\Test API Sample\testCovering\20260615_144742\requests\main\CovFlag_26687_193.har

15-06-2026T14:49:12 - [MESSAGE][PASSED] - Send request successfully

15-06-2026T14:49:12 - [TEST_STEP][PASSED] - println("=============================="): null

15-06-2026T14:49:12 - [TEST_STEP][PASSED] - println("Row                : " + row): null

15-06-2026T14:49:12 - [TEST_STEP][PASSED] - println("Channel Unique Key Id     : " + unikKey): null

15-06-2026T14:49:12 - [TEST_STEP][PASSED] - println("HTTP Status        : " + response.getStatusCode()): null

15-06-2026T14:49:12 - [TEST_STEP][PASSED] - println("Response Body      : " + response.getResponseBodyContent()): null

15-06-2026T14:49:12 - [TEST_STEP][PASSED] - markPassed("Post API FID 26687 berhasil ditambahkan dan data sesuai"): Post API FID 26687 berhasil ditambahkan dan data sesuai

15-06-2026T14:49:12 - [MESSAGE][PASSED] - Post API FID 26687 berhasil ditambahkan dan data sesuai

15-06-2026T14:49:12 - [TEST_STEP][PASSED] - unikKey = data.getValue("ChannelUniqueKeyId", row): null

15-06-2026T14:49:12 - [TEST_STEP][PASSED] - response = sendRequest(findTestObject("API/Posts/CoveringFlag/CovFlag_26687", ["ChannelUniqueKeyId":unikKey])): Send request successfully

15-06-2026T14:49:12 - [MESSAGE][INFO] - HAR: C:\Users\ACER\Katalon Studio\sp3Final-master\Reports\20260615_144742\Test API Sample\testCovering\20260615_144742\requests\main\CovFlag_26687_194.har

15-06-2026T14:49:12 - [MESSAGE][PASSED] - Send request successfully

15-06-2026T14:49:12 - [TEST_STEP][PASSED] - println("=============================="): null

15-06-2026T14:49:12 - [TEST_STEP][PASSED] - println("Row                : " + row): null

15-06-2026T14:49:12 - [TEST_STEP][PASSED] - println("Channel Unique Key Id     : " + unikKey): null

15-06-2026T14:49:12 - [TEST_STEP][PASSED] - println("HTTP Status        : " + response.getStatusCode()): null

15-06-2026T14:49:12 - [TEST_STEP][PASSED] - println("Response Body      : " + response.getResponseBodyContent()): null

15-06-2026T14:49:12 - [TEST_STEP][PASSED] - markPassed("Post API FID 26687 berhasil ditambahkan dan data sesuai"): Post API FID 26687 berhasil ditambahkan dan data sesuai

15-06-2026T14:49:12 - [MESSAGE][PASSED] - Post API FID 26687 berhasil ditambahkan dan data sesuai

15-06-2026T14:49:12 - [TEST_STEP][PASSED] - unikKey = data.getValue("ChannelUniqueKeyId", row): null

15-06-2026T14:49:12 - [TEST_STEP][PASSED] - response = sendRequest(findTestObject("API/Posts/CoveringFlag/CovFlag_26687", ["ChannelUniqueKeyId":unikKey])): Send request successfully

15-06-2026T14:49:13 - [MESSAGE][INFO] - HAR: C:\Users\ACER\Katalon Studio\sp3Final-master\Reports\20260615_144742\Test API Sample\testCovering\20260615_144742\requests\main\CovFlag_26687_195.har

15-06-2026T14:49:13 - [MESSAGE][PASSED] - Send request successfully

15-06-2026T14:49:13 - [TEST_STEP][PASSED] - println("=============================="): null

15-06-2026T14:49:13 - [TEST_STEP][PASSED] - println("Row                : " + row): null

15-06-2026T14:49:13 - [TEST_STEP][PASSED] - println("Channel Unique Key Id     : " + unikKey): null

15-06-2026T14:49:13 - [TEST_STEP][PASSED] - println("HTTP Status        : " + response.getStatusCode()): null

15-06-2026T14:49:13 - [TEST_STEP][PASSED] - println("Response Body      : " + response.getResponseBodyContent()): null

15-06-2026T14:49:13 - [TEST_STEP][PASSED] - markPassed("Post API FID 26687 berhasil ditambahkan dan data sesuai"): Post API FID 26687 berhasil ditambahkan dan data sesuai

15-06-2026T14:49:13 - [MESSAGE][PASSED] - Post API FID 26687 berhasil ditambahkan dan data sesuai

15-06-2026T14:49:13 - [TEST_STEP][PASSED] - unikKey = data.getValue("ChannelUniqueKeyId", row): null

15-06-2026T14:49:13 - [TEST_STEP][PASSED] - response = sendRequest(findTestObject("API/Posts/CoveringFlag/CovFlag_26687", ["ChannelUniqueKeyId":unikKey])): Send request successfully

15-06-2026T14:49:13 - [MESSAGE][INFO] - HAR: C:\Users\ACER\Katalon Studio\sp3Final-master\Reports\20260615_144742\Test API Sample\testCovering\20260615_144742\requests\main\CovFlag_26687_196.har

15-06-2026T14:49:13 - [MESSAGE][PASSED] - Send request successfully

15-06-2026T14:49:13 - [TEST_STEP][PASSED] - println("=============================="): null

15-06-2026T14:49:13 - [TEST_STEP][PASSED] - println("Row                : " + row): null

15-06-2026T14:49:13 - [TEST_STEP][PASSED] - println("Channel Unique Key Id     : " + unikKey): null

15-06-2026T14:49:13 - [TEST_STEP][PASSED] - println("HTTP Status        : " + response.getStatusCode()): null

15-06-2026T14:49:13 - [TEST_STEP][PASSED] - println("Response Body      : " + response.getResponseBodyContent()): null

15-06-2026T14:49:13 - [TEST_STEP][PASSED] - markPassed("Post API FID 26687 berhasil ditambahkan dan data sesuai"): Post API FID 26687 berhasil ditambahkan dan data sesuai

15-06-2026T14:49:13 - [MESSAGE][PASSED] - Post API FID 26687 berhasil ditambahkan dan data sesuai

15-06-2026T14:49:13 - [TEST_STEP][PASSED] - unikKey = data.getValue("ChannelUniqueKeyId", row): null

15-06-2026T14:49:13 - [TEST_STEP][PASSED] - response = sendRequest(findTestObject("API/Posts/CoveringFlag/CovFlag_26687", ["ChannelUniqueKeyId":unikKey])): Send request successfully

15-06-2026T14:49:13 - [MESSAGE][INFO] - HAR: C:\Users\ACER\Katalon Studio\sp3Final-master\Reports\20260615_144742\Test API Sample\testCovering\20260615_144742\requests\main\CovFlag_26687_197.har

15-06-2026T14:49:13 - [MESSAGE][PASSED] - Send request successfully

15-06-2026T14:49:13 - [TEST_STEP][PASSED] - println("=============================="): null

15-06-2026T14:49:13 - [TEST_STEP][PASSED] - println("Row                : " + row): null

15-06-2026T14:49:13 - [TEST_STEP][PASSED] - println("Channel Unique Key Id     : " + unikKey): null

15-06-2026T14:49:13 - [TEST_STEP][PASSED] - println("HTTP Status        : " + response.getStatusCode()): null

15-06-2026T14:49:13 - [TEST_STEP][PASSED] - println("Response Body      : " + response.getResponseBodyContent()): null

15-06-2026T14:49:13 - [TEST_STEP][PASSED] - markPassed("Post API FID 26687 berhasil ditambahkan dan data sesuai"): Post API FID 26687 berhasil ditambahkan dan data sesuai

15-06-2026T14:49:13 - [MESSAGE][PASSED] - Post API FID 26687 berhasil ditambahkan dan data sesuai

15-06-2026T14:49:13 - [TEST_STEP][PASSED] - unikKey = data.getValue("ChannelUniqueKeyId", row): null

15-06-2026T14:49:13 - [TEST_STEP][PASSED] - response = sendRequest(findTestObject("API/Posts/CoveringFlag/CovFlag_26687", ["ChannelUniqueKeyId":unikKey])): Send request successfully

15-06-2026T14:49:13 - [MESSAGE][INFO] - HAR: C:\Users\ACER\Katalon Studio\sp3Final-master\Reports\20260615_144742\Test API Sample\testCovering\20260615_144742\requests\main\CovFlag_26687_198.har

15-06-2026T14:49:13 - [MESSAGE][PASSED] - Send request successfully

15-06-2026T14:49:13 - [TEST_STEP][PASSED] - println("=============================="): null

15-06-2026T14:49:13 - [TEST_STEP][PASSED] - println("Row                : " + row): null

15-06-2026T14:49:13 - [TEST_STEP][PASSED] - println("Channel Unique Key Id     : " + unikKey): null

15-06-2026T14:49:13 - [TEST_STEP][PASSED] - println("HTTP Status        : " + response.getStatusCode()): null

15-06-2026T14:49:13 - [TEST_STEP][PASSED] - println("Response Body      : " + response.getResponseBodyContent()): null

15-06-2026T14:49:13 - [TEST_STEP][PASSED] - markPassed("Post API FID 26687 berhasil ditambahkan dan data sesuai"): Post API FID 26687 berhasil ditambahkan dan data sesuai

15-06-2026T14:49:13 - [MESSAGE][PASSED] - Post API FID 26687 berhasil ditambahkan dan data sesuai

15-06-2026T14:49:13 - [TEST_STEP][PASSED] - unikKey = data.getValue("ChannelUniqueKeyId", row): null

15-06-2026T14:49:13 - [TEST_STEP][PASSED] - response = sendRequest(findTestObject("API/Posts/CoveringFlag/CovFlag_26687", ["ChannelUniqueKeyId":unikKey])): Send request successfully

15-06-2026T14:49:13 - [MESSAGE][INFO] - HAR: C:\Users\ACER\Katalon Studio\sp3Final-master\Reports\20260615_144742\Test API Sample\testCovering\20260615_144742\requests\main\CovFlag_26687_199.har

15-06-2026T14:49:13 - [MESSAGE][PASSED] - Send request successfully

15-06-2026T14:49:13 - [TEST_STEP][PASSED] - println("=============================="): null

15-06-2026T14:49:13 - [TEST_STEP][PASSED] - println("Row                : " + row): null

15-06-2026T14:49:13 - [TEST_STEP][PASSED] - println("Channel Unique Key Id     : " + unikKey): null

15-06-2026T14:49:13 - [TEST_STEP][PASSED] - println("HTTP Status        : " + response.getStatusCode()): null

15-06-2026T14:49:13 - [TEST_STEP][PASSED] - println("Response Body      : " + response.getResponseBodyContent()): null

15-06-2026T14:49:13 - [TEST_STEP][PASSED] - markPassed("Post API FID 26687 berhasil ditambahkan dan data sesuai"): Post API FID 26687 berhasil ditambahkan dan data sesuai

15-06-2026T14:49:13 - [MESSAGE][PASSED] - Post API FID 26687 berhasil ditambahkan dan data sesuai

15-06-2026T14:49:13 - [TEST_STEP][PASSED] - unikKey = data.getValue("ChannelUniqueKeyId", row): null

15-06-2026T14:49:13 - [TEST_STEP][PASSED] - response = sendRequest(findTestObject("API/Posts/CoveringFlag/CovFlag_26687", ["ChannelUniqueKeyId":unikKey])): Send request successfully

15-06-2026T14:49:13 - [MESSAGE][INFO] - HAR: C:\Users\ACER\Katalon Studio\sp3Final-master\Reports\20260615_144742\Test API Sample\testCovering\20260615_144742\requests\main\CovFlag_26687_200.har

15-06-2026T14:49:13 - [MESSAGE][PASSED] - Send request successfully

15-06-2026T14:49:13 - [TEST_STEP][PASSED] - println("=============================="): null

15-06-2026T14:49:13 - [TEST_STEP][PASSED] - println("Row                : " + row): null

15-06-2026T14:49:13 - [TEST_STEP][PASSED] - println("Channel Unique Key Id     : " + unikKey): null

15-06-2026T14:49:13 - [TEST_STEP][PASSED] - println("HTTP Status        : " + response.getStatusCode()): null

15-06-2026T14:49:13 - [TEST_STEP][PASSED] - println("Response Body      : " + response.getResponseBodyContent()): null

15-06-2026T14:49:13 - [TEST_STEP][PASSED] - markPassed("Post API FID 26687 berhasil ditambahkan dan data sesuai"): Post API FID 26687 berhasil ditambahkan dan data sesuai

15-06-2026T14:49:13 - [MESSAGE][PASSED] - Post API FID 26687 berhasil ditambahkan dan data sesuai

15-06-2026T14:49:13 - [TEST_STEP][PASSED] - unikKey = data.getValue("ChannelUniqueKeyId", row): null

15-06-2026T14:49:13 - [TEST_STEP][PASSED] - response = sendRequest(findTestObject("API/Posts/CoveringFlag/CovFlag_26687", ["ChannelUniqueKeyId":unikKey])): Send request successfully

15-06-2026T14:49:13 - [MESSAGE][INFO] - HAR: C:\Users\ACER\Katalon Studio\sp3Final-master\Reports\20260615_144742\Test API Sample\testCovering\20260615_144742\requests\main\CovFlag_26687_201.har

15-06-2026T14:49:13 - [MESSAGE][PASSED] - Send request successfully

15-06-2026T14:49:13 - [TEST_STEP][PASSED] - println("=============================="): null

15-06-2026T14:49:13 - [TEST_STEP][PASSED] - println("Row                : " + row): null

15-06-2026T14:49:13 - [TEST_STEP][PASSED] - println("Channel Unique Key Id     : " + unikKey): null

15-06-2026T14:49:13 - [TEST_STEP][PASSED] - println("HTTP Status        : " + response.getStatusCode()): null

15-06-2026T14:49:13 - [TEST_STEP][PASSED] - println("Response Body      : " + response.getResponseBodyContent()): null

15-06-2026T14:49:13 - [TEST_STEP][PASSED] - markPassed("Post API FID 26687 berhasil ditambahkan dan data sesuai"): Post API FID 26687 berhasil ditambahkan dan data sesuai

15-06-2026T14:49:13 - [MESSAGE][PASSED] - Post API FID 26687 berhasil ditambahkan dan data sesuai

15-06-2026T14:49:13 - [TEST_STEP][PASSED] - unikKey = data.getValue("ChannelUniqueKeyId", row): null

15-06-2026T14:49:13 - [TEST_STEP][PASSED] - response = sendRequest(findTestObject("API/Posts/CoveringFlag/CovFlag_26687", ["ChannelUniqueKeyId":unikKey])): Send request successfully

15-06-2026T14:49:13 - [MESSAGE][INFO] - HAR: C:\Users\ACER\Katalon Studio\sp3Final-master\Reports\20260615_144742\Test API Sample\testCovering\20260615_144742\requests\main\CovFlag_26687_202.har

15-06-2026T14:49:13 - [MESSAGE][PASSED] - Send request successfully

15-06-2026T14:49:13 - [TEST_STEP][PASSED] - println("=============================="): null

15-06-2026T14:49:13 - [TEST_STEP][PASSED] - println("Row                : " + row): null

15-06-2026T14:49:13 - [TEST_STEP][PASSED] - println("Channel Unique Key Id     : " + unikKey): null

15-06-2026T14:49:13 - [TEST_STEP][PASSED] - println("HTTP Status        : " + response.getStatusCode()): null

15-06-2026T14:49:13 - [TEST_STEP][PASSED] - println("Response Body      : " + response.getResponseBodyContent()): null

15-06-2026T14:49:13 - [TEST_STEP][PASSED] - markPassed("Post API FID 26687 berhasil ditambahkan dan data sesuai"): Post API FID 26687 berhasil ditambahkan dan data sesuai

15-06-2026T14:49:13 - [MESSAGE][PASSED] - Post API FID 26687 berhasil ditambahkan dan data sesuai

15-06-2026T14:49:13 - [TEST_STEP][PASSED] - unikKey = data.getValue("ChannelUniqueKeyId", row): null

15-06-2026T14:49:13 - [TEST_STEP][PASSED] - response = sendRequest(findTestObject("API/Posts/CoveringFlag/CovFlag_26687", ["ChannelUniqueKeyId":unikKey])): Send request successfully

15-06-2026T14:49:14 - [MESSAGE][INFO] - HAR: C:\Users\ACER\Katalon Studio\sp3Final-master\Reports\20260615_144742\Test API Sample\testCovering\20260615_144742\requests\main\CovFlag_26687_203.har

15-06-2026T14:49:14 - [MESSAGE][PASSED] - Send request successfully

15-06-2026T14:49:14 - [TEST_STEP][PASSED] - println("=============================="): null

15-06-2026T14:49:14 - [TEST_STEP][PASSED] - println("Row                : " + row): null

15-06-2026T14:49:14 - [TEST_STEP][PASSED] - println("Channel Unique Key Id     : " + unikKey): null

15-06-2026T14:49:14 - [TEST_STEP][PASSED] - println("HTTP Status        : " + response.getStatusCode()): null

15-06-2026T14:49:14 - [TEST_STEP][PASSED] - println("Response Body      : " + response.getResponseBodyContent()): null

15-06-2026T14:49:14 - [TEST_STEP][PASSED] - markPassed("Post API FID 26687 berhasil ditambahkan dan data sesuai"): Post API FID 26687 berhasil ditambahkan dan data sesuai

15-06-2026T14:49:14 - [MESSAGE][PASSED] - Post API FID 26687 berhasil ditambahkan dan data sesuai]]></system-out>
         <system-err><![CDATA[]]></system-err>
      </testcase>
      <system-out><![CDATA[15-06-2026T14:48:05 - [TEST_SUITE][PASSED] - testCovering: null]]></system-out>
      <system-err><![CDATA[]]></system-err>
   </testsuite>
</testsuites>
